running egg_info
creating ../../build/BasestationV3/BasestationV3.egg-info
writing ../../build/BasestationV3/BasestationV3.egg-info/PKG-INFO
writing dependency_links to ../../build/BasestationV3/BasestationV3.egg-info/dependency_links.txt
writing entry points to ../../build/BasestationV3/BasestationV3.egg-info/entry_points.txt
writing requirements to ../../build/BasestationV3/BasestationV3.egg-info/requires.txt
writing top-level names to ../../build/BasestationV3/BasestationV3.egg-info/top_level.txt
writing manifest file '../../build/BasestationV3/BasestationV3.egg-info/SOURCES.txt'
reading manifest file '../../build/BasestationV3/BasestationV3.egg-info/SOURCES.txt'
writing manifest file '../../build/BasestationV3/BasestationV3.egg-info/SOURCES.txt'
running build
running build_py
creating /home/coreblimp1/GitHub/Basestation/V3_ws/build/BasestationV3/build
creating /home/coreblimp1/GitHub/Basestation/V3_ws/build/BasestationV3/build/lib
creating /home/coreblimp1/GitHub/Basestation/V3_ws/build/BasestationV3/build/lib/BasestationV3
copying BasestationV3/__init__.py -> /home/coreblimp1/GitHub/Basestation/V3_ws/build/BasestationV3/build/lib/BasestationV3
copying BasestationV3/HelloWorld.py -> /home/coreblimp1/GitHub/Basestation/V3_ws/build/BasestationV3/build/lib/BasestationV3
running install
running install_lib
creating /home/coreblimp1/GitHub/Basestation/V3_ws/install/BasestationV3/lib/python3.8/site-packages/BasestationV3
copying /home/coreblimp1/GitHub/Basestation/V3_ws/build/BasestationV3/build/lib/BasestationV3/__init__.py -> /home/coreblimp1/GitHub/Basestation/V3_ws/install/BasestationV3/lib/python3.8/site-packages/BasestationV3
copying /home/coreblimp1/GitHub/Basestation/V3_ws/build/BasestationV3/build/lib/BasestationV3/HelloWorld.py -> /home/coreblimp1/GitHub/Basestation/V3_ws/install/BasestationV3/lib/python3.8/site-packages/BasestationV3
byte-compiling /home/coreblimp1/GitHub/Basestation/V3_ws/install/BasestationV3/lib/python3.8/site-packages/BasestationV3/__init__.py to __init__.cpython-38.pyc
byte-compiling /home/coreblimp1/GitHub/Basestation/V3_ws/install/BasestationV3/lib/python3.8/site-packages/BasestationV3/HelloWorld.py to HelloWorld.cpython-38.pyc
running install_data
creating /home/coreblimp1/GitHub/Basestation/V3_ws/install/BasestationV3/share/ament_index
creating /home/coreblimp1/GitHub/Basestation/V3_ws/install/BasestationV3/share/ament_index/resource_index
creating /home/coreblimp1/GitHub/Basestation/V3_ws/install/BasestationV3/share/ament_index/resource_index/packages
copying resource/BasestationV3 -> /home/coreblimp1/GitHub/Basestation/V3_ws/install/BasestationV3/share/ament_index/resource_index/packages
copying package.xml -> /home/coreblimp1/GitHub/Basestation/V3_ws/install/BasestationV3/share/BasestationV3
running install_egg_info
Copying ../../build/BasestationV3/BasestationV3.egg-info to /home/coreblimp1/GitHub/Basestation/V3_ws/install/BasestationV3/lib/python3.8/site-packages/BasestationV3-0.0.0-py3.8.egg-info
running install_scripts
Installing HelloWorld script to /home/coreblimp1/GitHub/Basestation/V3_ws/install/BasestationV3/lib/BasestationV3
writing list of installed files to '/home/coreblimp1/GitHub/Basestation/V3_ws/build/BasestationV3/install.log'
