[0.219s] DEBUG:colcon:Command line arguments: ['/usr/bin/colcon', 'build']
[0.219s] DEBUG:colcon:Parsed command line arguments: Namespace(allow_overriding=[], ament_cmake_args=None, base_paths=['.'], build_base='build', catkin_cmake_args=None, catkin_skip_building_tests=False, cmake_args=None, cmake_clean_cache=False, cmake_clean_first=False, cmake_force_configure=False, cmake_target=None, cmake_target_skip_unavailable=False, continue_on_error=False, event_handlers=None, executor='parallel', ignore_user_meta=False, install_base='install', log_base=None, log_level=None, main=<bound method BuildVerb.main of <colcon_core.verb.build.BuildVerb object at 0x7fea56d1a460>>, merge_install=False, metas=['./colcon.meta'], packages_above=None, packages_above_and_dependencies=None, packages_above_depth=None, packages_end=None, packages_ignore=None, packages_ignore_regex=None, packages_select=None, packages_select_build_failed=False, packages_select_by_dep=None, packages_select_regex=None, packages_select_test_failures=False, packages_skip=None, packages_skip_build_finished=False, packages_skip_by_dep=None, packages_skip_regex=None, packages_skip_test_passed=False, packages_skip_up_to=None, packages_start=None, packages_up_to=None, packages_up_to_regex=None, parallel_workers=8, paths=None, symlink_install=False, test_result_base=None, verb_extension=<colcon_core.verb.build.BuildVerb object at 0x7fea56d1a460>, verb_name='build', verb_parser=<colcon_defaults.argument_parser.defaults.DefaultArgumentsDecorator object at 0x7fea56d1a9a0>)
[0.241s] Level 1:colcon.colcon_core.package_discovery:discover_packages(colcon_meta) check parameters
[0.241s] Level 1:colcon.colcon_core.package_discovery:discover_packages(recursive) check parameters
[0.241s] Level 1:colcon.colcon_core.package_discovery:discover_packages(ignore) check parameters
[0.241s] Level 1:colcon.colcon_core.package_discovery:discover_packages(path) check parameters
[0.241s] Level 1:colcon.colcon_core.package_discovery:discover_packages(colcon_meta) discover
[0.241s] Level 1:colcon.colcon_core.package_discovery:discover_packages(recursive) discover
[0.241s] INFO:colcon.colcon_core.package_discovery:Crawling recursively for packages in '/home/coreblimp1/GitHub/Basestation/V3_ws'
[0.241s] Level 1:colcon.colcon_core.package_identification:_identify(.) by extensions ['ignore', 'ignore_ament_install']
[0.241s] Level 1:colcon.colcon_core.package_identification:_identify(.) by extension 'ignore'
[0.241s] Level 1:colcon.colcon_core.package_identification:_identify(.) by extension 'ignore_ament_install'
[0.241s] Level 1:colcon.colcon_core.package_identification:_identify(.) by extensions ['colcon_pkg']
[0.241s] Level 1:colcon.colcon_core.package_identification:_identify(.) by extension 'colcon_pkg'
[0.241s] Level 1:colcon.colcon_core.package_identification:_identify(.) by extensions ['colcon_meta']
[0.241s] Level 1:colcon.colcon_core.package_identification:_identify(.) by extension 'colcon_meta'
[0.241s] Level 1:colcon.colcon_core.package_identification:_identify(.) by extensions ['ros']
[0.241s] Level 1:colcon.colcon_core.package_identification:_identify(.) by extension 'ros'
[0.255s] Level 1:colcon.colcon_core.package_identification:_identify(.) by extensions ['cmake', 'python']
[0.255s] Level 1:colcon.colcon_core.package_identification:_identify(.) by extension 'cmake'
[0.255s] Level 1:colcon.colcon_core.package_identification:_identify(.) by extension 'python'
[0.255s] Level 1:colcon.colcon_core.package_identification:_identify(.) by extensions ['python_setup_py']
[0.255s] Level 1:colcon.colcon_core.package_identification:_identify(.) by extension 'python_setup_py'
[0.255s] Level 1:colcon.colcon_core.package_identification:_identify(build) by extensions ['ignore', 'ignore_ament_install']
[0.255s] Level 1:colcon.colcon_core.package_identification:_identify(build) by extension 'ignore'
[0.255s] Level 1:colcon.colcon_core.package_identification:_identify(build) ignored
[0.255s] Level 1:colcon.colcon_core.package_identification:_identify(install) by extensions ['ignore', 'ignore_ament_install']
[0.255s] Level 1:colcon.colcon_core.package_identification:_identify(install) by extension 'ignore'
[0.255s] Level 1:colcon.colcon_core.package_identification:_identify(install) ignored
[0.255s] Level 1:colcon.colcon_core.package_identification:_identify(launch) by extensions ['ignore', 'ignore_ament_install']
[0.255s] Level 1:colcon.colcon_core.package_identification:_identify(launch) by extension 'ignore'
[0.255s] Level 1:colcon.colcon_core.package_identification:_identify(launch) by extension 'ignore_ament_install'
[0.255s] Level 1:colcon.colcon_core.package_identification:_identify(launch) by extensions ['colcon_pkg']
[0.255s] Level 1:colcon.colcon_core.package_identification:_identify(launch) by extension 'colcon_pkg'
[0.255s] Level 1:colcon.colcon_core.package_identification:_identify(launch) by extensions ['colcon_meta']
[0.255s] Level 1:colcon.colcon_core.package_identification:_identify(launch) by extension 'colcon_meta'
[0.255s] Level 1:colcon.colcon_core.package_identification:_identify(launch) by extensions ['ros']
[0.255s] Level 1:colcon.colcon_core.package_identification:_identify(launch) by extension 'ros'
[0.255s] Level 1:colcon.colcon_core.package_identification:_identify(launch) by extensions ['cmake', 'python']
[0.256s] Level 1:colcon.colcon_core.package_identification:_identify(launch) by extension 'cmake'
[0.256s] Level 1:colcon.colcon_core.package_identification:_identify(launch) by extension 'python'
[0.256s] Level 1:colcon.colcon_core.package_identification:_identify(launch) by extensions ['python_setup_py']
[0.256s] Level 1:colcon.colcon_core.package_identification:_identify(launch) by extension 'python_setup_py'
[0.256s] Level 1:colcon.colcon_core.package_identification:_identify(launch/__pycache__) by extensions ['ignore', 'ignore_ament_install']
[0.256s] Level 1:colcon.colcon_core.package_identification:_identify(launch/__pycache__) by extension 'ignore'
[0.256s] Level 1:colcon.colcon_core.package_identification:_identify(launch/__pycache__) by extension 'ignore_ament_install'
[0.256s] Level 1:colcon.colcon_core.package_identification:_identify(launch/__pycache__) by extensions ['colcon_pkg']
[0.256s] Level 1:colcon.colcon_core.package_identification:_identify(launch/__pycache__) by extension 'colcon_pkg'
[0.256s] Level 1:colcon.colcon_core.package_identification:_identify(launch/__pycache__) by extensions ['colcon_meta']
[0.256s] Level 1:colcon.colcon_core.package_identification:_identify(launch/__pycache__) by extension 'colcon_meta'
[0.256s] Level 1:colcon.colcon_core.package_identification:_identify(launch/__pycache__) by extensions ['ros']
[0.256s] Level 1:colcon.colcon_core.package_identification:_identify(launch/__pycache__) by extension 'ros'
[0.256s] Level 1:colcon.colcon_core.package_identification:_identify(launch/__pycache__) by extensions ['cmake', 'python']
[0.256s] Level 1:colcon.colcon_core.package_identification:_identify(launch/__pycache__) by extension 'cmake'
[0.256s] Level 1:colcon.colcon_core.package_identification:_identify(launch/__pycache__) by extension 'python'
[0.256s] Level 1:colcon.colcon_core.package_identification:_identify(launch/__pycache__) by extensions ['python_setup_py']
[0.256s] Level 1:colcon.colcon_core.package_identification:_identify(launch/__pycache__) by extension 'python_setup_py'
[0.256s] Level 1:colcon.colcon_core.package_identification:_identify(launch/build) by extensions ['ignore', 'ignore_ament_install']
[0.256s] Level 1:colcon.colcon_core.package_identification:_identify(launch/build) by extension 'ignore'
[0.256s] Level 1:colcon.colcon_core.package_identification:_identify(launch/build) ignored
[0.256s] Level 1:colcon.colcon_core.package_identification:_identify(launch/install) by extensions ['ignore', 'ignore_ament_install']
[0.256s] Level 1:colcon.colcon_core.package_identification:_identify(launch/install) by extension 'ignore'
[0.256s] Level 1:colcon.colcon_core.package_identification:_identify(launch/install) ignored
[0.256s] Level 1:colcon.colcon_core.package_identification:_identify(launch/log) by extensions ['ignore', 'ignore_ament_install']
[0.256s] Level 1:colcon.colcon_core.package_identification:_identify(launch/log) by extension 'ignore'
[0.256s] Level 1:colcon.colcon_core.package_identification:_identify(launch/log) ignored
[0.256s] Level 1:colcon.colcon_core.package_identification:_identify(log) by extensions ['ignore', 'ignore_ament_install']
[0.256s] Level 1:colcon.colcon_core.package_identification:_identify(log) by extension 'ignore'
[0.257s] Level 1:colcon.colcon_core.package_identification:_identify(log) ignored
[0.257s] Level 1:colcon.colcon_core.package_identification:_identify(src) by extensions ['ignore', 'ignore_ament_install']
[0.257s] Level 1:colcon.colcon_core.package_identification:_identify(src) by extension 'ignore'
[0.257s] Level 1:colcon.colcon_core.package_identification:_identify(src) by extension 'ignore_ament_install'
[0.257s] Level 1:colcon.colcon_core.package_identification:_identify(src) by extensions ['colcon_pkg']
[0.257s] Level 1:colcon.colcon_core.package_identification:_identify(src) by extension 'colcon_pkg'
[0.257s] Level 1:colcon.colcon_core.package_identification:_identify(src) by extensions ['colcon_meta']
[0.257s] Level 1:colcon.colcon_core.package_identification:_identify(src) by extension 'colcon_meta'
[0.257s] Level 1:colcon.colcon_core.package_identification:_identify(src) by extensions ['ros']
[0.257s] Level 1:colcon.colcon_core.package_identification:_identify(src) by extension 'ros'
[0.257s] Level 1:colcon.colcon_core.package_identification:_identify(src) by extensions ['cmake', 'python']
[0.257s] Level 1:colcon.colcon_core.package_identification:_identify(src) by extension 'cmake'
[0.257s] Level 1:colcon.colcon_core.package_identification:_identify(src) by extension 'python'
[0.257s] Level 1:colcon.colcon_core.package_identification:_identify(src) by extensions ['python_setup_py']
[0.257s] Level 1:colcon.colcon_core.package_identification:_identify(src) by extension 'python_setup_py'
[0.257s] Level 1:colcon.colcon_core.package_identification:_identify(src/BasestationV3) by extensions ['ignore', 'ignore_ament_install']
[0.257s] Level 1:colcon.colcon_core.package_identification:_identify(src/BasestationV3) by extension 'ignore'
[0.257s] Level 1:colcon.colcon_core.package_identification:_identify(src/BasestationV3) by extension 'ignore_ament_install'
[0.257s] Level 1:colcon.colcon_core.package_identification:_identify(src/BasestationV3) by extensions ['colcon_pkg']
[0.257s] Level 1:colcon.colcon_core.package_identification:_identify(src/BasestationV3) by extension 'colcon_pkg'
[0.257s] Level 1:colcon.colcon_core.package_identification:_identify(src/BasestationV3) by extensions ['colcon_meta']
[0.257s] Level 1:colcon.colcon_core.package_identification:_identify(src/BasestationV3) by extension 'colcon_meta'
[0.257s] Level 1:colcon.colcon_core.package_identification:_identify(src/BasestationV3) by extensions ['ros']
[0.257s] Level 1:colcon.colcon_core.package_identification:_identify(src/BasestationV3) by extension 'ros'
[0.259s] DEBUG:colcon.colcon_core.package_identification:Package 'src/BasestationV3' with type 'ros.ament_python' and name 'BasestationV3'
[0.259s] Level 1:colcon.colcon_core.package_identification:_identify(src/Blimp) by extensions ['ignore', 'ignore_ament_install']
[0.259s] Level 1:colcon.colcon_core.package_identification:_identify(src/Blimp) by extension 'ignore'
[0.259s] Level 1:colcon.colcon_core.package_identification:_identify(src/Blimp) by extension 'ignore_ament_install'
[0.259s] Level 1:colcon.colcon_core.package_identification:_identify(src/Blimp) by extensions ['colcon_pkg']
[0.259s] Level 1:colcon.colcon_core.package_identification:_identify(src/Blimp) by extension 'colcon_pkg'
[0.259s] Level 1:colcon.colcon_core.package_identification:_identify(src/Blimp) by extensions ['colcon_meta']
[0.259s] Level 1:colcon.colcon_core.package_identification:_identify(src/Blimp) by extension 'colcon_meta'
[0.259s] Level 1:colcon.colcon_core.package_identification:_identify(src/Blimp) by extensions ['ros']
[0.259s] Level 1:colcon.colcon_core.package_identification:_identify(src/Blimp) by extension 'ros'
[0.259s] DEBUG:colcon.colcon_core.package_identification:Package 'src/Blimp' with type 'ros.ament_python' and name 'Blimp'
[0.259s] Level 1:colcon.colcon_core.package_identification:_identify(src/TestingPkg) by extensions ['ignore', 'ignore_ament_install']
[0.259s] Level 1:colcon.colcon_core.package_identification:_identify(src/TestingPkg) by extension 'ignore'
[0.259s] Level 1:colcon.colcon_core.package_identification:_identify(src/TestingPkg) by extension 'ignore_ament_install'
[0.259s] Level 1:colcon.colcon_core.package_identification:_identify(src/TestingPkg) by extensions ['colcon_pkg']
[0.259s] Level 1:colcon.colcon_core.package_identification:_identify(src/TestingPkg) by extension 'colcon_pkg'
[0.260s] Level 1:colcon.colcon_core.package_identification:_identify(src/TestingPkg) by extensions ['colcon_meta']
[0.260s] Level 1:colcon.colcon_core.package_identification:_identify(src/TestingPkg) by extension 'colcon_meta'
[0.260s] Level 1:colcon.colcon_core.package_identification:_identify(src/TestingPkg) by extensions ['ros']
[0.260s] Level 1:colcon.colcon_core.package_identification:_identify(src/TestingPkg) by extension 'ros'
[0.260s] DEBUG:colcon.colcon_core.package_identification:Package 'src/TestingPkg' with type 'ros.ament_python' and name 'TestingPkg'
[0.260s] Level 1:colcon.colcon_core.package_discovery:discover_packages(recursive) using defaults
[0.260s] Level 1:colcon.colcon_core.package_discovery:discover_packages(ignore) discover
[0.260s] Level 1:colcon.colcon_core.package_discovery:discover_packages(ignore) using defaults
[0.260s] Level 1:colcon.colcon_core.package_discovery:discover_packages(path) discover
[0.260s] Level 1:colcon.colcon_core.package_discovery:discover_packages(path) using defaults
[0.273s] Level 1:colcon.colcon_core.package_discovery:discover_packages(prefix_path) check parameters
[0.273s] Level 1:colcon.colcon_core.package_discovery:discover_packages(prefix_path) discover
[0.275s] DEBUG:colcon.colcon_installed_package_information.package_discovery:Found 4 installed packages in /home/coreblimp1/GitHub/Basestation/V3_ws/install
[0.276s] DEBUG:colcon.colcon_installed_package_information.package_discovery:Found 256 installed packages in /opt/ros/foxy
[0.277s] Level 1:colcon.colcon_core.package_discovery:discover_packages(prefix_path) using defaults
[0.315s] Level 5:colcon.colcon_core.verb:set package 'BasestationV3' build argument 'cmake_args' from command line to 'None'
[0.315s] Level 5:colcon.colcon_core.verb:set package 'BasestationV3' build argument 'cmake_target' from command line to 'None'
[0.315s] Level 5:colcon.colcon_core.verb:set package 'BasestationV3' build argument 'cmake_target_skip_unavailable' from command line to 'False'
[0.315s] Level 5:colcon.colcon_core.verb:set package 'BasestationV3' build argument 'cmake_clean_cache' from command line to 'False'
[0.315s] Level 5:colcon.colcon_core.verb:set package 'BasestationV3' build argument 'cmake_clean_first' from command line to 'False'
[0.315s] Level 5:colcon.colcon_core.verb:set package 'BasestationV3' build argument 'cmake_force_configure' from command line to 'False'
[0.315s] Level 5:colcon.colcon_core.verb:set package 'BasestationV3' build argument 'ament_cmake_args' from command line to 'None'
[0.315s] Level 5:colcon.colcon_core.verb:set package 'BasestationV3' build argument 'catkin_cmake_args' from command line to 'None'
[0.315s] Level 5:colcon.colcon_core.verb:set package 'BasestationV3' build argument 'catkin_skip_building_tests' from command line to 'False'
[0.315s] DEBUG:colcon.colcon_core.verb:Building package 'BasestationV3' with the following arguments: {'ament_cmake_args': None, 'build_base': '/home/coreblimp1/GitHub/Basestation/V3_ws/build/BasestationV3', 'catkin_cmake_args': None, 'catkin_skip_building_tests': False, 'cmake_args': None, 'cmake_clean_cache': False, 'cmake_clean_first': False, 'cmake_force_configure': False, 'cmake_target': None, 'cmake_target_skip_unavailable': False, 'install_base': '/home/coreblimp1/GitHub/Basestation/V3_ws/install/BasestationV3', 'merge_install': False, 'path': '/home/coreblimp1/GitHub/Basestation/V3_ws/src/BasestationV3', 'symlink_install': False, 'test_result_base': None}
[0.316s] Level 5:colcon.colcon_core.verb:set package 'Blimp' build argument 'cmake_args' from command line to 'None'
[0.316s] Level 5:colcon.colcon_core.verb:set package 'Blimp' build argument 'cmake_target' from command line to 'None'
[0.316s] Level 5:colcon.colcon_core.verb:set package 'Blimp' build argument 'cmake_target_skip_unavailable' from command line to 'False'
[0.316s] Level 5:colcon.colcon_core.verb:set package 'Blimp' build argument 'cmake_clean_cache' from command line to 'False'
[0.316s] Level 5:colcon.colcon_core.verb:set package 'Blimp' build argument 'cmake_clean_first' from command line to 'False'
[0.316s] Level 5:colcon.colcon_core.verb:set package 'Blimp' build argument 'cmake_force_configure' from command line to 'False'
[0.316s] Level 5:colcon.colcon_core.verb:set package 'Blimp' build argument 'ament_cmake_args' from command line to 'None'
[0.316s] Level 5:colcon.colcon_core.verb:set package 'Blimp' build argument 'catkin_cmake_args' from command line to 'None'
[0.316s] Level 5:colcon.colcon_core.verb:set package 'Blimp' build argument 'catkin_skip_building_tests' from command line to 'False'
[0.316s] DEBUG:colcon.colcon_core.verb:Building package 'Blimp' with the following arguments: {'ament_cmake_args': None, 'build_base': '/home/coreblimp1/GitHub/Basestation/V3_ws/build/Blimp', 'catkin_cmake_args': None, 'catkin_skip_building_tests': False, 'cmake_args': None, 'cmake_clean_cache': False, 'cmake_clean_first': False, 'cmake_force_configure': False, 'cmake_target': None, 'cmake_target_skip_unavailable': False, 'install_base': '/home/coreblimp1/GitHub/Basestation/V3_ws/install/Blimp', 'merge_install': False, 'path': '/home/coreblimp1/GitHub/Basestation/V3_ws/src/Blimp', 'symlink_install': False, 'test_result_base': None}
[0.317s] Level 5:colcon.colcon_core.verb:set package 'TestingPkg' build argument 'cmake_args' from command line to 'None'
[0.317s] Level 5:colcon.colcon_core.verb:set package 'TestingPkg' build argument 'cmake_target' from command line to 'None'
[0.317s] Level 5:colcon.colcon_core.verb:set package 'TestingPkg' build argument 'cmake_target_skip_unavailable' from command line to 'False'
[0.317s] Level 5:colcon.colcon_core.verb:set package 'TestingPkg' build argument 'cmake_clean_cache' from command line to 'False'
[0.317s] Level 5:colcon.colcon_core.verb:set package 'TestingPkg' build argument 'cmake_clean_first' from command line to 'False'
[0.317s] Level 5:colcon.colcon_core.verb:set package 'TestingPkg' build argument 'cmake_force_configure' from command line to 'False'
[0.317s] Level 5:colcon.colcon_core.verb:set package 'TestingPkg' build argument 'ament_cmake_args' from command line to 'None'
[0.317s] Level 5:colcon.colcon_core.verb:set package 'TestingPkg' build argument 'catkin_cmake_args' from command line to 'None'
[0.317s] Level 5:colcon.colcon_core.verb:set package 'TestingPkg' build argument 'catkin_skip_building_tests' from command line to 'False'
[0.317s] DEBUG:colcon.colcon_core.verb:Building package 'TestingPkg' with the following arguments: {'ament_cmake_args': None, 'build_base': '/home/coreblimp1/GitHub/Basestation/V3_ws/build/TestingPkg', 'catkin_cmake_args': None, 'catkin_skip_building_tests': False, 'cmake_args': None, 'cmake_clean_cache': False, 'cmake_clean_first': False, 'cmake_force_configure': False, 'cmake_target': None, 'cmake_target_skip_unavailable': False, 'install_base': '/home/coreblimp1/GitHub/Basestation/V3_ws/install/TestingPkg', 'merge_install': False, 'path': '/home/coreblimp1/GitHub/Basestation/V3_ws/src/TestingPkg', 'symlink_install': False, 'test_result_base': None}
[0.317s] INFO:colcon.colcon_core.executor:Executing jobs using 'parallel' executor
[0.320s] DEBUG:colcon.colcon_parallel_executor.executor.parallel:run_until_complete
[0.320s] INFO:colcon.colcon_ros.task.ament_python.build:Building ROS package in '/home/coreblimp1/GitHub/Basestation/V3_ws/src/BasestationV3' with build type 'ament_python'
[0.320s] Level 1:colcon.colcon_core.shell:create_environment_hook('BasestationV3', 'ament_prefix_path')
[0.323s] INFO:colcon.colcon_core.plugin_system:Skipping extension 'colcon_core.shell.bat': Not used on non-Windows systems
[0.323s] INFO:colcon.colcon_core.shell:Creating environment hook '/home/coreblimp1/GitHub/Basestation/V3_ws/install/BasestationV3/share/BasestationV3/hook/ament_prefix_path.ps1'
[0.323s] INFO:colcon.colcon_core.shell:Creating environment descriptor '/home/coreblimp1/GitHub/Basestation/V3_ws/install/BasestationV3/share/BasestationV3/hook/ament_prefix_path.dsv'
[0.324s] INFO:colcon.colcon_core.shell:Creating environment hook '/home/coreblimp1/GitHub/Basestation/V3_ws/install/BasestationV3/share/BasestationV3/hook/ament_prefix_path.sh'
[0.325s] INFO:colcon.colcon_core.shell:Skip shell extension 'powershell' for command environment: Not usable outside of PowerShell
[0.325s] DEBUG:colcon.colcon_core.shell:Skip shell extension 'dsv' for command environment
[0.329s] INFO:colcon.colcon_ros.task.ament_python.build:Building ROS package in '/home/coreblimp1/GitHub/Basestation/V3_ws/src/Blimp' with build type 'ament_python'
[0.329s] Level 1:colcon.colcon_core.shell:create_environment_hook('Blimp', 'ament_prefix_path')
[0.330s] INFO:colcon.colcon_core.shell:Creating environment hook '/home/coreblimp1/GitHub/Basestation/V3_ws/install/Blimp/share/Blimp/hook/ament_prefix_path.ps1'
[0.331s] INFO:colcon.colcon_core.shell:Creating environment descriptor '/home/coreblimp1/GitHub/Basestation/V3_ws/install/Blimp/share/Blimp/hook/ament_prefix_path.dsv'
[0.331s] INFO:colcon.colcon_core.shell:Creating environment hook '/home/coreblimp1/GitHub/Basestation/V3_ws/install/Blimp/share/Blimp/hook/ament_prefix_path.sh'
[0.332s] INFO:colcon.colcon_core.shell:Skip shell extension 'powershell' for command environment: Not usable outside of PowerShell
[0.332s] DEBUG:colcon.colcon_core.shell:Skip shell extension 'dsv' for command environment
[0.336s] INFO:colcon.colcon_ros.task.ament_python.build:Building ROS package in '/home/coreblimp1/GitHub/Basestation/V3_ws/src/TestingPkg' with build type 'ament_python'
[0.336s] Level 1:colcon.colcon_core.shell:create_environment_hook('TestingPkg', 'ament_prefix_path')
[0.337s] INFO:colcon.colcon_core.shell:Creating environment hook '/home/coreblimp1/GitHub/Basestation/V3_ws/install/TestingPkg/share/TestingPkg/hook/ament_prefix_path.ps1'
[0.338s] INFO:colcon.colcon_core.shell:Creating environment descriptor '/home/coreblimp1/GitHub/Basestation/V3_ws/install/TestingPkg/share/TestingPkg/hook/ament_prefix_path.dsv'
[0.338s] INFO:colcon.colcon_core.shell:Creating environment hook '/home/coreblimp1/GitHub/Basestation/V3_ws/install/TestingPkg/share/TestingPkg/hook/ament_prefix_path.sh'
[0.339s] INFO:colcon.colcon_core.shell:Skip shell extension 'powershell' for command environment: Not usable outside of PowerShell
[0.339s] DEBUG:colcon.colcon_core.shell:Skip shell extension 'dsv' for command environment
[0.480s] INFO:colcon.colcon_core.task.python.build:Building Python package in '/home/coreblimp1/GitHub/Basestation/V3_ws/src/BasestationV3'
[0.481s] INFO:colcon.colcon_core.shell:Skip shell extension 'powershell' for command environment: Not usable outside of PowerShell
[0.481s] DEBUG:colcon.colcon_core.shell:Skip shell extension 'dsv' for command environment
[0.618s] INFO:colcon.colcon_core.task.python.build:Building Python package in '/home/coreblimp1/GitHub/Basestation/V3_ws/src/Blimp'
[0.620s] INFO:colcon.colcon_core.shell:Skip shell extension 'powershell' for command environment: Not usable outside of PowerShell
[0.620s] DEBUG:colcon.colcon_core.shell:Skip shell extension 'dsv' for command environment
[0.761s] INFO:colcon.colcon_core.task.python.build:Building Python package in '/home/coreblimp1/GitHub/Basestation/V3_ws/src/TestingPkg'
[0.762s] INFO:colcon.colcon_core.shell:Skip shell extension 'powershell' for command environment: Not usable outside of PowerShell
[0.762s] DEBUG:colcon.colcon_core.shell:Skip shell extension 'dsv' for command environment
[1.074s] DEBUG:colcon.colcon_core.event_handler.log_command:Invoking command in '/home/coreblimp1/GitHub/Basestation/V3_ws/src/BasestationV3': PYTHONPATH=/home/coreblimp1/GitHub/Basestation/V3_ws/build/BasestationV3/prefix_override:/home/coreblimp1/GitHub/Basestation/V3_ws/install/BasestationV3/lib/python3.8/site-packages:${PYTHONPATH} /usr/bin/python3 setup.py egg_info --egg-base ../../build/BasestationV3 build --build-base /home/coreblimp1/GitHub/Basestation/V3_ws/build/BasestationV3/build install --record /home/coreblimp1/GitHub/Basestation/V3_ws/build/BasestationV3/install.log --install-scripts $base/lib/BasestationV3 --single-version-externally-managed
[1.079s] DEBUG:colcon.colcon_core.event_handler.log_command:Invoking command in '/home/coreblimp1/GitHub/Basestation/V3_ws/src/Blimp': PYTHONPATH=/home/coreblimp1/GitHub/Basestation/V3_ws/build/Blimp/prefix_override:/home/coreblimp1/GitHub/Basestation/V3_ws/install/Blimp/lib/python3.8/site-packages:${PYTHONPATH} /usr/bin/python3 setup.py egg_info --egg-base ../../build/Blimp build --build-base /home/coreblimp1/GitHub/Basestation/V3_ws/build/Blimp/build install --record /home/coreblimp1/GitHub/Basestation/V3_ws/build/Blimp/install.log --install-scripts $base/lib/Blimp --single-version-externally-managed
[1.082s] DEBUG:colcon.colcon_core.event_handler.log_command:Invoking command in '/home/coreblimp1/GitHub/Basestation/V3_ws/src/TestingPkg': PYTHONPATH=/home/coreblimp1/GitHub/Basestation/V3_ws/build/TestingPkg/prefix_override:/home/coreblimp1/GitHub/Basestation/V3_ws/install/TestingPkg/lib/python3.8/site-packages:${PYTHONPATH} /usr/bin/python3 setup.py egg_info --egg-base ../../build/TestingPkg build --build-base /home/coreblimp1/GitHub/Basestation/V3_ws/build/TestingPkg/build install --record /home/coreblimp1/GitHub/Basestation/V3_ws/build/TestingPkg/install.log --install-scripts $base/lib/TestingPkg --single-version-externally-managed
[1.289s] DEBUG:colcon.colcon_core.event_handler.log_command:Invoked command in '/home/coreblimp1/GitHub/Basestation/V3_ws/src/Blimp' returned '0': PYTHONPATH=/home/coreblimp1/GitHub/Basestation/V3_ws/build/Blimp/prefix_override:/home/coreblimp1/GitHub/Basestation/V3_ws/install/Blimp/lib/python3.8/site-packages:${PYTHONPATH} /usr/bin/python3 setup.py egg_info --egg-base ../../build/Blimp build --build-base /home/coreblimp1/GitHub/Basestation/V3_ws/build/Blimp/build install --record /home/coreblimp1/GitHub/Basestation/V3_ws/build/Blimp/install.log --install-scripts $base/lib/Blimp --single-version-externally-managed
[1.292s] Level 1:colcon.colcon_core.environment:checking '/home/coreblimp1/GitHub/Basestation/V3_ws/install/Blimp' for CMake module files
[1.293s] Level 1:colcon.colcon_core.environment:checking '/home/coreblimp1/GitHub/Basestation/V3_ws/install/Blimp' for CMake config files
[1.293s] Level 1:colcon.colcon_core.environment:checking '/home/coreblimp1/GitHub/Basestation/V3_ws/install/Blimp/lib'
[1.293s] Level 1:colcon.colcon_core.environment:checking '/home/coreblimp1/GitHub/Basestation/V3_ws/install/Blimp/bin'
[1.293s] Level 1:colcon.colcon_core.environment:checking '/home/coreblimp1/GitHub/Basestation/V3_ws/install/Blimp/lib/pkgconfig/Blimp.pc'
[1.293s] Level 1:colcon.colcon_core.environment:checking '/home/coreblimp1/GitHub/Basestation/V3_ws/install/Blimp/lib/python3.8/site-packages'
[1.293s] Level 1:colcon.colcon_core.shell:create_environment_hook('Blimp', 'pythonpath')
[1.294s] INFO:colcon.colcon_core.shell:Creating environment hook '/home/coreblimp1/GitHub/Basestation/V3_ws/install/Blimp/share/Blimp/hook/pythonpath.ps1'
[1.295s] INFO:colcon.colcon_core.shell:Creating environment descriptor '/home/coreblimp1/GitHub/Basestation/V3_ws/install/Blimp/share/Blimp/hook/pythonpath.dsv'
[1.295s] INFO:colcon.colcon_core.shell:Creating environment hook '/home/coreblimp1/GitHub/Basestation/V3_ws/install/Blimp/share/Blimp/hook/pythonpath.sh'
[1.295s] Level 1:colcon.colcon_core.environment:checking '/home/coreblimp1/GitHub/Basestation/V3_ws/install/Blimp/bin'
[1.295s] Level 1:colcon.colcon_core.environment:create_environment_scripts_only(Blimp)
[1.296s] INFO:colcon.colcon_core.shell:Creating package script '/home/coreblimp1/GitHub/Basestation/V3_ws/install/Blimp/share/Blimp/package.ps1'
[1.297s] INFO:colcon.colcon_core.shell:Creating package descriptor '/home/coreblimp1/GitHub/Basestation/V3_ws/install/Blimp/share/Blimp/package.dsv'
[1.297s] INFO:colcon.colcon_core.shell:Creating package script '/home/coreblimp1/GitHub/Basestation/V3_ws/install/Blimp/share/Blimp/package.sh'
[1.298s] INFO:colcon.colcon_core.shell:Creating package script '/home/coreblimp1/GitHub/Basestation/V3_ws/install/Blimp/share/Blimp/package.bash'
[1.298s] INFO:colcon.colcon_core.shell:Creating package script '/home/coreblimp1/GitHub/Basestation/V3_ws/install/Blimp/share/Blimp/package.zsh'
[1.299s] Level 1:colcon.colcon_core.environment:create_file_with_runtime_dependencies(/home/coreblimp1/GitHub/Basestation/V3_ws/install/Blimp/share/colcon-core/packages/Blimp)
[1.301s] Level 1:colcon.colcon_core.environment:checking '/home/coreblimp1/GitHub/Basestation/V3_ws/install/TestingPkg' for CMake module files
[1.302s] DEBUG:colcon.colcon_core.event_handler.log_command:Invoked command in '/home/coreblimp1/GitHub/Basestation/V3_ws/src/TestingPkg' returned '0': PYTHONPATH=/home/coreblimp1/GitHub/Basestation/V3_ws/build/TestingPkg/prefix_override:/home/coreblimp1/GitHub/Basestation/V3_ws/install/TestingPkg/lib/python3.8/site-packages:${PYTHONPATH} /usr/bin/python3 setup.py egg_info --egg-base ../../build/TestingPkg build --build-base /home/coreblimp1/GitHub/Basestation/V3_ws/build/TestingPkg/build install --record /home/coreblimp1/GitHub/Basestation/V3_ws/build/TestingPkg/install.log --install-scripts $base/lib/TestingPkg --single-version-externally-managed
[1.302s] Level 1:colcon.colcon_core.environment:checking '/home/coreblimp1/GitHub/Basestation/V3_ws/install/TestingPkg' for CMake config files
[1.302s] Level 1:colcon.colcon_core.environment:checking '/home/coreblimp1/GitHub/Basestation/V3_ws/install/TestingPkg/lib'
[1.302s] Level 1:colcon.colcon_core.environment:checking '/home/coreblimp1/GitHub/Basestation/V3_ws/install/TestingPkg/bin'
[1.302s] Level 1:colcon.colcon_core.environment:checking '/home/coreblimp1/GitHub/Basestation/V3_ws/install/TestingPkg/lib/pkgconfig/TestingPkg.pc'
[1.302s] Level 1:colcon.colcon_core.environment:checking '/home/coreblimp1/GitHub/Basestation/V3_ws/install/TestingPkg/lib/python3.8/site-packages'
[1.302s] Level 1:colcon.colcon_core.shell:create_environment_hook('TestingPkg', 'pythonpath')
[1.303s] INFO:colcon.colcon_core.shell:Creating environment hook '/home/coreblimp1/GitHub/Basestation/V3_ws/install/TestingPkg/share/TestingPkg/hook/pythonpath.ps1'
[1.303s] INFO:colcon.colcon_core.shell:Creating environment descriptor '/home/coreblimp1/GitHub/Basestation/V3_ws/install/TestingPkg/share/TestingPkg/hook/pythonpath.dsv'
[1.304s] INFO:colcon.colcon_core.shell:Creating environment hook '/home/coreblimp1/GitHub/Basestation/V3_ws/install/TestingPkg/share/TestingPkg/hook/pythonpath.sh'
[1.304s] Level 1:colcon.colcon_core.environment:checking '/home/coreblimp1/GitHub/Basestation/V3_ws/install/TestingPkg/bin'
[1.304s] Level 1:colcon.colcon_core.environment:create_environment_scripts_only(TestingPkg)
[1.305s] INFO:colcon.colcon_core.shell:Creating package script '/home/coreblimp1/GitHub/Basestation/V3_ws/install/TestingPkg/share/TestingPkg/package.ps1'
[1.305s] INFO:colcon.colcon_core.shell:Creating package descriptor '/home/coreblimp1/GitHub/Basestation/V3_ws/install/TestingPkg/share/TestingPkg/package.dsv'
[1.305s] INFO:colcon.colcon_core.shell:Creating package script '/home/coreblimp1/GitHub/Basestation/V3_ws/install/TestingPkg/share/TestingPkg/package.sh'
[1.305s] INFO:colcon.colcon_core.shell:Creating package script '/home/coreblimp1/GitHub/Basestation/V3_ws/install/TestingPkg/share/TestingPkg/package.bash'
[1.306s] INFO:colcon.colcon_core.shell:Creating package script '/home/coreblimp1/GitHub/Basestation/V3_ws/install/TestingPkg/share/TestingPkg/package.zsh'
[1.306s] Level 1:colcon.colcon_core.environment:create_file_with_runtime_dependencies(/home/coreblimp1/GitHub/Basestation/V3_ws/install/TestingPkg/share/colcon-core/packages/TestingPkg)
[1.307s] Level 1:colcon.colcon_core.environment:checking '/home/coreblimp1/GitHub/Basestation/V3_ws/install/BasestationV3' for CMake module files
[1.308s] DEBUG:colcon.colcon_core.event_handler.log_command:Invoked command in '/home/coreblimp1/GitHub/Basestation/V3_ws/src/BasestationV3' returned '0': PYTHONPATH=/home/coreblimp1/GitHub/Basestation/V3_ws/build/BasestationV3/prefix_override:/home/coreblimp1/GitHub/Basestation/V3_ws/install/BasestationV3/lib/python3.8/site-packages:${PYTHONPATH} /usr/bin/python3 setup.py egg_info --egg-base ../../build/BasestationV3 build --build-base /home/coreblimp1/GitHub/Basestation/V3_ws/build/BasestationV3/build install --record /home/coreblimp1/GitHub/Basestation/V3_ws/build/BasestationV3/install.log --install-scripts $base/lib/BasestationV3 --single-version-externally-managed
[1.308s] Level 1:colcon.colcon_core.environment:checking '/home/coreblimp1/GitHub/Basestation/V3_ws/install/BasestationV3' for CMake config files
[1.308s] Level 1:colcon.colcon_core.environment:checking '/home/coreblimp1/GitHub/Basestation/V3_ws/install/BasestationV3/lib'
[1.308s] Level 1:colcon.colcon_core.environment:checking '/home/coreblimp1/GitHub/Basestation/V3_ws/install/BasestationV3/bin'
[1.308s] Level 1:colcon.colcon_core.environment:checking '/home/coreblimp1/GitHub/Basestation/V3_ws/install/BasestationV3/lib/pkgconfig/BasestationV3.pc'
[1.308s] Level 1:colcon.colcon_core.environment:checking '/home/coreblimp1/GitHub/Basestation/V3_ws/install/BasestationV3/lib/python3.8/site-packages'
[1.308s] Level 1:colcon.colcon_core.shell:create_environment_hook('BasestationV3', 'pythonpath')
[1.309s] INFO:colcon.colcon_core.shell:Creating environment hook '/home/coreblimp1/GitHub/Basestation/V3_ws/install/BasestationV3/share/BasestationV3/hook/pythonpath.ps1'
[1.309s] INFO:colcon.colcon_core.shell:Creating environment descriptor '/home/coreblimp1/GitHub/Basestation/V3_ws/install/BasestationV3/share/BasestationV3/hook/pythonpath.dsv'
[1.310s] INFO:colcon.colcon_core.shell:Creating environment hook '/home/coreblimp1/GitHub/Basestation/V3_ws/install/BasestationV3/share/BasestationV3/hook/pythonpath.sh'
[1.310s] Level 1:colcon.colcon_core.environment:checking '/home/coreblimp1/GitHub/Basestation/V3_ws/install/BasestationV3/bin'
[1.310s] Level 1:colcon.colcon_core.environment:create_environment_scripts_only(BasestationV3)
[1.311s] INFO:colcon.colcon_core.shell:Creating package script '/home/coreblimp1/GitHub/Basestation/V3_ws/install/BasestationV3/share/BasestationV3/package.ps1'
[1.311s] INFO:colcon.colcon_core.shell:Creating package descriptor '/home/coreblimp1/GitHub/Basestation/V3_ws/install/BasestationV3/share/BasestationV3/package.dsv'
[1.311s] INFO:colcon.colcon_core.shell:Creating package script '/home/coreblimp1/GitHub/Basestation/V3_ws/install/BasestationV3/share/BasestationV3/package.sh'
[1.312s] INFO:colcon.colcon_core.shell:Creating package script '/home/coreblimp1/GitHub/Basestation/V3_ws/install/BasestationV3/share/BasestationV3/package.bash'
[1.312s] INFO:colcon.colcon_core.shell:Creating package script '/home/coreblimp1/GitHub/Basestation/V3_ws/install/BasestationV3/share/BasestationV3/package.zsh'
[1.312s] Level 1:colcon.colcon_core.environment:create_file_with_runtime_dependencies(/home/coreblimp1/GitHub/Basestation/V3_ws/install/BasestationV3/share/colcon-core/packages/BasestationV3)
[1.312s] DEBUG:colcon.colcon_parallel_executor.executor.parallel:closing loop
[1.312s] DEBUG:colcon.colcon_parallel_executor.executor.parallel:loop closed
[1.312s] DEBUG:colcon.colcon_parallel_executor.executor.parallel:run_until_complete finished with '0'
[1.313s] DEBUG:colcon.colcon_core.event_reactor:joining thread
[1.316s] INFO:colcon.colcon_core.plugin_system:Skipping extension 'colcon_notification.desktop_notification.terminal_notifier': Not used on non-Darwin systems
[1.316s] INFO:colcon.colcon_core.plugin_system:Skipping extension 'colcon_notification.desktop_notification.win32': Not used on non-Windows systems
[1.316s] INFO:colcon.colcon_notification.desktop_notification:Sending desktop notification using 'notify2'
[1.325s] DEBUG:colcon.colcon_core.event_reactor:joined thread
[1.327s] INFO:colcon.colcon_core.shell:Creating prefix script '/home/coreblimp1/GitHub/Basestation/V3_ws/install/local_setup.ps1'
[1.328s] INFO:colcon.colcon_core.shell:Creating prefix util module '/home/coreblimp1/GitHub/Basestation/V3_ws/install/_local_setup_util_ps1.py'
[1.329s] INFO:colcon.colcon_core.shell:Creating prefix chain script '/home/coreblimp1/GitHub/Basestation/V3_ws/install/setup.ps1'
[1.330s] INFO:colcon.colcon_core.shell:Creating prefix script '/home/coreblimp1/GitHub/Basestation/V3_ws/install/local_setup.sh'
[1.331s] INFO:colcon.colcon_core.shell:Creating prefix util module '/home/coreblimp1/GitHub/Basestation/V3_ws/install/_local_setup_util_sh.py'
[1.331s] INFO:colcon.colcon_core.shell:Creating prefix chain script '/home/coreblimp1/GitHub/Basestation/V3_ws/install/setup.sh'
[1.332s] INFO:colcon.colcon_core.shell:Creating prefix script '/home/coreblimp1/GitHub/Basestation/V3_ws/install/local_setup.bash'
[1.332s] INFO:colcon.colcon_core.shell:Creating prefix chain script '/home/coreblimp1/GitHub/Basestation/V3_ws/install/setup.bash'
[1.333s] INFO:colcon.colcon_core.shell:Creating prefix script '/home/coreblimp1/GitHub/Basestation/V3_ws/install/local_setup.zsh'
[1.333s] INFO:colcon.colcon_core.shell:Creating prefix chain script '/home/coreblimp1/GitHub/Basestation/V3_ws/install/setup.zsh'
