/home/local/GitHub/Basestation/V3_ws/install/BasestationV3/lib/python3.8/site-packages/BasestationV3/Input.py
/home/local/GitHub/Basestation/V3_ws/install/BasestationV3/lib/python3.8/site-packages/BasestationV3/__init__.py
/home/local/GitHub/Basestation/V3_ws/install/BasestationV3/lib/python3.8/site-packages/BasestationV3/Blimp.py
/home/local/GitHub/Basestation/V3_ws/install/BasestationV3/lib/python3.8/site-packages/BasestationV3/KeyboardInput.py
/home/local/GitHub/Basestation/V3_ws/install/BasestationV3/lib/python3.8/site-packages/BasestationV3/SerialListener.py
/home/local/GitHub/Basestation/V3_ws/install/BasestationV3/lib/python3.8/site-packages/BasestationV3/UDPMulticast.py
/home/local/GitHub/Basestation/V3_ws/install/BasestationV3/lib/python3.8/site-packages/BasestationV3/ControllerInput.py
/home/local/GitHub/Basestation/V3_ws/install/BasestationV3/lib/python3.8/site-packages/BasestationV3/BlimpMapper.py
/home/local/GitHub/Basestation/V3_ws/install/BasestationV3/lib/python3.8/site-packages/BasestationV3/InputHandler.py
/home/local/GitHub/Basestation/V3_ws/install/BasestationV3/lib/python3.8/site-packages/BasestationV3/BlimpHandler.py
/home/local/GitHub/Basestation/V3_ws/install/BasestationV3/lib/python3.8/site-packages/BasestationV3/SerialHelper.py
/home/local/GitHub/Basestation/V3_ws/install/BasestationV3/lib/python3.8/site-packages/BasestationV3/Text.py
/home/local/GitHub/Basestation/V3_ws/install/BasestationV3/lib/python3.8/site-packages/BasestationV3/Main.py
/home/local/GitHub/Basestation/V3_ws/install/BasestationV3/lib/python3.8/site-packages/BasestationV3/ROS2Helper.py
/home/local/GitHub/Basestation/V3_ws/install/BasestationV3/lib/python3.8/site-packages/BasestationV3/Display.py
/home/local/GitHub/Basestation/V3_ws/install/BasestationV3/lib/python3.8/site-packages/BasestationV3/__pycache__/Input.cpython-38.pyc
/home/local/GitHub/Basestation/V3_ws/install/BasestationV3/lib/python3.8/site-packages/BasestationV3/__pycache__/__init__.cpython-38.pyc
/home/local/GitHub/Basestation/V3_ws/install/BasestationV3/lib/python3.8/site-packages/BasestationV3/__pycache__/Blimp.cpython-38.pyc
/home/local/GitHub/Basestation/V3_ws/install/BasestationV3/lib/python3.8/site-packages/BasestationV3/__pycache__/KeyboardInput.cpython-38.pyc
/home/local/GitHub/Basestation/V3_ws/install/BasestationV3/lib/python3.8/site-packages/BasestationV3/__pycache__/SerialListener.cpython-38.pyc
/home/local/GitHub/Basestation/V3_ws/install/BasestationV3/lib/python3.8/site-packages/BasestationV3/__pycache__/UDPMulticast.cpython-38.pyc
/home/local/GitHub/Basestation/V3_ws/install/BasestationV3/lib/python3.8/site-packages/BasestationV3/__pycache__/ControllerInput.cpython-38.pyc
/home/local/GitHub/Basestation/V3_ws/install/BasestationV3/lib/python3.8/site-packages/BasestationV3/__pycache__/BlimpMapper.cpython-38.pyc
/home/local/GitHub/Basestation/V3_ws/install/BasestationV3/lib/python3.8/site-packages/BasestationV3/__pycache__/InputHandler.cpython-38.pyc
/home/local/GitHub/Basestation/V3_ws/install/BasestationV3/lib/python3.8/site-packages/BasestationV3/__pycache__/BlimpHandler.cpython-38.pyc
/home/local/GitHub/Basestation/V3_ws/install/BasestationV3/lib/python3.8/site-packages/BasestationV3/__pycache__/SerialHelper.cpython-38.pyc
/home/local/GitHub/Basestation/V3_ws/install/BasestationV3/lib/python3.8/site-packages/BasestationV3/__pycache__/Text.cpython-38.pyc
/home/local/GitHub/Basestation/V3_ws/install/BasestationV3/lib/python3.8/site-packages/BasestationV3/__pycache__/Main.cpython-38.pyc
/home/local/GitHub/Basestation/V3_ws/install/BasestationV3/lib/python3.8/site-packages/BasestationV3/__pycache__/ROS2Helper.cpython-38.pyc
/home/local/GitHub/Basestation/V3_ws/install/BasestationV3/lib/python3.8/site-packages/BasestationV3/__pycache__/Display.cpython-38.pyc
/home/local/GitHub/Basestation/V3_ws/install/BasestationV3/share/ament_index/resource_index/packages/BasestationV3
/home/local/GitHub/Basestation/V3_ws/install/BasestationV3/share/BasestationV3/package.xml
/home/local/GitHub/Basestation/V3_ws/install/BasestationV3/lib/python3.8/site-packages/BasestationV3-0.0.0-py3.8.egg-info/entry_points.txt
/home/local/GitHub/Basestation/V3_ws/install/BasestationV3/lib/python3.8/site-packages/BasestationV3-0.0.0-py3.8.egg-info/zip-safe
/home/local/GitHub/Basestation/V3_ws/install/BasestationV3/lib/python3.8/site-packages/BasestationV3-0.0.0-py3.8.egg-info/PKG-INFO
/home/local/GitHub/Basestation/V3_ws/install/BasestationV3/lib/python3.8/site-packages/BasestationV3-0.0.0-py3.8.egg-info/requires.txt
/home/local/GitHub/Basestation/V3_ws/install/BasestationV3/lib/python3.8/site-packages/BasestationV3-0.0.0-py3.8.egg-info/dependency_links.txt
/home/local/GitHub/Basestation/V3_ws/install/BasestationV3/lib/python3.8/site-packages/BasestationV3-0.0.0-py3.8.egg-info/SOURCES.txt
/home/local/GitHub/Basestation/V3_ws/install/BasestationV3/lib/python3.8/site-packages/BasestationV3-0.0.0-py3.8.egg-info/top_level.txt
/home/local/GitHub/Basestation/V3_ws/install/BasestationV3/lib/BasestationV3/Basestation
