[0.736s] Invoking command in '/home/local/GitHub/Basestation/V3_ws/src/Blimp': PYTHONPATH=/home/local/GitHub/Basestation/V3_ws/build/Blimp/prefix_override:/home/local/GitHub/Basestation/V3_ws/install/Blimp/lib/python3.8/site-packages:${PYTHONPATH} /usr/bin/python3 setup.py egg_info --egg-base ../../build/Blimp build --build-base /home/local/GitHub/Basestation/V3_ws/build/Blimp/build install --record /home/local/GitHub/Basestation/V3_ws/build/Blimp/install.log --install-scripts $base/lib/Blimp --single-version-externally-managed
[0.852s] /home/local/.local/lib/python3.8/site-packages/setuptools/dist.py:745: SetuptoolsDeprecationWarning: Invalid dash-separated options
[0.852s] !!
[0.852s] 
[0.853s]         ********************************************************************************
[0.853s]         Usage of dash-separated 'script-dir' will not be supported in future
[0.853s]         versions. Please use the underscore name 'script_dir' instead.
[0.853s] 
[0.853s]         By 2023-Sep-26, you need to update your project and remove deprecated calls
[0.853s]         or your builds will no longer be supported.
[0.853s] 
[0.853s]         See https://setuptools.pypa.io/en/latest/userguide/declarative_config.html for details.
[0.853s]         ********************************************************************************
[0.853s] 
[0.853s] !!
[0.853s]   opt = self.warn_dash_deprecation(opt, section)
[0.933s] running egg_info
[0.942s] writing ../../build/Blimp/Blimp.egg-info/PKG-INFO
[0.942s] writing dependency_links to ../../build/Blimp/Blimp.egg-info/dependency_links.txt
[0.942s] writing entry points to ../../build/Blimp/Blimp.egg-info/entry_points.txt
[0.942s] writing requirements to ../../build/Blimp/Blimp.egg-info/requires.txt
[0.942s] writing top-level names to ../../build/Blimp/Blimp.egg-info/top_level.txt
[0.988s] reading manifest file '../../build/Blimp/Blimp.egg-info/SOURCES.txt'
[0.988s] writing manifest file '../../build/Blimp/Blimp.egg-info/SOURCES.txt'
[0.988s] running build
[0.989s] running build_py
[0.989s] running install
[0.989s] /home/local/.local/lib/python3.8/site-packages/setuptools/_distutils/cmd.py:66: SetuptoolsDeprecationWarning: setup.py install is deprecated.
[0.989s] !!
[0.989s] 
[0.989s]         ********************************************************************************
[0.989s]         Please avoid running ``setup.py`` directly.
[0.989s]         Instead, use pypa/build, pypa/installer or other
[0.989s]         standards-based tools.
[0.989s] 
[0.989s]         See https://blog.ganssle.io/articles/2021/10/setup-py-deprecated.html for details.
[0.989s]         ********************************************************************************
[0.989s] 
[0.990s] !!
[0.990s]   self.initialize_options()
[0.991s] running install_lib
[0.997s] running install_data
[1.002s] running install_egg_info
[1.007s] removing '/home/local/GitHub/Basestation/V3_ws/install/Blimp/lib/python3.8/site-packages/Blimp-0.0.0-py3.8.egg-info' (and everything under it)
[1.007s] Copying ../../build/Blimp/Blimp.egg-info to /home/local/GitHub/Basestation/V3_ws/install/Blimp/lib/python3.8/site-packages/Blimp-0.0.0-py3.8.egg-info
[1.007s] running install_scripts
[1.032s] Installing Blimp script to /home/local/GitHub/Basestation/V3_ws/install/Blimp/lib/Blimp
[1.032s] writing list of installed files to '/home/local/GitHub/Basestation/V3_ws/build/Blimp/install.log'
[1.047s] Invoked command in '/home/local/GitHub/Basestation/V3_ws/src/Blimp' returned '0': PYTHONPATH=/home/local/GitHub/Basestation/V3_ws/build/Blimp/prefix_override:/home/local/GitHub/Basestation/V3_ws/install/Blimp/lib/python3.8/site-packages:${PYTHONPATH} /usr/bin/python3 setup.py egg_info --egg-base ../../build/Blimp build --build-base /home/local/GitHub/Basestation/V3_ws/build/Blimp/build install --record /home/local/GitHub/Basestation/V3_ws/build/Blimp/install.log --install-scripts $base/lib/Blimp --single-version-externally-managed
