[0.137s] DEBUG:colcon:Command line arguments: ['/usr/bin/colcon', 'build']
[0.137s] DEBUG:colcon:Parsed command line arguments: Namespace(allow_overriding=[], ament_cmake_args=None, base_paths=['.'], build_base='build', catkin_cmake_args=None, catkin_skip_building_tests=False, cmake_args=None, cmake_clean_cache=False, cmake_clean_first=False, cmake_force_configure=False, cmake_target=None, cmake_target_skip_unavailable=False, continue_on_error=False, event_handlers=None, executor='parallel', ignore_user_meta=False, install_base='install', log_base=None, log_level=None, main=<bound method BuildVerb.main of <colcon_core.verb.build.BuildVerb object at 0x7f2f4c0a3490>>, merge_install=False, metas=['./colcon.meta'], packages_above=None, packages_above_and_dependencies=None, packages_above_depth=None, packages_end=None, packages_ignore=None, packages_ignore_regex=None, packages_select=None, packages_select_build_failed=False, packages_select_by_dep=None, packages_select_regex=None, packages_select_test_failures=False, packages_skip=None, packages_skip_build_finished=False, packages_skip_by_dep=None, packages_skip_regex=None, packages_skip_test_passed=False, packages_skip_up_to=None, packages_start=None, packages_up_to=None, packages_up_to_regex=None, parallel_workers=12, paths=None, symlink_install=False, test_result_base=None, verb_extension=<colcon_core.verb.build.BuildVerb object at 0x7f2f4c0a3490>, verb_name='build', verb_parser=<colcon_defaults.argument_parser.defaults.DefaultArgumentsDecorator object at 0x7f2f4bfcc820>)
[0.161s] Level 1:colcon.colcon_core.package_discovery:discover_packages(colcon_meta) check parameters
[0.161s] Level 1:colcon.colcon_core.package_discovery:discover_packages(recursive) check parameters
[0.161s] Level 1:colcon.colcon_core.package_discovery:discover_packages(ignore) check parameters
[0.161s] Level 1:colcon.colcon_core.package_discovery:discover_packages(path) check parameters
[0.161s] Level 1:colcon.colcon_core.package_discovery:discover_packages(colcon_meta) discover
[0.161s] Level 1:colcon.colcon_core.package_discovery:discover_packages(recursive) discover
[0.161s] INFO:colcon.colcon_core.package_discovery:Crawling recursively for packages in '/home/local/GitHub/Basestation/V3_ws'
[0.161s] Level 1:colcon.colcon_core.package_identification:_identify(.) by extensions ['ignore', 'ignore_ament_install']
[0.161s] Level 1:colcon.colcon_core.package_identification:_identify(.) by extension 'ignore'
[0.161s] Level 1:colcon.colcon_core.package_identification:_identify(.) by extension 'ignore_ament_install'
[0.161s] Level 1:colcon.colcon_core.package_identification:_identify(.) by extensions ['colcon_pkg']
[0.161s] Level 1:colcon.colcon_core.package_identification:_identify(.) by extension 'colcon_pkg'
[0.161s] Level 1:colcon.colcon_core.package_identification:_identify(.) by extensions ['colcon_meta']
[0.161s] Level 1:colcon.colcon_core.package_identification:_identify(.) by extension 'colcon_meta'
[0.161s] Level 1:colcon.colcon_core.package_identification:_identify(.) by extensions ['ros']
[0.161s] Level 1:colcon.colcon_core.package_identification:_identify(.) by extension 'ros'
[0.169s] Level 1:colcon.colcon_core.package_identification:_identify(.) by extensions ['cmake', 'python']
[0.170s] Level 1:colcon.colcon_core.package_identification:_identify(.) by extension 'cmake'
[0.170s] Level 1:colcon.colcon_core.package_identification:_identify(.) by extension 'python'
[0.170s] Level 1:colcon.colcon_core.package_identification:_identify(.) by extensions ['python_setup_py']
[0.170s] Level 1:colcon.colcon_core.package_identification:_identify(.) by extension 'python_setup_py'
[0.170s] Level 1:colcon.colcon_core.package_identification:_identify(build) by extensions ['ignore', 'ignore_ament_install']
[0.170s] Level 1:colcon.colcon_core.package_identification:_identify(build) by extension 'ignore'
[0.170s] Level 1:colcon.colcon_core.package_identification:_identify(build) ignored
[0.170s] Level 1:colcon.colcon_core.package_identification:_identify(install) by extensions ['ignore', 'ignore_ament_install']
[0.170s] Level 1:colcon.colcon_core.package_identification:_identify(install) by extension 'ignore'
[0.170s] Level 1:colcon.colcon_core.package_identification:_identify(install) ignored
[0.170s] Level 1:colcon.colcon_core.package_identification:_identify(launch) by extensions ['ignore', 'ignore_ament_install']
[0.170s] Level 1:colcon.colcon_core.package_identification:_identify(launch) by extension 'ignore'
[0.170s] Level 1:colcon.colcon_core.package_identification:_identify(launch) by extension 'ignore_ament_install'
[0.170s] Level 1:colcon.colcon_core.package_identification:_identify(launch) by extensions ['colcon_pkg']
[0.170s] Level 1:colcon.colcon_core.package_identification:_identify(launch) by extension 'colcon_pkg'
[0.170s] Level 1:colcon.colcon_core.package_identification:_identify(launch) by extensions ['colcon_meta']
[0.170s] Level 1:colcon.colcon_core.package_identification:_identify(launch) by extension 'colcon_meta'
[0.170s] Level 1:colcon.colcon_core.package_identification:_identify(launch) by extensions ['ros']
[0.170s] Level 1:colcon.colcon_core.package_identification:_identify(launch) by extension 'ros'
[0.170s] Level 1:colcon.colcon_core.package_identification:_identify(launch) by extensions ['cmake', 'python']
[0.170s] Level 1:colcon.colcon_core.package_identification:_identify(launch) by extension 'cmake'
[0.170s] Level 1:colcon.colcon_core.package_identification:_identify(launch) by extension 'python'
[0.170s] Level 1:colcon.colcon_core.package_identification:_identify(launch) by extensions ['python_setup_py']
[0.170s] Level 1:colcon.colcon_core.package_identification:_identify(launch) by extension 'python_setup_py'
[0.170s] Level 1:colcon.colcon_core.package_identification:_identify(launch/__pycache__) by extensions ['ignore', 'ignore_ament_install']
[0.170s] Level 1:colcon.colcon_core.package_identification:_identify(launch/__pycache__) by extension 'ignore'
[0.170s] Level 1:colcon.colcon_core.package_identification:_identify(launch/__pycache__) by extension 'ignore_ament_install'
[0.170s] Level 1:colcon.colcon_core.package_identification:_identify(launch/__pycache__) by extensions ['colcon_pkg']
[0.170s] Level 1:colcon.colcon_core.package_identification:_identify(launch/__pycache__) by extension 'colcon_pkg'
[0.170s] Level 1:colcon.colcon_core.package_identification:_identify(launch/__pycache__) by extensions ['colcon_meta']
[0.170s] Level 1:colcon.colcon_core.package_identification:_identify(launch/__pycache__) by extension 'colcon_meta'
[0.170s] Level 1:colcon.colcon_core.package_identification:_identify(launch/__pycache__) by extensions ['ros']
[0.170s] Level 1:colcon.colcon_core.package_identification:_identify(launch/__pycache__) by extension 'ros'
[0.170s] Level 1:colcon.colcon_core.package_identification:_identify(launch/__pycache__) by extensions ['cmake', 'python']
[0.170s] Level 1:colcon.colcon_core.package_identification:_identify(launch/__pycache__) by extension 'cmake'
[0.170s] Level 1:colcon.colcon_core.package_identification:_identify(launch/__pycache__) by extension 'python'
[0.170s] Level 1:colcon.colcon_core.package_identification:_identify(launch/__pycache__) by extensions ['python_setup_py']
[0.170s] Level 1:colcon.colcon_core.package_identification:_identify(launch/__pycache__) by extension 'python_setup_py'
[0.170s] Level 1:colcon.colcon_core.package_identification:_identify(launch/build) by extensions ['ignore', 'ignore_ament_install']
[0.170s] Level 1:colcon.colcon_core.package_identification:_identify(launch/build) by extension 'ignore'
[0.170s] Level 1:colcon.colcon_core.package_identification:_identify(launch/build) ignored
[0.171s] Level 1:colcon.colcon_core.package_identification:_identify(launch/install) by extensions ['ignore', 'ignore_ament_install']
[0.171s] Level 1:colcon.colcon_core.package_identification:_identify(launch/install) by extension 'ignore'
[0.171s] Level 1:colcon.colcon_core.package_identification:_identify(launch/install) ignored
[0.171s] Level 1:colcon.colcon_core.package_identification:_identify(launch/log) by extensions ['ignore', 'ignore_ament_install']
[0.171s] Level 1:colcon.colcon_core.package_identification:_identify(launch/log) by extension 'ignore'
[0.171s] Level 1:colcon.colcon_core.package_identification:_identify(launch/log) ignored
[0.171s] Level 1:colcon.colcon_core.package_identification:_identify(log) by extensions ['ignore', 'ignore_ament_install']
[0.171s] Level 1:colcon.colcon_core.package_identification:_identify(log) by extension 'ignore'
[0.171s] Level 1:colcon.colcon_core.package_identification:_identify(log) ignored
[0.171s] Level 1:colcon.colcon_core.package_identification:_identify(src) by extensions ['ignore', 'ignore_ament_install']
[0.171s] Level 1:colcon.colcon_core.package_identification:_identify(src) by extension 'ignore'
[0.171s] Level 1:colcon.colcon_core.package_identification:_identify(src) by extension 'ignore_ament_install'
[0.171s] Level 1:colcon.colcon_core.package_identification:_identify(src) by extensions ['colcon_pkg']
[0.171s] Level 1:colcon.colcon_core.package_identification:_identify(src) by extension 'colcon_pkg'
[0.171s] Level 1:colcon.colcon_core.package_identification:_identify(src) by extensions ['colcon_meta']
[0.171s] Level 1:colcon.colcon_core.package_identification:_identify(src) by extension 'colcon_meta'
[0.171s] Level 1:colcon.colcon_core.package_identification:_identify(src) by extensions ['ros']
[0.171s] Level 1:colcon.colcon_core.package_identification:_identify(src) by extension 'ros'
[0.171s] Level 1:colcon.colcon_core.package_identification:_identify(src) by extensions ['cmake', 'python']
[0.171s] Level 1:colcon.colcon_core.package_identification:_identify(src) by extension 'cmake'
[0.171s] Level 1:colcon.colcon_core.package_identification:_identify(src) by extension 'python'
[0.171s] Level 1:colcon.colcon_core.package_identification:_identify(src) by extensions ['python_setup_py']
[0.171s] Level 1:colcon.colcon_core.package_identification:_identify(src) by extension 'python_setup_py'
[0.171s] Level 1:colcon.colcon_core.package_identification:_identify(src/BasestationV3) by extensions ['ignore', 'ignore_ament_install']
[0.171s] Level 1:colcon.colcon_core.package_identification:_identify(src/BasestationV3) by extension 'ignore'
[0.171s] Level 1:colcon.colcon_core.package_identification:_identify(src/BasestationV3) by extension 'ignore_ament_install'
[0.171s] Level 1:colcon.colcon_core.package_identification:_identify(src/BasestationV3) by extensions ['colcon_pkg']
[0.171s] Level 1:colcon.colcon_core.package_identification:_identify(src/BasestationV3) by extension 'colcon_pkg'
[0.171s] Level 1:colcon.colcon_core.package_identification:_identify(src/BasestationV3) by extensions ['colcon_meta']
[0.171s] Level 1:colcon.colcon_core.package_identification:_identify(src/BasestationV3) by extension 'colcon_meta'
[0.171s] Level 1:colcon.colcon_core.package_identification:_identify(src/BasestationV3) by extensions ['ros']
[0.171s] Level 1:colcon.colcon_core.package_identification:_identify(src/BasestationV3) by extension 'ros'
[0.173s] DEBUG:colcon.colcon_core.package_identification:Package 'src/BasestationV3' with type 'ros.ament_python' and name 'BasestationV3'
[0.173s] Level 1:colcon.colcon_core.package_identification:_identify(src/Blimp) by extensions ['ignore', 'ignore_ament_install']
[0.173s] Level 1:colcon.colcon_core.package_identification:_identify(src/Blimp) by extension 'ignore'
[0.173s] Level 1:colcon.colcon_core.package_identification:_identify(src/Blimp) by extension 'ignore_ament_install'
[0.173s] Level 1:colcon.colcon_core.package_identification:_identify(src/Blimp) by extensions ['colcon_pkg']
[0.173s] Level 1:colcon.colcon_core.package_identification:_identify(src/Blimp) by extension 'colcon_pkg'
[0.173s] Level 1:colcon.colcon_core.package_identification:_identify(src/Blimp) by extensions ['colcon_meta']
[0.173s] Level 1:colcon.colcon_core.package_identification:_identify(src/Blimp) by extension 'colcon_meta'
[0.173s] Level 1:colcon.colcon_core.package_identification:_identify(src/Blimp) by extensions ['ros']
[0.173s] Level 1:colcon.colcon_core.package_identification:_identify(src/Blimp) by extension 'ros'
[0.174s] DEBUG:colcon.colcon_core.package_identification:Package 'src/Blimp' with type 'ros.ament_python' and name 'Blimp'
[0.174s] Level 1:colcon.colcon_core.package_identification:_identify(src/TestingPkg) by extensions ['ignore', 'ignore_ament_install']
[0.174s] Level 1:colcon.colcon_core.package_identification:_identify(src/TestingPkg) by extension 'ignore'
[0.174s] Level 1:colcon.colcon_core.package_identification:_identify(src/TestingPkg) by extension 'ignore_ament_install'
[0.174s] Level 1:colcon.colcon_core.package_identification:_identify(src/TestingPkg) by extensions ['colcon_pkg']
[0.174s] Level 1:colcon.colcon_core.package_identification:_identify(src/TestingPkg) by extension 'colcon_pkg'
[0.174s] Level 1:colcon.colcon_core.package_identification:_identify(src/TestingPkg) by extensions ['colcon_meta']
[0.174s] Level 1:colcon.colcon_core.package_identification:_identify(src/TestingPkg) by extension 'colcon_meta'
[0.174s] Level 1:colcon.colcon_core.package_identification:_identify(src/TestingPkg) by extensions ['ros']
[0.174s] Level 1:colcon.colcon_core.package_identification:_identify(src/TestingPkg) by extension 'ros'
[0.174s] DEBUG:colcon.colcon_core.package_identification:Package 'src/TestingPkg' with type 'ros.ament_python' and name 'TestingPkg'
[0.174s] Level 1:colcon.colcon_core.package_discovery:discover_packages(recursive) using defaults
[0.174s] Level 1:colcon.colcon_core.package_discovery:discover_packages(ignore) discover
[0.174s] Level 1:colcon.colcon_core.package_discovery:discover_packages(ignore) using defaults
[0.174s] Level 1:colcon.colcon_core.package_discovery:discover_packages(path) discover
[0.174s] Level 1:colcon.colcon_core.package_discovery:discover_packages(path) using defaults
[0.190s] Level 1:colcon.colcon_core.package_discovery:discover_packages(prefix_path) check parameters
[0.190s] Level 1:colcon.colcon_core.package_discovery:discover_packages(prefix_path) discover
[0.192s] DEBUG:colcon.colcon_installed_package_information.package_discovery:Found 4 installed packages in /home/local/GitHub/Basestation/V3_ws/install
[0.193s] DEBUG:colcon.colcon_installed_package_information.package_discovery:Found 4 installed packages in /home/local/GitHub/CatchingBlimp/Summer2023/ros2_stereo/install
[0.194s] DEBUG:colcon.colcon_installed_package_information.package_discovery:Found 4 installed packages in /home/local/Basestation/Old_Basestation/V3_ws/install
[0.195s] DEBUG:colcon.colcon_installed_package_information.package_discovery:Found 268 installed packages in /opt/ros/foxy
[0.196s] Level 1:colcon.colcon_core.package_discovery:discover_packages(prefix_path) using defaults
[0.239s] Level 5:colcon.colcon_core.verb:set package 'BasestationV3' build argument 'cmake_args' from command line to 'None'
[0.239s] Level 5:colcon.colcon_core.verb:set package 'BasestationV3' build argument 'cmake_target' from command line to 'None'
[0.239s] Level 5:colcon.colcon_core.verb:set package 'BasestationV3' build argument 'cmake_target_skip_unavailable' from command line to 'False'
[0.239s] Level 5:colcon.colcon_core.verb:set package 'BasestationV3' build argument 'cmake_clean_cache' from command line to 'False'
[0.239s] Level 5:colcon.colcon_core.verb:set package 'BasestationV3' build argument 'cmake_clean_first' from command line to 'False'
[0.239s] Level 5:colcon.colcon_core.verb:set package 'BasestationV3' build argument 'cmake_force_configure' from command line to 'False'
[0.239s] Level 5:colcon.colcon_core.verb:set package 'BasestationV3' build argument 'ament_cmake_args' from command line to 'None'
[0.239s] Level 5:colcon.colcon_core.verb:set package 'BasestationV3' build argument 'catkin_cmake_args' from command line to 'None'
[0.239s] Level 5:colcon.colcon_core.verb:set package 'BasestationV3' build argument 'catkin_skip_building_tests' from command line to 'False'
[0.239s] DEBUG:colcon.colcon_core.verb:Building package 'BasestationV3' with the following arguments: {'ament_cmake_args': None, 'build_base': '/home/local/GitHub/Basestation/V3_ws/build/BasestationV3', 'catkin_cmake_args': None, 'catkin_skip_building_tests': False, 'cmake_args': None, 'cmake_clean_cache': False, 'cmake_clean_first': False, 'cmake_force_configure': False, 'cmake_target': None, 'cmake_target_skip_unavailable': False, 'install_base': '/home/local/GitHub/Basestation/V3_ws/install/BasestationV3', 'merge_install': False, 'path': '/home/local/GitHub/Basestation/V3_ws/src/BasestationV3', 'symlink_install': False, 'test_result_base': None}
[0.240s] Level 5:colcon.colcon_core.verb:set package 'Blimp' build argument 'cmake_args' from command line to 'None'
[0.240s] Level 5:colcon.colcon_core.verb:set package 'Blimp' build argument 'cmake_target' from command line to 'None'
[0.240s] Level 5:colcon.colcon_core.verb:set package 'Blimp' build argument 'cmake_target_skip_unavailable' from command line to 'False'
[0.240s] Level 5:colcon.colcon_core.verb:set package 'Blimp' build argument 'cmake_clean_cache' from command line to 'False'
[0.240s] Level 5:colcon.colcon_core.verb:set package 'Blimp' build argument 'cmake_clean_first' from command line to 'False'
[0.240s] Level 5:colcon.colcon_core.verb:set package 'Blimp' build argument 'cmake_force_configure' from command line to 'False'
[0.240s] Level 5:colcon.colcon_core.verb:set package 'Blimp' build argument 'ament_cmake_args' from command line to 'None'
[0.240s] Level 5:colcon.colcon_core.verb:set package 'Blimp' build argument 'catkin_cmake_args' from command line to 'None'
[0.240s] Level 5:colcon.colcon_core.verb:set package 'Blimp' build argument 'catkin_skip_building_tests' from command line to 'False'
[0.240s] DEBUG:colcon.colcon_core.verb:Building package 'Blimp' with the following arguments: {'ament_cmake_args': None, 'build_base': '/home/local/GitHub/Basestation/V3_ws/build/Blimp', 'catkin_cmake_args': None, 'catkin_skip_building_tests': False, 'cmake_args': None, 'cmake_clean_cache': False, 'cmake_clean_first': False, 'cmake_force_configure': False, 'cmake_target': None, 'cmake_target_skip_unavailable': False, 'install_base': '/home/local/GitHub/Basestation/V3_ws/install/Blimp', 'merge_install': False, 'path': '/home/local/GitHub/Basestation/V3_ws/src/Blimp', 'symlink_install': False, 'test_result_base': None}
[0.240s] Level 5:colcon.colcon_core.verb:set package 'TestingPkg' build argument 'cmake_args' from command line to 'None'
[0.240s] Level 5:colcon.colcon_core.verb:set package 'TestingPkg' build argument 'cmake_target' from command line to 'None'
[0.240s] Level 5:colcon.colcon_core.verb:set package 'TestingPkg' build argument 'cmake_target_skip_unavailable' from command line to 'False'
[0.240s] Level 5:colcon.colcon_core.verb:set package 'TestingPkg' build argument 'cmake_clean_cache' from command line to 'False'
[0.240s] Level 5:colcon.colcon_core.verb:set package 'TestingPkg' build argument 'cmake_clean_first' from command line to 'False'
[0.240s] Level 5:colcon.colcon_core.verb:set package 'TestingPkg' build argument 'cmake_force_configure' from command line to 'False'
[0.240s] Level 5:colcon.colcon_core.verb:set package 'TestingPkg' build argument 'ament_cmake_args' from command line to 'None'
[0.240s] Level 5:colcon.colcon_core.verb:set package 'TestingPkg' build argument 'catkin_cmake_args' from command line to 'None'
[0.240s] Level 5:colcon.colcon_core.verb:set package 'TestingPkg' build argument 'catkin_skip_building_tests' from command line to 'False'
[0.240s] DEBUG:colcon.colcon_core.verb:Building package 'TestingPkg' with the following arguments: {'ament_cmake_args': None, 'build_base': '/home/local/GitHub/Basestation/V3_ws/build/TestingPkg', 'catkin_cmake_args': None, 'catkin_skip_building_tests': False, 'cmake_args': None, 'cmake_clean_cache': False, 'cmake_clean_first': False, 'cmake_force_configure': False, 'cmake_target': None, 'cmake_target_skip_unavailable': False, 'install_base': '/home/local/GitHub/Basestation/V3_ws/install/TestingPkg', 'merge_install': False, 'path': '/home/local/GitHub/Basestation/V3_ws/src/TestingPkg', 'symlink_install': False, 'test_result_base': None}
[0.241s] INFO:colcon.colcon_core.executor:Executing jobs using 'parallel' executor
[0.243s] DEBUG:colcon.colcon_parallel_executor.executor.parallel:run_until_complete
[0.243s] INFO:colcon.colcon_ros.task.ament_python.build:Building ROS package in '/home/local/GitHub/Basestation/V3_ws/src/BasestationV3' with build type 'ament_python'
[0.243s] Level 1:colcon.colcon_core.shell:create_environment_hook('BasestationV3', 'ament_prefix_path')
[0.247s] INFO:colcon.colcon_core.plugin_system:Skipping extension 'colcon_core.shell.bat': Not used on non-Windows systems
[0.248s] INFO:colcon.colcon_core.shell:Creating environment hook '/home/local/GitHub/Basestation/V3_ws/install/BasestationV3/share/BasestationV3/hook/ament_prefix_path.ps1'
[0.248s] INFO:colcon.colcon_core.shell:Creating environment descriptor '/home/local/GitHub/Basestation/V3_ws/install/BasestationV3/share/BasestationV3/hook/ament_prefix_path.dsv'
[0.248s] INFO:colcon.colcon_core.shell:Creating environment hook '/home/local/GitHub/Basestation/V3_ws/install/BasestationV3/share/BasestationV3/hook/ament_prefix_path.sh'
[0.249s] INFO:colcon.colcon_core.shell:Skip shell extension 'powershell' for command environment: Not usable outside of PowerShell
[0.249s] DEBUG:colcon.colcon_core.shell:Skip shell extension 'dsv' for command environment
[0.254s] INFO:colcon.colcon_ros.task.ament_python.build:Building ROS package in '/home/local/GitHub/Basestation/V3_ws/src/Blimp' with build type 'ament_python'
[0.255s] Level 1:colcon.colcon_core.shell:create_environment_hook('Blimp', 'ament_prefix_path')
[0.256s] INFO:colcon.colcon_core.shell:Creating environment hook '/home/local/GitHub/Basestation/V3_ws/install/Blimp/share/Blimp/hook/ament_prefix_path.ps1'
[0.256s] INFO:colcon.colcon_core.shell:Creating environment descriptor '/home/local/GitHub/Basestation/V3_ws/install/Blimp/share/Blimp/hook/ament_prefix_path.dsv'
[0.257s] INFO:colcon.colcon_core.shell:Creating environment hook '/home/local/GitHub/Basestation/V3_ws/install/Blimp/share/Blimp/hook/ament_prefix_path.sh'
[0.258s] INFO:colcon.colcon_core.shell:Skip shell extension 'powershell' for command environment: Not usable outside of PowerShell
[0.258s] DEBUG:colcon.colcon_core.shell:Skip shell extension 'dsv' for command environment
[0.261s] INFO:colcon.colcon_ros.task.ament_python.build:Building ROS package in '/home/local/GitHub/Basestation/V3_ws/src/TestingPkg' with build type 'ament_python'
[0.262s] Level 1:colcon.colcon_core.shell:create_environment_hook('TestingPkg', 'ament_prefix_path')
[0.263s] INFO:colcon.colcon_core.shell:Creating environment hook '/home/local/GitHub/Basestation/V3_ws/install/TestingPkg/share/TestingPkg/hook/ament_prefix_path.ps1'
[0.264s] INFO:colcon.colcon_core.shell:Creating environment descriptor '/home/local/GitHub/Basestation/V3_ws/install/TestingPkg/share/TestingPkg/hook/ament_prefix_path.dsv'
[0.264s] INFO:colcon.colcon_core.shell:Creating environment hook '/home/local/GitHub/Basestation/V3_ws/install/TestingPkg/share/TestingPkg/hook/ament_prefix_path.sh'
[0.265s] INFO:colcon.colcon_core.shell:Skip shell extension 'powershell' for command environment: Not usable outside of PowerShell
[0.265s] DEBUG:colcon.colcon_core.shell:Skip shell extension 'dsv' for command environment
[0.387s] INFO:colcon.colcon_core.task.python.build:Building Python package in '/home/local/GitHub/Basestation/V3_ws/src/BasestationV3'
[0.388s] INFO:colcon.colcon_core.shell:Skip shell extension 'powershell' for command environment: Not usable outside of PowerShell
[0.388s] DEBUG:colcon.colcon_core.shell:Skip shell extension 'dsv' for command environment
[0.487s] INFO:colcon.colcon_core.task.python.build:Building Python package in '/home/local/GitHub/Basestation/V3_ws/src/Blimp'
[0.488s] INFO:colcon.colcon_core.shell:Skip shell extension 'powershell' for command environment: Not usable outside of PowerShell
[0.488s] DEBUG:colcon.colcon_core.shell:Skip shell extension 'dsv' for command environment
[0.588s] INFO:colcon.colcon_core.task.python.build:Building Python package in '/home/local/GitHub/Basestation/V3_ws/src/TestingPkg'
[0.589s] INFO:colcon.colcon_core.shell:Skip shell extension 'powershell' for command environment: Not usable outside of PowerShell
[0.590s] DEBUG:colcon.colcon_core.shell:Skip shell extension 'dsv' for command environment
[0.922s] DEBUG:colcon.colcon_core.event_handler.log_command:Invoking command in '/home/local/GitHub/Basestation/V3_ws/src/BasestationV3': PYTHONPATH=/home/local/GitHub/Basestation/V3_ws/build/BasestationV3/prefix_override:/home/local/GitHub/Basestation/V3_ws/install/BasestationV3/lib/python3.8/site-packages:${PYTHONPATH} /usr/bin/python3 setup.py egg_info --egg-base ../../build/BasestationV3 build --build-base /home/local/GitHub/Basestation/V3_ws/build/BasestationV3/build install --record /home/local/GitHub/Basestation/V3_ws/build/BasestationV3/install.log --install-scripts $base/lib/BasestationV3 --single-version-externally-managed
[0.933s] DEBUG:colcon.colcon_core.event_handler.log_command:Invoking command in '/home/local/GitHub/Basestation/V3_ws/src/Blimp': PYTHONPATH=/home/local/GitHub/Basestation/V3_ws/build/Blimp/prefix_override:/home/local/GitHub/Basestation/V3_ws/install/Blimp/lib/python3.8/site-packages:${PYTHONPATH} /usr/bin/python3 setup.py egg_info --egg-base ../../build/Blimp build --build-base /home/local/GitHub/Basestation/V3_ws/build/Blimp/build install --record /home/local/GitHub/Basestation/V3_ws/build/Blimp/install.log --install-scripts $base/lib/Blimp --single-version-externally-managed
[0.951s] DEBUG:colcon.colcon_core.event_handler.log_command:Invoking command in '/home/local/GitHub/Basestation/V3_ws/src/TestingPkg': PYTHONPATH=/home/local/GitHub/Basestation/V3_ws/build/TestingPkg/prefix_override:/home/local/GitHub/Basestation/V3_ws/install/TestingPkg/lib/python3.8/site-packages:${PYTHONPATH} /usr/bin/python3 setup.py egg_info --egg-base ../../build/TestingPkg build --build-base /home/local/GitHub/Basestation/V3_ws/build/TestingPkg/build install --record /home/local/GitHub/Basestation/V3_ws/build/TestingPkg/install.log --install-scripts $base/lib/TestingPkg --single-version-externally-managed
[1.159s] DEBUG:colcon.colcon_core.event_handler.log_command:Invoked command in '/home/local/GitHub/Basestation/V3_ws/src/Blimp' returned '0': PYTHONPATH=/home/local/GitHub/Basestation/V3_ws/build/Blimp/prefix_override:/home/local/GitHub/Basestation/V3_ws/install/Blimp/lib/python3.8/site-packages:${PYTHONPATH} /usr/bin/python3 setup.py egg_info --egg-base ../../build/Blimp build --build-base /home/local/GitHub/Basestation/V3_ws/build/Blimp/build install --record /home/local/GitHub/Basestation/V3_ws/build/Blimp/install.log --install-scripts $base/lib/Blimp --single-version-externally-managed
[1.165s] Level 1:colcon.colcon_core.environment:checking '/home/local/GitHub/Basestation/V3_ws/install/Blimp' for CMake module files
[1.165s] Level 1:colcon.colcon_core.environment:checking '/home/local/GitHub/Basestation/V3_ws/install/Blimp' for CMake config files
[1.166s] Level 1:colcon.colcon_core.environment:checking '/home/local/GitHub/Basestation/V3_ws/install/Blimp/lib'
[1.166s] Level 1:colcon.colcon_core.environment:checking '/home/local/GitHub/Basestation/V3_ws/install/Blimp/bin'
[1.166s] Level 1:colcon.colcon_core.environment:checking '/home/local/GitHub/Basestation/V3_ws/install/Blimp/lib/pkgconfig/Blimp.pc'
[1.166s] Level 1:colcon.colcon_core.environment:checking '/home/local/GitHub/Basestation/V3_ws/install/Blimp/lib/python3.8/site-packages'
[1.166s] Level 1:colcon.colcon_core.shell:create_environment_hook('Blimp', 'pythonpath')
[1.167s] INFO:colcon.colcon_core.shell:Creating environment hook '/home/local/GitHub/Basestation/V3_ws/install/Blimp/share/Blimp/hook/pythonpath.ps1'
[1.168s] INFO:colcon.colcon_core.shell:Creating environment descriptor '/home/local/GitHub/Basestation/V3_ws/install/Blimp/share/Blimp/hook/pythonpath.dsv'
[1.168s] INFO:colcon.colcon_core.shell:Creating environment hook '/home/local/GitHub/Basestation/V3_ws/install/Blimp/share/Blimp/hook/pythonpath.sh'
[1.168s] Level 1:colcon.colcon_core.environment:checking '/home/local/GitHub/Basestation/V3_ws/install/Blimp/bin'
[1.168s] Level 1:colcon.colcon_core.environment:create_environment_scripts_only(Blimp)
[1.169s] INFO:colcon.colcon_core.shell:Creating package script '/home/local/GitHub/Basestation/V3_ws/install/Blimp/share/Blimp/package.ps1'
[1.169s] INFO:colcon.colcon_core.shell:Creating package descriptor '/home/local/GitHub/Basestation/V3_ws/install/Blimp/share/Blimp/package.dsv'
[1.170s] INFO:colcon.colcon_core.shell:Creating package script '/home/local/GitHub/Basestation/V3_ws/install/Blimp/share/Blimp/package.sh'
[1.170s] INFO:colcon.colcon_core.shell:Creating package script '/home/local/GitHub/Basestation/V3_ws/install/Blimp/share/Blimp/package.bash'
[1.170s] INFO:colcon.colcon_core.shell:Creating package script '/home/local/GitHub/Basestation/V3_ws/install/Blimp/share/Blimp/package.zsh'
[1.170s] Level 1:colcon.colcon_core.environment:create_file_with_runtime_dependencies(/home/local/GitHub/Basestation/V3_ws/install/Blimp/share/colcon-core/packages/Blimp)
[1.172s] Level 1:colcon.colcon_core.environment:checking '/home/local/GitHub/Basestation/V3_ws/install/BasestationV3' for CMake module files
[1.173s] DEBUG:colcon.colcon_core.event_handler.log_command:Invoked command in '/home/local/GitHub/Basestation/V3_ws/src/BasestationV3' returned '0': PYTHONPATH=/home/local/GitHub/Basestation/V3_ws/build/BasestationV3/prefix_override:/home/local/GitHub/Basestation/V3_ws/install/BasestationV3/lib/python3.8/site-packages:${PYTHONPATH} /usr/bin/python3 setup.py egg_info --egg-base ../../build/BasestationV3 build --build-base /home/local/GitHub/Basestation/V3_ws/build/BasestationV3/build install --record /home/local/GitHub/Basestation/V3_ws/build/BasestationV3/install.log --install-scripts $base/lib/BasestationV3 --single-version-externally-managed
[1.173s] Level 1:colcon.colcon_core.environment:checking '/home/local/GitHub/Basestation/V3_ws/install/BasestationV3' for CMake config files
[1.173s] Level 1:colcon.colcon_core.environment:checking '/home/local/GitHub/Basestation/V3_ws/install/BasestationV3/lib'
[1.173s] Level 1:colcon.colcon_core.environment:checking '/home/local/GitHub/Basestation/V3_ws/install/BasestationV3/bin'
[1.173s] Level 1:colcon.colcon_core.environment:checking '/home/local/GitHub/Basestation/V3_ws/install/BasestationV3/lib/pkgconfig/BasestationV3.pc'
[1.173s] Level 1:colcon.colcon_core.environment:checking '/home/local/GitHub/Basestation/V3_ws/install/BasestationV3/lib/python3.8/site-packages'
[1.173s] Level 1:colcon.colcon_core.shell:create_environment_hook('BasestationV3', 'pythonpath')
[1.174s] INFO:colcon.colcon_core.shell:Creating environment hook '/home/local/GitHub/Basestation/V3_ws/install/BasestationV3/share/BasestationV3/hook/pythonpath.ps1'
[1.174s] INFO:colcon.colcon_core.shell:Creating environment descriptor '/home/local/GitHub/Basestation/V3_ws/install/BasestationV3/share/BasestationV3/hook/pythonpath.dsv'
[1.175s] INFO:colcon.colcon_core.shell:Creating environment hook '/home/local/GitHub/Basestation/V3_ws/install/BasestationV3/share/BasestationV3/hook/pythonpath.sh'
[1.175s] Level 1:colcon.colcon_core.environment:checking '/home/local/GitHub/Basestation/V3_ws/install/BasestationV3/bin'
[1.175s] Level 1:colcon.colcon_core.environment:create_environment_scripts_only(BasestationV3)
[1.176s] INFO:colcon.colcon_core.shell:Creating package script '/home/local/GitHub/Basestation/V3_ws/install/BasestationV3/share/BasestationV3/package.ps1'
[1.176s] INFO:colcon.colcon_core.shell:Creating package descriptor '/home/local/GitHub/Basestation/V3_ws/install/BasestationV3/share/BasestationV3/package.dsv'
[1.176s] INFO:colcon.colcon_core.shell:Creating package script '/home/local/GitHub/Basestation/V3_ws/install/BasestationV3/share/BasestationV3/package.sh'
[1.176s] INFO:colcon.colcon_core.shell:Creating package script '/home/local/GitHub/Basestation/V3_ws/install/BasestationV3/share/BasestationV3/package.bash'
[1.176s] INFO:colcon.colcon_core.shell:Creating package script '/home/local/GitHub/Basestation/V3_ws/install/BasestationV3/share/BasestationV3/package.zsh'
[1.176s] Level 1:colcon.colcon_core.environment:create_file_with_runtime_dependencies(/home/local/GitHub/Basestation/V3_ws/install/BasestationV3/share/colcon-core/packages/BasestationV3)
[1.274s] Level 1:colcon.colcon_core.environment:checking '/home/local/GitHub/Basestation/V3_ws/install/TestingPkg' for CMake module files
[1.275s] DEBUG:colcon.colcon_core.event_handler.log_command:Invoked command in '/home/local/GitHub/Basestation/V3_ws/src/TestingPkg' returned '0': PYTHONPATH=/home/local/GitHub/Basestation/V3_ws/build/TestingPkg/prefix_override:/home/local/GitHub/Basestation/V3_ws/install/TestingPkg/lib/python3.8/site-packages:${PYTHONPATH} /usr/bin/python3 setup.py egg_info --egg-base ../../build/TestingPkg build --build-base /home/local/GitHub/Basestation/V3_ws/build/TestingPkg/build install --record /home/local/GitHub/Basestation/V3_ws/build/TestingPkg/install.log --install-scripts $base/lib/TestingPkg --single-version-externally-managed
[1.275s] Level 1:colcon.colcon_core.environment:checking '/home/local/GitHub/Basestation/V3_ws/install/TestingPkg' for CMake config files
[1.275s] Level 1:colcon.colcon_core.environment:checking '/home/local/GitHub/Basestation/V3_ws/install/TestingPkg/lib'
[1.275s] Level 1:colcon.colcon_core.environment:checking '/home/local/GitHub/Basestation/V3_ws/install/TestingPkg/bin'
[1.275s] Level 1:colcon.colcon_core.environment:checking '/home/local/GitHub/Basestation/V3_ws/install/TestingPkg/lib/pkgconfig/TestingPkg.pc'
[1.275s] Level 1:colcon.colcon_core.environment:checking '/home/local/GitHub/Basestation/V3_ws/install/TestingPkg/lib/python3.8/site-packages'
[1.276s] Level 1:colcon.colcon_core.shell:create_environment_hook('TestingPkg', 'pythonpath')
[1.276s] INFO:colcon.colcon_core.shell:Creating environment hook '/home/local/GitHub/Basestation/V3_ws/install/TestingPkg/share/TestingPkg/hook/pythonpath.ps1'
[1.277s] INFO:colcon.colcon_core.shell:Creating environment descriptor '/home/local/GitHub/Basestation/V3_ws/install/TestingPkg/share/TestingPkg/hook/pythonpath.dsv'
[1.277s] INFO:colcon.colcon_core.shell:Creating environment hook '/home/local/GitHub/Basestation/V3_ws/install/TestingPkg/share/TestingPkg/hook/pythonpath.sh'
[1.277s] Level 1:colcon.colcon_core.environment:checking '/home/local/GitHub/Basestation/V3_ws/install/TestingPkg/bin'
[1.277s] Level 1:colcon.colcon_core.environment:create_environment_scripts_only(TestingPkg)
[1.278s] INFO:colcon.colcon_core.shell:Creating package script '/home/local/GitHub/Basestation/V3_ws/install/TestingPkg/share/TestingPkg/package.ps1'
[1.278s] INFO:colcon.colcon_core.shell:Creating package descriptor '/home/local/GitHub/Basestation/V3_ws/install/TestingPkg/share/TestingPkg/package.dsv'
[1.278s] INFO:colcon.colcon_core.shell:Creating package script '/home/local/GitHub/Basestation/V3_ws/install/TestingPkg/share/TestingPkg/package.sh'
[1.278s] INFO:colcon.colcon_core.shell:Creating package script '/home/local/GitHub/Basestation/V3_ws/install/TestingPkg/share/TestingPkg/package.bash'
[1.279s] INFO:colcon.colcon_core.shell:Creating package script '/home/local/GitHub/Basestation/V3_ws/install/TestingPkg/share/TestingPkg/package.zsh'
[1.279s] Level 1:colcon.colcon_core.environment:create_file_with_runtime_dependencies(/home/local/GitHub/Basestation/V3_ws/install/TestingPkg/share/colcon-core/packages/TestingPkg)
[1.279s] DEBUG:colcon.colcon_parallel_executor.executor.parallel:closing loop
[1.279s] DEBUG:colcon.colcon_parallel_executor.executor.parallel:loop closed
[1.279s] DEBUG:colcon.colcon_parallel_executor.executor.parallel:run_until_complete finished with '0'
[1.279s] DEBUG:colcon.colcon_core.event_reactor:joining thread
[1.289s] INFO:colcon.colcon_core.plugin_system:Skipping extension 'colcon_notification.desktop_notification.terminal_notifier': Not used on non-Darwin systems
[1.289s] INFO:colcon.colcon_core.plugin_system:Skipping extension 'colcon_notification.desktop_notification.win32': Not used on non-Windows systems
[1.289s] INFO:colcon.colcon_notification.desktop_notification:Sending desktop notification using 'notify2'
[1.307s] DEBUG:colcon.colcon_core.event_reactor:joined thread
[1.309s] INFO:colcon.colcon_core.shell:Creating prefix script '/home/local/GitHub/Basestation/V3_ws/install/local_setup.ps1'
[1.309s] INFO:colcon.colcon_core.shell:Creating prefix util module '/home/local/GitHub/Basestation/V3_ws/install/_local_setup_util_ps1.py'
[1.310s] INFO:colcon.colcon_core.shell:Creating prefix chain script '/home/local/GitHub/Basestation/V3_ws/install/setup.ps1'
[1.311s] INFO:colcon.colcon_core.shell:Creating prefix script '/home/local/GitHub/Basestation/V3_ws/install/local_setup.sh'
[1.312s] INFO:colcon.colcon_core.shell:Creating prefix util module '/home/local/GitHub/Basestation/V3_ws/install/_local_setup_util_sh.py'
[1.312s] INFO:colcon.colcon_core.shell:Creating prefix chain script '/home/local/GitHub/Basestation/V3_ws/install/setup.sh'
[1.313s] INFO:colcon.colcon_core.shell:Creating prefix script '/home/local/GitHub/Basestation/V3_ws/install/local_setup.bash'
[1.313s] INFO:colcon.colcon_core.shell:Creating prefix chain script '/home/local/GitHub/Basestation/V3_ws/install/setup.bash'
[1.314s] INFO:colcon.colcon_core.shell:Creating prefix script '/home/local/GitHub/Basestation/V3_ws/install/local_setup.zsh'
[1.314s] INFO:colcon.colcon_core.shell:Creating prefix chain script '/home/local/GitHub/Basestation/V3_ws/install/setup.zsh'
