[0.189s] DEBUG:colcon:Command line arguments: ['/usr/bin/colcon', 'build']
[0.189s] DEBUG:colcon:Parsed command line arguments: Namespace(allow_overriding=[], ament_cmake_args=None, base_paths=['.'], build_base='build', catkin_cmake_args=None, catkin_skip_building_tests=False, cmake_args=None, cmake_clean_cache=False, cmake_clean_first=False, cmake_force_configure=False, cmake_target=None, cmake_target_skip_unavailable=False, continue_on_error=False, event_handlers=None, executor='parallel', ignore_user_meta=False, install_base='install', log_base=None, log_level=None, main=<bound method BuildVerb.main of <colcon_core.verb.build.BuildVerb object at 0x7f5828134eb0>>, merge_install=False, metas=['./colcon.meta'], packages_above=None, packages_above_and_dependencies=None, packages_above_depth=None, packages_end=None, packages_ignore=None, packages_ignore_regex=None, packages_select=None, packages_select_build_failed=False, packages_select_by_dep=None, packages_select_regex=None, packages_select_test_failures=False, packages_skip=None, packages_skip_build_finished=False, packages_skip_by_dep=None, packages_skip_regex=None, packages_skip_test_passed=False, packages_skip_up_to=None, packages_start=None, packages_up_to=None, packages_up_to_regex=None, parallel_workers=8, paths=None, symlink_install=False, test_result_base=None, verb_extension=<colcon_core.verb.build.BuildVerb object at 0x7f5828134eb0>, verb_name='build', verb_parser=<colcon_defaults.argument_parser.defaults.DefaultArgumentsDecorator object at 0x7f582813d460>)
[0.206s] Level 1:colcon.colcon_core.package_discovery:discover_packages(colcon_meta) check parameters
[0.206s] Level 1:colcon.colcon_core.package_discovery:discover_packages(recursive) check parameters
[0.206s] Level 1:colcon.colcon_core.package_discovery:discover_packages(ignore) check parameters
[0.206s] Level 1:colcon.colcon_core.package_discovery:discover_packages(path) check parameters
[0.206s] Level 1:colcon.colcon_core.package_discovery:discover_packages(colcon_meta) discover
[0.206s] Level 1:colcon.colcon_core.package_discovery:discover_packages(recursive) discover
[0.206s] INFO:colcon.colcon_core.package_discovery:Crawling recursively for packages in '/home/coreblimp1/GitHub/Basestation/V3_ws'
[0.206s] Level 1:colcon.colcon_core.package_identification:_identify(.) by extensions ['ignore', 'ignore_ament_install']
[0.206s] Level 1:colcon.colcon_core.package_identification:_identify(.) by extension 'ignore'
[0.206s] Level 1:colcon.colcon_core.package_identification:_identify(.) by extension 'ignore_ament_install'
[0.206s] Level 1:colcon.colcon_core.package_identification:_identify(.) by extensions ['colcon_pkg']
[0.206s] Level 1:colcon.colcon_core.package_identification:_identify(.) by extension 'colcon_pkg'
[0.206s] Level 1:colcon.colcon_core.package_identification:_identify(.) by extensions ['colcon_meta']
[0.206s] Level 1:colcon.colcon_core.package_identification:_identify(.) by extension 'colcon_meta'
[0.206s] Level 1:colcon.colcon_core.package_identification:_identify(.) by extensions ['ros']
[0.206s] Level 1:colcon.colcon_core.package_identification:_identify(.) by extension 'ros'
[0.220s] Level 1:colcon.colcon_core.package_identification:_identify(.) by extensions ['cmake', 'python']
[0.220s] Level 1:colcon.colcon_core.package_identification:_identify(.) by extension 'cmake'
[0.220s] Level 1:colcon.colcon_core.package_identification:_identify(.) by extension 'python'
[0.220s] Level 1:colcon.colcon_core.package_identification:_identify(.) by extensions ['python_setup_py']
[0.220s] Level 1:colcon.colcon_core.package_identification:_identify(.) by extension 'python_setup_py'
[0.220s] Level 1:colcon.colcon_core.package_identification:_identify(build) by extensions ['ignore', 'ignore_ament_install']
[0.220s] Level 1:colcon.colcon_core.package_identification:_identify(build) by extension 'ignore'
[0.220s] Level 1:colcon.colcon_core.package_identification:_identify(build) ignored
[0.220s] Level 1:colcon.colcon_core.package_identification:_identify(install) by extensions ['ignore', 'ignore_ament_install']
[0.220s] Level 1:colcon.colcon_core.package_identification:_identify(install) by extension 'ignore'
[0.220s] Level 1:colcon.colcon_core.package_identification:_identify(install) ignored
[0.220s] Level 1:colcon.colcon_core.package_identification:_identify(log) by extensions ['ignore', 'ignore_ament_install']
[0.220s] Level 1:colcon.colcon_core.package_identification:_identify(log) by extension 'ignore'
[0.220s] Level 1:colcon.colcon_core.package_identification:_identify(log) ignored
[0.220s] Level 1:colcon.colcon_core.package_identification:_identify(src) by extensions ['ignore', 'ignore_ament_install']
[0.220s] Level 1:colcon.colcon_core.package_identification:_identify(src) by extension 'ignore'
[0.220s] Level 1:colcon.colcon_core.package_identification:_identify(src) by extension 'ignore_ament_install'
[0.221s] Level 1:colcon.colcon_core.package_identification:_identify(src) by extensions ['colcon_pkg']
[0.221s] Level 1:colcon.colcon_core.package_identification:_identify(src) by extension 'colcon_pkg'
[0.221s] Level 1:colcon.colcon_core.package_identification:_identify(src) by extensions ['colcon_meta']
[0.221s] Level 1:colcon.colcon_core.package_identification:_identify(src) by extension 'colcon_meta'
[0.221s] Level 1:colcon.colcon_core.package_identification:_identify(src) by extensions ['ros']
[0.221s] Level 1:colcon.colcon_core.package_identification:_identify(src) by extension 'ros'
[0.221s] Level 1:colcon.colcon_core.package_identification:_identify(src) by extensions ['cmake', 'python']
[0.221s] Level 1:colcon.colcon_core.package_identification:_identify(src) by extension 'cmake'
[0.221s] Level 1:colcon.colcon_core.package_identification:_identify(src) by extension 'python'
[0.221s] Level 1:colcon.colcon_core.package_identification:_identify(src) by extensions ['python_setup_py']
[0.221s] Level 1:colcon.colcon_core.package_identification:_identify(src) by extension 'python_setup_py'
[0.221s] Level 1:colcon.colcon_core.package_identification:_identify(src/BasestationV3) by extensions ['ignore', 'ignore_ament_install']
[0.221s] Level 1:colcon.colcon_core.package_identification:_identify(src/BasestationV3) by extension 'ignore'
[0.221s] Level 1:colcon.colcon_core.package_identification:_identify(src/BasestationV3) by extension 'ignore_ament_install'
[0.221s] Level 1:colcon.colcon_core.package_identification:_identify(src/BasestationV3) by extensions ['colcon_pkg']
[0.221s] Level 1:colcon.colcon_core.package_identification:_identify(src/BasestationV3) by extension 'colcon_pkg'
[0.221s] Level 1:colcon.colcon_core.package_identification:_identify(src/BasestationV3) by extensions ['colcon_meta']
[0.221s] Level 1:colcon.colcon_core.package_identification:_identify(src/BasestationV3) by extension 'colcon_meta'
[0.221s] Level 1:colcon.colcon_core.package_identification:_identify(src/BasestationV3) by extensions ['ros']
[0.221s] Level 1:colcon.colcon_core.package_identification:_identify(src/BasestationV3) by extension 'ros'
[0.223s] DEBUG:colcon.colcon_core.package_identification:Package 'src/BasestationV3' with type 'ros.ament_python' and name 'BasestationV3'
[0.223s] Level 1:colcon.colcon_core.package_discovery:discover_packages(recursive) using defaults
[0.223s] Level 1:colcon.colcon_core.package_discovery:discover_packages(ignore) discover
[0.223s] Level 1:colcon.colcon_core.package_discovery:discover_packages(ignore) using defaults
[0.223s] Level 1:colcon.colcon_core.package_discovery:discover_packages(path) discover
[0.223s] Level 1:colcon.colcon_core.package_discovery:discover_packages(path) using defaults
[0.236s] Level 1:colcon.colcon_core.package_discovery:discover_packages(prefix_path) check parameters
[0.236s] Level 1:colcon.colcon_core.package_discovery:discover_packages(prefix_path) discover
[0.238s] DEBUG:colcon.colcon_installed_package_information.package_discovery:Found 2 installed packages in /home/coreblimp1/GitHub/Basestation/V3_ws/install
[0.239s] DEBUG:colcon.colcon_installed_package_information.package_discovery:Found 256 installed packages in /opt/ros/foxy
[0.240s] Level 1:colcon.colcon_core.package_discovery:discover_packages(prefix_path) using defaults
[0.281s] Level 5:colcon.colcon_core.verb:set package 'BasestationV3' build argument 'cmake_args' from command line to 'None'
[0.281s] Level 5:colcon.colcon_core.verb:set package 'BasestationV3' build argument 'cmake_target' from command line to 'None'
[0.281s] Level 5:colcon.colcon_core.verb:set package 'BasestationV3' build argument 'cmake_target_skip_unavailable' from command line to 'False'
[0.281s] Level 5:colcon.colcon_core.verb:set package 'BasestationV3' build argument 'cmake_clean_cache' from command line to 'False'
[0.281s] Level 5:colcon.colcon_core.verb:set package 'BasestationV3' build argument 'cmake_clean_first' from command line to 'False'
[0.281s] Level 5:colcon.colcon_core.verb:set package 'BasestationV3' build argument 'cmake_force_configure' from command line to 'False'
[0.281s] Level 5:colcon.colcon_core.verb:set package 'BasestationV3' build argument 'ament_cmake_args' from command line to 'None'
[0.281s] Level 5:colcon.colcon_core.verb:set package 'BasestationV3' build argument 'catkin_cmake_args' from command line to 'None'
[0.281s] Level 5:colcon.colcon_core.verb:set package 'BasestationV3' build argument 'catkin_skip_building_tests' from command line to 'False'
[0.281s] DEBUG:colcon.colcon_core.verb:Building package 'BasestationV3' with the following arguments: {'ament_cmake_args': None, 'build_base': '/home/coreblimp1/GitHub/Basestation/V3_ws/build/BasestationV3', 'catkin_cmake_args': None, 'catkin_skip_building_tests': False, 'cmake_args': None, 'cmake_clean_cache': False, 'cmake_clean_first': False, 'cmake_force_configure': False, 'cmake_target': None, 'cmake_target_skip_unavailable': False, 'install_base': '/home/coreblimp1/GitHub/Basestation/V3_ws/install/BasestationV3', 'merge_install': False, 'path': '/home/coreblimp1/GitHub/Basestation/V3_ws/src/BasestationV3', 'symlink_install': False, 'test_result_base': None}
[0.282s] INFO:colcon.colcon_core.executor:Executing jobs using 'parallel' executor
[0.284s] DEBUG:colcon.colcon_parallel_executor.executor.parallel:run_until_complete
[0.284s] INFO:colcon.colcon_ros.task.ament_python.build:Building ROS package in '/home/coreblimp1/GitHub/Basestation/V3_ws/src/BasestationV3' with build type 'ament_python'
[0.284s] Level 1:colcon.colcon_core.shell:create_environment_hook('BasestationV3', 'ament_prefix_path')
[0.287s] INFO:colcon.colcon_core.plugin_system:Skipping extension 'colcon_core.shell.bat': Not used on non-Windows systems
[0.287s] INFO:colcon.colcon_core.shell:Creating environment hook '/home/coreblimp1/GitHub/Basestation/V3_ws/install/BasestationV3/share/BasestationV3/hook/ament_prefix_path.ps1'
[0.287s] INFO:colcon.colcon_core.shell:Creating environment descriptor '/home/coreblimp1/GitHub/Basestation/V3_ws/install/BasestationV3/share/BasestationV3/hook/ament_prefix_path.dsv'
[0.288s] INFO:colcon.colcon_core.shell:Creating environment hook '/home/coreblimp1/GitHub/Basestation/V3_ws/install/BasestationV3/share/BasestationV3/hook/ament_prefix_path.sh'
[0.289s] INFO:colcon.colcon_core.shell:Skip shell extension 'powershell' for command environment: Not usable outside of PowerShell
[0.289s] DEBUG:colcon.colcon_core.shell:Skip shell extension 'dsv' for command environment
[0.428s] INFO:colcon.colcon_core.task.python.build:Building Python package in '/home/coreblimp1/GitHub/Basestation/V3_ws/src/BasestationV3'
[0.429s] INFO:colcon.colcon_core.shell:Skip shell extension 'powershell' for command environment: Not usable outside of PowerShell
[0.429s] DEBUG:colcon.colcon_core.shell:Skip shell extension 'dsv' for command environment
[0.692s] DEBUG:colcon.colcon_core.event_handler.log_command:Invoking command in '/home/coreblimp1/GitHub/Basestation/V3_ws/src/BasestationV3': PYTHONPATH=/home/coreblimp1/GitHub/Basestation/V3_ws/build/BasestationV3/prefix_override:/home/coreblimp1/GitHub/Basestation/V3_ws/install/BasestationV3/lib/python3.8/site-packages:${PYTHONPATH} /usr/bin/python3 setup.py egg_info --egg-base ../../build/BasestationV3 build --build-base /home/coreblimp1/GitHub/Basestation/V3_ws/build/BasestationV3/build install --record /home/coreblimp1/GitHub/Basestation/V3_ws/build/BasestationV3/install.log --install-scripts $base/lib/BasestationV3 --single-version-externally-managed
[0.872s] DEBUG:colcon.colcon_core.event_handler.log_command:Invoked command in '/home/coreblimp1/GitHub/Basestation/V3_ws/src/BasestationV3' returned '0': PYTHONPATH=/home/coreblimp1/GitHub/Basestation/V3_ws/build/BasestationV3/prefix_override:/home/coreblimp1/GitHub/Basestation/V3_ws/install/BasestationV3/lib/python3.8/site-packages:${PYTHONPATH} /usr/bin/python3 setup.py egg_info --egg-base ../../build/BasestationV3 build --build-base /home/coreblimp1/GitHub/Basestation/V3_ws/build/BasestationV3/build install --record /home/coreblimp1/GitHub/Basestation/V3_ws/build/BasestationV3/install.log --install-scripts $base/lib/BasestationV3 --single-version-externally-managed
[0.875s] Level 1:colcon.colcon_core.environment:checking '/home/coreblimp1/GitHub/Basestation/V3_ws/install/BasestationV3' for CMake module files
[0.875s] Level 1:colcon.colcon_core.environment:checking '/home/coreblimp1/GitHub/Basestation/V3_ws/install/BasestationV3' for CMake config files
[0.875s] Level 1:colcon.colcon_core.environment:checking '/home/coreblimp1/GitHub/Basestation/V3_ws/install/BasestationV3/lib'
[0.875s] Level 1:colcon.colcon_core.environment:checking '/home/coreblimp1/GitHub/Basestation/V3_ws/install/BasestationV3/bin'
[0.875s] Level 1:colcon.colcon_core.environment:checking '/home/coreblimp1/GitHub/Basestation/V3_ws/install/BasestationV3/lib/pkgconfig/BasestationV3.pc'
[0.876s] Level 1:colcon.colcon_core.environment:checking '/home/coreblimp1/GitHub/Basestation/V3_ws/install/BasestationV3/lib/python3.8/site-packages'
[0.876s] Level 1:colcon.colcon_core.shell:create_environment_hook('BasestationV3', 'pythonpath')
[0.876s] INFO:colcon.colcon_core.shell:Creating environment hook '/home/coreblimp1/GitHub/Basestation/V3_ws/install/BasestationV3/share/BasestationV3/hook/pythonpath.ps1'
[0.877s] INFO:colcon.colcon_core.shell:Creating environment descriptor '/home/coreblimp1/GitHub/Basestation/V3_ws/install/BasestationV3/share/BasestationV3/hook/pythonpath.dsv'
[0.877s] INFO:colcon.colcon_core.shell:Creating environment hook '/home/coreblimp1/GitHub/Basestation/V3_ws/install/BasestationV3/share/BasestationV3/hook/pythonpath.sh'
[0.877s] Level 1:colcon.colcon_core.environment:checking '/home/coreblimp1/GitHub/Basestation/V3_ws/install/BasestationV3/bin'
[0.877s] Level 1:colcon.colcon_core.environment:create_environment_scripts_only(BasestationV3)
[0.878s] INFO:colcon.colcon_core.shell:Creating package script '/home/coreblimp1/GitHub/Basestation/V3_ws/install/BasestationV3/share/BasestationV3/package.ps1'
[0.879s] INFO:colcon.colcon_core.shell:Creating package descriptor '/home/coreblimp1/GitHub/Basestation/V3_ws/install/BasestationV3/share/BasestationV3/package.dsv'
[0.879s] INFO:colcon.colcon_core.shell:Creating package script '/home/coreblimp1/GitHub/Basestation/V3_ws/install/BasestationV3/share/BasestationV3/package.sh'
[0.879s] INFO:colcon.colcon_core.shell:Creating package script '/home/coreblimp1/GitHub/Basestation/V3_ws/install/BasestationV3/share/BasestationV3/package.bash'
[0.880s] INFO:colcon.colcon_core.shell:Creating package script '/home/coreblimp1/GitHub/Basestation/V3_ws/install/BasestationV3/share/BasestationV3/package.zsh'
[0.880s] Level 1:colcon.colcon_core.environment:create_file_with_runtime_dependencies(/home/coreblimp1/GitHub/Basestation/V3_ws/install/BasestationV3/share/colcon-core/packages/BasestationV3)
[0.880s] DEBUG:colcon.colcon_parallel_executor.executor.parallel:closing loop
[0.880s] DEBUG:colcon.colcon_parallel_executor.executor.parallel:loop closed
[0.880s] DEBUG:colcon.colcon_parallel_executor.executor.parallel:run_until_complete finished with '0'
[0.880s] DEBUG:colcon.colcon_core.event_reactor:joining thread
[0.884s] INFO:colcon.colcon_core.plugin_system:Skipping extension 'colcon_notification.desktop_notification.terminal_notifier': Not used on non-Darwin systems
[0.884s] INFO:colcon.colcon_core.plugin_system:Skipping extension 'colcon_notification.desktop_notification.win32': Not used on non-Windows systems
[0.884s] INFO:colcon.colcon_notification.desktop_notification:Sending desktop notification using 'notify2'
[0.897s] DEBUG:colcon.colcon_core.event_reactor:joined thread
[0.898s] INFO:colcon.colcon_core.shell:Creating prefix script '/home/coreblimp1/GitHub/Basestation/V3_ws/install/local_setup.ps1'
[0.899s] INFO:colcon.colcon_core.shell:Creating prefix util module '/home/coreblimp1/GitHub/Basestation/V3_ws/install/_local_setup_util_ps1.py'
[0.900s] INFO:colcon.colcon_core.shell:Creating prefix chain script '/home/coreblimp1/GitHub/Basestation/V3_ws/install/setup.ps1'
[0.901s] INFO:colcon.colcon_core.shell:Creating prefix script '/home/coreblimp1/GitHub/Basestation/V3_ws/install/local_setup.sh'
[0.901s] INFO:colcon.colcon_core.shell:Creating prefix util module '/home/coreblimp1/GitHub/Basestation/V3_ws/install/_local_setup_util_sh.py'
[0.902s] INFO:colcon.colcon_core.shell:Creating prefix chain script '/home/coreblimp1/GitHub/Basestation/V3_ws/install/setup.sh'
[0.902s] INFO:colcon.colcon_core.shell:Creating prefix script '/home/coreblimp1/GitHub/Basestation/V3_ws/install/local_setup.bash'
[0.903s] INFO:colcon.colcon_core.shell:Creating prefix chain script '/home/coreblimp1/GitHub/Basestation/V3_ws/install/setup.bash'
[0.904s] INFO:colcon.colcon_core.shell:Creating prefix script '/home/coreblimp1/GitHub/Basestation/V3_ws/install/local_setup.zsh'
[0.904s] INFO:colcon.colcon_core.shell:Creating prefix chain script '/home/coreblimp1/GitHub/Basestation/V3_ws/install/setup.zsh'
