[0.423s] Invoking command in '/home/coreblimp1/GitHub/Basestation/V3_ws/src/BasestationV3': PYTHONPATH=/home/coreblimp1/GitHub/Basestation/V3_ws/build/BasestationV3/prefix_override:/home/coreblimp1/GitHub/Basestation/V3_ws/install/BasestationV3/lib/python3.8/site-packages:${PYTHONPATH} /usr/bin/python3 setup.py egg_info --egg-base ../../build/BasestationV3 build --build-base /home/coreblimp1/GitHub/Basestation/V3_ws/build/BasestationV3/build install --record /home/coreblimp1/GitHub/Basestation/V3_ws/build/BasestationV3/install.log --install-scripts $base/lib/BasestationV3 --single-version-externally-managed
[0.552s] running egg_info
[0.552s] writing ../../build/BasestationV3/BasestationV3.egg-info/PKG-INFO
[0.552s] writing dependency_links to ../../build/BasestationV3/BasestationV3.egg-info/dependency_links.txt
[0.552s] writing entry points to ../../build/BasestationV3/BasestationV3.egg-info/entry_points.txt
[0.553s] writing requirements to ../../build/BasestationV3/BasestationV3.egg-info/requires.txt
[0.553s] writing top-level names to ../../build/BasestationV3/BasestationV3.egg-info/top_level.txt
[0.575s] reading manifest file '../../build/BasestationV3/BasestationV3.egg-info/SOURCES.txt'
[0.576s] writing manifest file '../../build/BasestationV3/BasestationV3.egg-info/SOURCES.txt'
[0.576s] running build
[0.576s] running build_py
[0.576s] copying BasestationV3/BlimpHandler.py -> /home/coreblimp1/GitHub/Basestation/V3_ws/build/BasestationV3/build/lib/BasestationV3
[0.577s] running install
[0.577s] running install_lib
[0.578s] copying /home/coreblimp1/GitHub/Basestation/V3_ws/build/BasestationV3/build/lib/BasestationV3/BlimpHandler.py -> /home/coreblimp1/GitHub/Basestation/V3_ws/install/BasestationV3/lib/python3.8/site-packages/BasestationV3
[0.578s] byte-compiling /home/coreblimp1/GitHub/Basestation/V3_ws/install/BasestationV3/lib/python3.8/site-packages/BasestationV3/BlimpHandler.py to BlimpHandler.cpython-38.pyc
[0.581s] running install_data
[0.581s] running install_egg_info
[0.582s] removing '/home/coreblimp1/GitHub/Basestation/V3_ws/install/BasestationV3/lib/python3.8/site-packages/BasestationV3-0.0.0-py3.8.egg-info' (and everything under it)
[0.582s] Copying ../../build/BasestationV3/BasestationV3.egg-info to /home/coreblimp1/GitHub/Basestation/V3_ws/install/BasestationV3/lib/python3.8/site-packages/BasestationV3-0.0.0-py3.8.egg-info
[0.583s] running install_scripts
[0.594s] Installing HelloWorld script to /home/coreblimp1/GitHub/Basestation/V3_ws/install/BasestationV3/lib/BasestationV3
[0.594s] Installing Main script to /home/coreblimp1/GitHub/Basestation/V3_ws/install/BasestationV3/lib/BasestationV3
[0.594s] writing list of installed files to '/home/coreblimp1/GitHub/Basestation/V3_ws/build/BasestationV3/install.log'
[0.609s] Invoked command in '/home/coreblimp1/GitHub/Basestation/V3_ws/src/BasestationV3' returned '0': PYTHONPATH=/home/coreblimp1/GitHub/Basestation/V3_ws/build/BasestationV3/prefix_override:/home/coreblimp1/GitHub/Basestation/V3_ws/install/BasestationV3/lib/python3.8/site-packages:${PYTHONPATH} /usr/bin/python3 setup.py egg_info --egg-base ../../build/BasestationV3 build --build-base /home/coreblimp1/GitHub/Basestation/V3_ws/build/BasestationV3/build install --record /home/coreblimp1/GitHub/Basestation/V3_ws/build/BasestationV3/install.log --install-scripts $base/lib/BasestationV3 --single-version-externally-managed
