running egg_info
writing ../../build/Blimp/Blimp.egg-info/PKG-INFO
writing dependency_links to ../../build/Blimp/Blimp.egg-info/dependency_links.txt
writing entry points to ../../build/Blimp/Blimp.egg-info/entry_points.txt
writing requirements to ../../build/Blimp/Blimp.egg-info/requires.txt
writing top-level names to ../../build/Blimp/Blimp.egg-info/top_level.txt
reading manifest file '../../build/Blimp/Blimp.egg-info/SOURCES.txt'
writing manifest file '../../build/Blimp/Blimp.egg-info/SOURCES.txt'
running build
running build_py
copying Blimp/Blimp.py -> /home/coreblimp1/GitHub/Basestation/V3_ws/build/Blimp/build/lib/Blimp
running install
running install_lib
copying /home/coreblimp1/GitHub/Basestation/V3_ws/build/Blimp/build/lib/Blimp/Blimp.py -> /home/coreblimp1/GitHub/Basestation/V3_ws/install/Blimp/lib/python3.8/site-packages/Blimp
byte-compiling /home/coreblimp1/GitHub/Basestation/V3_ws/install/Blimp/lib/python3.8/site-packages/Blimp/Blimp.py to Blimp.cpython-38.pyc
running install_data
running install_egg_info
removing '/home/coreblimp1/GitHub/Basestation/V3_ws/install/Blimp/lib/python3.8/site-packages/Blimp-0.0.0-py3.8.egg-info' (and everything under it)
Copying ../../build/Blimp/Blimp.egg-info to /home/coreblimp1/GitHub/Basestation/V3_ws/install/Blimp/lib/python3.8/site-packages/Blimp-0.0.0-py3.8.egg-info
running install_scripts
Installing Blimp script to /home/coreblimp1/GitHub/Basestation/V3_ws/install/Blimp/lib/Blimp
writing list of installed files to '/home/coreblimp1/GitHub/Basestation/V3_ws/build/Blimp/install.log'
