[0.736s] Invoking command in '/home/coreblimp1/GitHub/Basestation/V3_ws/src/Blimp': PYTHONPATH=/home/coreblimp1/GitHub/Basestation/V3_ws/build/Blimp/prefix_override:/home/coreblimp1/GitHub/Basestation/V3_ws/install/Blimp/lib/python3.8/site-packages:${PYTHONPATH} /usr/bin/python3 setup.py egg_info --egg-base ../../build/Blimp build --build-base /home/coreblimp1/GitHub/Basestation/V3_ws/build/Blimp/build install --record /home/coreblimp1/GitHub/Basestation/V3_ws/build/Blimp/install.log --install-scripts $base/lib/Blimp --single-version-externally-managed
[0.876s] running egg_info
[0.876s] writing ../../build/Blimp/Blimp.egg-info/PKG-INFO
[0.876s] writing dependency_links to ../../build/Blimp/Blimp.egg-info/dependency_links.txt
[0.876s] writing entry points to ../../build/Blimp/Blimp.egg-info/entry_points.txt
[0.876s] writing requirements to ../../build/Blimp/Blimp.egg-info/requires.txt
[0.876s] writing top-level names to ../../build/Blimp/Blimp.egg-info/top_level.txt
[0.900s] reading manifest file '../../build/Blimp/Blimp.egg-info/SOURCES.txt'
[0.901s] writing manifest file '../../build/Blimp/Blimp.egg-info/SOURCES.txt'
[0.901s] running build
[0.901s] running build_py
[0.901s] copying Blimp/Blimp.py -> /home/coreblimp1/GitHub/Basestation/V3_ws/build/Blimp/build/lib/Blimp
[0.901s] running install
[0.902s] running install_lib
[0.902s] copying /home/coreblimp1/GitHub/Basestation/V3_ws/build/Blimp/build/lib/Blimp/Blimp.py -> /home/coreblimp1/GitHub/Basestation/V3_ws/install/Blimp/lib/python3.8/site-packages/Blimp
[0.903s] byte-compiling /home/coreblimp1/GitHub/Basestation/V3_ws/install/Blimp/lib/python3.8/site-packages/Blimp/Blimp.py to Blimp.cpython-38.pyc
[0.904s] running install_data
[0.904s] running install_egg_info
[0.905s] removing '/home/coreblimp1/GitHub/Basestation/V3_ws/install/Blimp/lib/python3.8/site-packages/Blimp-0.0.0-py3.8.egg-info' (and everything under it)
[0.906s] Copying ../../build/Blimp/Blimp.egg-info to /home/coreblimp1/GitHub/Basestation/V3_ws/install/Blimp/lib/python3.8/site-packages/Blimp-0.0.0-py3.8.egg-info
[0.906s] running install_scripts
[0.919s] Installing Blimp script to /home/coreblimp1/GitHub/Basestation/V3_ws/install/Blimp/lib/Blimp
[0.919s] writing list of installed files to '/home/coreblimp1/GitHub/Basestation/V3_ws/build/Blimp/install.log'
[0.950s] Invoked command in '/home/coreblimp1/GitHub/Basestation/V3_ws/src/Blimp' returned '0': PYTHONPATH=/home/coreblimp1/GitHub/Basestation/V3_ws/build/Blimp/prefix_override:/home/coreblimp1/GitHub/Basestation/V3_ws/install/Blimp/lib/python3.8/site-packages:${PYTHONPATH} /usr/bin/python3 setup.py egg_info --egg-base ../../build/Blimp build --build-base /home/coreblimp1/GitHub/Basestation/V3_ws/build/Blimp/build install --record /home/coreblimp1/GitHub/Basestation/V3_ws/build/Blimp/install.log --install-scripts $base/lib/Blimp --single-version-externally-managed
