[0.755s] Invoking command in '/home/coreblimp1/GitHub/Basestation/V3_ws/src/Blimp': PYTHONPATH=/home/coreblimp1/GitHub/Basestation/V3_ws/build/Blimp/prefix_override:/home/coreblimp1/GitHub/Basestation/V3_ws/install/Blimp/lib/python3.8/site-packages:${PYTHONPATH} /usr/bin/python3 setup.py egg_info --egg-base ../../build/Blimp build --build-base /home/coreblimp1/GitHub/Basestation/V3_ws/build/Blimp/build install --record /home/coreblimp1/GitHub/Basestation/V3_ws/build/Blimp/install.log --install-scripts $base/lib/Blimp --single-version-externally-managed
[0.897s] running egg_info
[0.898s] writing ../../build/Blimp/Blimp.egg-info/PKG-INFO
[0.898s] writing dependency_links to ../../build/Blimp/Blimp.egg-info/dependency_links.txt
[0.898s] writing entry points to ../../build/Blimp/Blimp.egg-info/entry_points.txt
[0.898s] writing requirements to ../../build/Blimp/Blimp.egg-info/requires.txt
[0.898s] writing top-level names to ../../build/Blimp/Blimp.egg-info/top_level.txt
[0.923s] reading manifest file '../../build/Blimp/Blimp.egg-info/SOURCES.txt'
[0.924s] writing manifest file '../../build/Blimp/Blimp.egg-info/SOURCES.txt'
[0.924s] running build
[0.924s] running build_py
[0.924s] copying Blimp/Blimp.py -> /home/coreblimp1/GitHub/Basestation/V3_ws/build/Blimp/build/lib/Blimp
[0.924s] running install
[0.925s] running install_lib
[0.925s] copying /home/coreblimp1/GitHub/Basestation/V3_ws/build/Blimp/build/lib/Blimp/Blimp.py -> /home/coreblimp1/GitHub/Basestation/V3_ws/install/Blimp/lib/python3.8/site-packages/Blimp
[0.926s] byte-compiling /home/coreblimp1/GitHub/Basestation/V3_ws/install/Blimp/lib/python3.8/site-packages/Blimp/Blimp.py to Blimp.cpython-38.pyc
[0.927s] running install_data
[0.927s] running install_egg_info
[0.928s] removing '/home/coreblimp1/GitHub/Basestation/V3_ws/install/Blimp/lib/python3.8/site-packages/Blimp-0.0.0-py3.8.egg-info' (and everything under it)
[0.929s] Copying ../../build/Blimp/Blimp.egg-info to /home/coreblimp1/GitHub/Basestation/V3_ws/install/Blimp/lib/python3.8/site-packages/Blimp-0.0.0-py3.8.egg-info
[0.929s] running install_scripts
[0.943s] Installing Blimp script to /home/coreblimp1/GitHub/Basestation/V3_ws/install/Blimp/lib/Blimp
[0.943s] writing list of installed files to '/home/coreblimp1/GitHub/Basestation/V3_ws/build/Blimp/install.log'
[0.973s] Invoked command in '/home/coreblimp1/GitHub/Basestation/V3_ws/src/Blimp' returned '0': PYTHONPATH=/home/coreblimp1/GitHub/Basestation/V3_ws/build/Blimp/prefix_override:/home/coreblimp1/GitHub/Basestation/V3_ws/install/Blimp/lib/python3.8/site-packages:${PYTHONPATH} /usr/bin/python3 setup.py egg_info --egg-base ../../build/Blimp build --build-base /home/coreblimp1/GitHub/Basestation/V3_ws/build/Blimp/build install --record /home/coreblimp1/GitHub/Basestation/V3_ws/build/Blimp/install.log --install-scripts $base/lib/Blimp --single-version-externally-managed
