[0.679s] Invoking command in '/home/local/GitHub/Basestation/V3_ws/src/BasestationV3': PYTHONPATH=/home/local/GitHub/Basestation/V3_ws/build/BasestationV3/prefix_override:/home/local/GitHub/Basestation/V3_ws/install/BasestationV3/lib/python3.8/site-packages:${PYTHONPATH} /usr/bin/python3 setup.py egg_info --egg-base ../../build/BasestationV3 build --build-base /home/local/GitHub/Basestation/V3_ws/build/BasestationV3/build install --record /home/local/GitHub/Basestation/V3_ws/build/BasestationV3/install.log --install-scripts $base/lib/BasestationV3 --single-version-externally-managed
[0.751s] /home/local/.local/lib/python3.8/site-packages/setuptools/dist.py:745: SetuptoolsDeprecationWarning: Invalid dash-separated options
[0.751s] !!
[0.751s] 
[0.751s]         ********************************************************************************
[0.751s]         Usage of dash-separated 'script-dir' will not be supported in future
[0.751s]         versions. Please use the underscore name 'script_dir' instead.
[0.751s] 
[0.751s]         By 2023-Sep-26, you need to update your project and remove deprecated calls
[0.751s]         or your builds will no longer be supported.
[0.751s] 
[0.751s]         See https://setuptools.pypa.io/en/latest/userguide/declarative_config.html for details.
[0.751s]         ********************************************************************************
[0.751s] 
[0.751s] !!
[0.752s]   opt = self.warn_dash_deprecation(opt, section)
[0.786s] running egg_info
[0.792s] writing ../../build/BasestationV3/BasestationV3.egg-info/PKG-INFO
[0.792s] writing dependency_links to ../../build/BasestationV3/BasestationV3.egg-info/dependency_links.txt
[0.792s] writing entry points to ../../build/BasestationV3/BasestationV3.egg-info/entry_points.txt
[0.792s] writing requirements to ../../build/BasestationV3/BasestationV3.egg-info/requires.txt
[0.792s] writing top-level names to ../../build/BasestationV3/BasestationV3.egg-info/top_level.txt
[0.843s] reading manifest file '../../build/BasestationV3/BasestationV3.egg-info/SOURCES.txt'
[0.844s] writing manifest file '../../build/BasestationV3/BasestationV3.egg-info/SOURCES.txt'
[0.844s] running build
[0.844s] running build_py
[0.844s] copying BasestationV3/ROS2Helper.py -> /home/local/GitHub/Basestation/V3_ws/build/BasestationV3/build/lib/BasestationV3
[0.845s] running install
[0.845s] /home/local/.local/lib/python3.8/site-packages/setuptools/_distutils/cmd.py:66: SetuptoolsDeprecationWarning: setup.py install is deprecated.
[0.845s] !!
[0.845s] 
[0.845s]         ********************************************************************************
[0.845s]         Please avoid running ``setup.py`` directly.
[0.845s]         Instead, use pypa/build, pypa/installer or other
[0.845s]         standards-based tools.
[0.845s] 
[0.845s]         See https://blog.ganssle.io/articles/2021/10/setup-py-deprecated.html for details.
[0.845s]         ********************************************************************************
[0.845s] 
[0.845s] !!
[0.845s]   self.initialize_options()
[0.847s] running install_lib
[0.853s] copying /home/local/GitHub/Basestation/V3_ws/build/BasestationV3/build/lib/BasestationV3/ROS2Helper.py -> /home/local/GitHub/Basestation/V3_ws/install/BasestationV3/lib/python3.8/site-packages/BasestationV3
[0.853s] byte-compiling /home/local/GitHub/Basestation/V3_ws/install/BasestationV3/lib/python3.8/site-packages/BasestationV3/ROS2Helper.py to ROS2Helper.cpython-38.pyc
[0.854s] running install_data
[0.860s] running install_egg_info
[0.866s] removing '/home/local/GitHub/Basestation/V3_ws/install/BasestationV3/lib/python3.8/site-packages/BasestationV3-0.0.0-py3.8.egg-info' (and everything under it)
[0.866s] Copying ../../build/BasestationV3/BasestationV3.egg-info to /home/local/GitHub/Basestation/V3_ws/install/BasestationV3/lib/python3.8/site-packages/BasestationV3-0.0.0-py3.8.egg-info
[0.866s] running install_scripts
[0.893s] Installing Basestation script to /home/local/GitHub/Basestation/V3_ws/install/BasestationV3/lib/BasestationV3
[0.893s] writing list of installed files to '/home/local/GitHub/Basestation/V3_ws/build/BasestationV3/install.log'
[0.929s] Invoked command in '/home/local/GitHub/Basestation/V3_ws/src/BasestationV3' returned '0': PYTHONPATH=/home/local/GitHub/Basestation/V3_ws/build/BasestationV3/prefix_override:/home/local/GitHub/Basestation/V3_ws/install/BasestationV3/lib/python3.8/site-packages:${PYTHONPATH} /usr/bin/python3 setup.py egg_info --egg-base ../../build/BasestationV3 build --build-base /home/local/GitHub/Basestation/V3_ws/build/BasestationV3/build install --record /home/local/GitHub/Basestation/V3_ws/build/BasestationV3/install.log --install-scripts $base/lib/BasestationV3 --single-version-externally-managed
