[0.185s] DEBUG:colcon:Command line arguments: ['/usr/bin/colcon', 'build']
[0.185s] DEBUG:colcon:Parsed command line arguments: Namespace(allow_overriding=[], ament_cmake_args=None, base_paths=['.'], build_base='build', catkin_cmake_args=None, catkin_skip_building_tests=False, cmake_args=None, cmake_clean_cache=False, cmake_clean_first=False, cmake_force_configure=False, cmake_target=None, cmake_target_skip_unavailable=False, continue_on_error=False, event_handlers=None, executor='parallel', ignore_user_meta=False, install_base='install', log_base=None, log_level=None, main=<bound method BuildVerb.main of <colcon_core.verb.build.BuildVerb object at 0x7fcb28399520>>, merge_install=False, metas=['./colcon.meta'], packages_above=None, packages_above_and_dependencies=None, packages_above_depth=None, packages_end=None, packages_ignore=None, packages_ignore_regex=None, packages_select=None, packages_select_build_failed=False, packages_select_by_dep=None, packages_select_regex=None, packages_select_test_failures=False, packages_skip=None, packages_skip_build_finished=False, packages_skip_by_dep=None, packages_skip_regex=None, packages_skip_test_passed=False, packages_skip_up_to=None, packages_start=None, packages_up_to=None, packages_up_to_regex=None, parallel_workers=8, paths=None, symlink_install=False, test_result_base=None, verb_extension=<colcon_core.verb.build.BuildVerb object at 0x7fcb28399520>, verb_name='build', verb_parser=<colcon_defaults.argument_parser.defaults.DefaultArgumentsDecorator object at 0x7fcb28399a60>)
[0.202s] Level 1:colcon.colcon_core.package_discovery:discover_packages(colcon_meta) check parameters
[0.202s] Level 1:colcon.colcon_core.package_discovery:discover_packages(recursive) check parameters
[0.202s] Level 1:colcon.colcon_core.package_discovery:discover_packages(ignore) check parameters
[0.202s] Level 1:colcon.colcon_core.package_discovery:discover_packages(path) check parameters
[0.202s] Level 1:colcon.colcon_core.package_discovery:discover_packages(colcon_meta) discover
[0.202s] Level 1:colcon.colcon_core.package_discovery:discover_packages(recursive) discover
[0.202s] INFO:colcon.colcon_core.package_discovery:Crawling recursively for packages in '/home/coreblimp1/GitHub/Basestation/V3_ws'
[0.202s] Level 1:colcon.colcon_core.package_identification:_identify(.) by extensions ['ignore', 'ignore_ament_install']
[0.202s] Level 1:colcon.colcon_core.package_identification:_identify(.) by extension 'ignore'
[0.202s] Level 1:colcon.colcon_core.package_identification:_identify(.) by extension 'ignore_ament_install'
[0.203s] Level 1:colcon.colcon_core.package_identification:_identify(.) by extensions ['colcon_pkg']
[0.203s] Level 1:colcon.colcon_core.package_identification:_identify(.) by extension 'colcon_pkg'
[0.203s] Level 1:colcon.colcon_core.package_identification:_identify(.) by extensions ['colcon_meta']
[0.203s] Level 1:colcon.colcon_core.package_identification:_identify(.) by extension 'colcon_meta'
[0.203s] Level 1:colcon.colcon_core.package_identification:_identify(.) by extensions ['ros']
[0.203s] Level 1:colcon.colcon_core.package_identification:_identify(.) by extension 'ros'
[0.216s] Level 1:colcon.colcon_core.package_identification:_identify(.) by extensions ['cmake', 'python']
[0.216s] Level 1:colcon.colcon_core.package_identification:_identify(.) by extension 'cmake'
[0.216s] Level 1:colcon.colcon_core.package_identification:_identify(.) by extension 'python'
[0.216s] Level 1:colcon.colcon_core.package_identification:_identify(.) by extensions ['python_setup_py']
[0.216s] Level 1:colcon.colcon_core.package_identification:_identify(.) by extension 'python_setup_py'
[0.216s] Level 1:colcon.colcon_core.package_identification:_identify(build) by extensions ['ignore', 'ignore_ament_install']
[0.216s] Level 1:colcon.colcon_core.package_identification:_identify(build) by extension 'ignore'
[0.216s] Level 1:colcon.colcon_core.package_identification:_identify(build) ignored
[0.216s] Level 1:colcon.colcon_core.package_identification:_identify(install) by extensions ['ignore', 'ignore_ament_install']
[0.217s] Level 1:colcon.colcon_core.package_identification:_identify(install) by extension 'ignore'
[0.217s] Level 1:colcon.colcon_core.package_identification:_identify(install) ignored
[0.217s] Level 1:colcon.colcon_core.package_identification:_identify(launch) by extensions ['ignore', 'ignore_ament_install']
[0.217s] Level 1:colcon.colcon_core.package_identification:_identify(launch) by extension 'ignore'
[0.217s] Level 1:colcon.colcon_core.package_identification:_identify(launch) by extension 'ignore_ament_install'
[0.217s] Level 1:colcon.colcon_core.package_identification:_identify(launch) by extensions ['colcon_pkg']
[0.217s] Level 1:colcon.colcon_core.package_identification:_identify(launch) by extension 'colcon_pkg'
[0.217s] Level 1:colcon.colcon_core.package_identification:_identify(launch) by extensions ['colcon_meta']
[0.217s] Level 1:colcon.colcon_core.package_identification:_identify(launch) by extension 'colcon_meta'
[0.217s] Level 1:colcon.colcon_core.package_identification:_identify(launch) by extensions ['ros']
[0.217s] Level 1:colcon.colcon_core.package_identification:_identify(launch) by extension 'ros'
[0.217s] Level 1:colcon.colcon_core.package_identification:_identify(launch) by extensions ['cmake', 'python']
[0.217s] Level 1:colcon.colcon_core.package_identification:_identify(launch) by extension 'cmake'
[0.217s] Level 1:colcon.colcon_core.package_identification:_identify(launch) by extension 'python'
[0.217s] Level 1:colcon.colcon_core.package_identification:_identify(launch) by extensions ['python_setup_py']
[0.217s] Level 1:colcon.colcon_core.package_identification:_identify(launch) by extension 'python_setup_py'
[0.217s] Level 1:colcon.colcon_core.package_identification:_identify(launch/__pycache__) by extensions ['ignore', 'ignore_ament_install']
[0.217s] Level 1:colcon.colcon_core.package_identification:_identify(launch/__pycache__) by extension 'ignore'
[0.217s] Level 1:colcon.colcon_core.package_identification:_identify(launch/__pycache__) by extension 'ignore_ament_install'
[0.217s] Level 1:colcon.colcon_core.package_identification:_identify(launch/__pycache__) by extensions ['colcon_pkg']
[0.217s] Level 1:colcon.colcon_core.package_identification:_identify(launch/__pycache__) by extension 'colcon_pkg'
[0.217s] Level 1:colcon.colcon_core.package_identification:_identify(launch/__pycache__) by extensions ['colcon_meta']
[0.217s] Level 1:colcon.colcon_core.package_identification:_identify(launch/__pycache__) by extension 'colcon_meta'
[0.217s] Level 1:colcon.colcon_core.package_identification:_identify(launch/__pycache__) by extensions ['ros']
[0.217s] Level 1:colcon.colcon_core.package_identification:_identify(launch/__pycache__) by extension 'ros'
[0.217s] Level 1:colcon.colcon_core.package_identification:_identify(launch/__pycache__) by extensions ['cmake', 'python']
[0.217s] Level 1:colcon.colcon_core.package_identification:_identify(launch/__pycache__) by extension 'cmake'
[0.217s] Level 1:colcon.colcon_core.package_identification:_identify(launch/__pycache__) by extension 'python'
[0.217s] Level 1:colcon.colcon_core.package_identification:_identify(launch/__pycache__) by extensions ['python_setup_py']
[0.217s] Level 1:colcon.colcon_core.package_identification:_identify(launch/__pycache__) by extension 'python_setup_py'
[0.217s] Level 1:colcon.colcon_core.package_identification:_identify(launch/build) by extensions ['ignore', 'ignore_ament_install']
[0.217s] Level 1:colcon.colcon_core.package_identification:_identify(launch/build) by extension 'ignore'
[0.217s] Level 1:colcon.colcon_core.package_identification:_identify(launch/build) ignored
[0.218s] Level 1:colcon.colcon_core.package_identification:_identify(launch/install) by extensions ['ignore', 'ignore_ament_install']
[0.218s] Level 1:colcon.colcon_core.package_identification:_identify(launch/install) by extension 'ignore'
[0.218s] Level 1:colcon.colcon_core.package_identification:_identify(launch/install) ignored
[0.218s] Level 1:colcon.colcon_core.package_identification:_identify(launch/log) by extensions ['ignore', 'ignore_ament_install']
[0.218s] Level 1:colcon.colcon_core.package_identification:_identify(launch/log) by extension 'ignore'
[0.218s] Level 1:colcon.colcon_core.package_identification:_identify(launch/log) ignored
[0.218s] Level 1:colcon.colcon_core.package_identification:_identify(log) by extensions ['ignore', 'ignore_ament_install']
[0.218s] Level 1:colcon.colcon_core.package_identification:_identify(log) by extension 'ignore'
[0.218s] Level 1:colcon.colcon_core.package_identification:_identify(log) ignored
[0.218s] Level 1:colcon.colcon_core.package_identification:_identify(src) by extensions ['ignore', 'ignore_ament_install']
[0.218s] Level 1:colcon.colcon_core.package_identification:_identify(src) by extension 'ignore'
[0.218s] Level 1:colcon.colcon_core.package_identification:_identify(src) by extension 'ignore_ament_install'
[0.218s] Level 1:colcon.colcon_core.package_identification:_identify(src) by extensions ['colcon_pkg']
[0.218s] Level 1:colcon.colcon_core.package_identification:_identify(src) by extension 'colcon_pkg'
[0.218s] Level 1:colcon.colcon_core.package_identification:_identify(src) by extensions ['colcon_meta']
[0.218s] Level 1:colcon.colcon_core.package_identification:_identify(src) by extension 'colcon_meta'
[0.218s] Level 1:colcon.colcon_core.package_identification:_identify(src) by extensions ['ros']
[0.218s] Level 1:colcon.colcon_core.package_identification:_identify(src) by extension 'ros'
[0.218s] Level 1:colcon.colcon_core.package_identification:_identify(src) by extensions ['cmake', 'python']
[0.218s] Level 1:colcon.colcon_core.package_identification:_identify(src) by extension 'cmake'
[0.218s] Level 1:colcon.colcon_core.package_identification:_identify(src) by extension 'python'
[0.218s] Level 1:colcon.colcon_core.package_identification:_identify(src) by extensions ['python_setup_py']
[0.218s] Level 1:colcon.colcon_core.package_identification:_identify(src) by extension 'python_setup_py'
[0.218s] Level 1:colcon.colcon_core.package_identification:_identify(src/BasestationV3) by extensions ['ignore', 'ignore_ament_install']
[0.218s] Level 1:colcon.colcon_core.package_identification:_identify(src/BasestationV3) by extension 'ignore'
[0.218s] Level 1:colcon.colcon_core.package_identification:_identify(src/BasestationV3) by extension 'ignore_ament_install'
[0.218s] Level 1:colcon.colcon_core.package_identification:_identify(src/BasestationV3) by extensions ['colcon_pkg']
[0.218s] Level 1:colcon.colcon_core.package_identification:_identify(src/BasestationV3) by extension 'colcon_pkg'
[0.218s] Level 1:colcon.colcon_core.package_identification:_identify(src/BasestationV3) by extensions ['colcon_meta']
[0.218s] Level 1:colcon.colcon_core.package_identification:_identify(src/BasestationV3) by extension 'colcon_meta'
[0.219s] Level 1:colcon.colcon_core.package_identification:_identify(src/BasestationV3) by extensions ['ros']
[0.219s] Level 1:colcon.colcon_core.package_identification:_identify(src/BasestationV3) by extension 'ros'
[0.220s] DEBUG:colcon.colcon_core.package_identification:Package 'src/BasestationV3' with type 'ros.ament_python' and name 'BasestationV3'
[0.220s] Level 1:colcon.colcon_core.package_identification:_identify(src/Blimp) by extensions ['ignore', 'ignore_ament_install']
[0.220s] Level 1:colcon.colcon_core.package_identification:_identify(src/Blimp) by extension 'ignore'
[0.220s] Level 1:colcon.colcon_core.package_identification:_identify(src/Blimp) by extension 'ignore_ament_install'
[0.220s] Level 1:colcon.colcon_core.package_identification:_identify(src/Blimp) by extensions ['colcon_pkg']
[0.220s] Level 1:colcon.colcon_core.package_identification:_identify(src/Blimp) by extension 'colcon_pkg'
[0.220s] Level 1:colcon.colcon_core.package_identification:_identify(src/Blimp) by extensions ['colcon_meta']
[0.220s] Level 1:colcon.colcon_core.package_identification:_identify(src/Blimp) by extension 'colcon_meta'
[0.220s] Level 1:colcon.colcon_core.package_identification:_identify(src/Blimp) by extensions ['ros']
[0.220s] Level 1:colcon.colcon_core.package_identification:_identify(src/Blimp) by extension 'ros'
[0.221s] DEBUG:colcon.colcon_core.package_identification:Package 'src/Blimp' with type 'ros.ament_python' and name 'Blimp'
[0.221s] Level 1:colcon.colcon_core.package_identification:_identify(src/TestingPkg) by extensions ['ignore', 'ignore_ament_install']
[0.221s] Level 1:colcon.colcon_core.package_identification:_identify(src/TestingPkg) by extension 'ignore'
[0.221s] Level 1:colcon.colcon_core.package_identification:_identify(src/TestingPkg) by extension 'ignore_ament_install'
[0.221s] Level 1:colcon.colcon_core.package_identification:_identify(src/TestingPkg) by extensions ['colcon_pkg']
[0.221s] Level 1:colcon.colcon_core.package_identification:_identify(src/TestingPkg) by extension 'colcon_pkg'
[0.221s] Level 1:colcon.colcon_core.package_identification:_identify(src/TestingPkg) by extensions ['colcon_meta']
[0.221s] Level 1:colcon.colcon_core.package_identification:_identify(src/TestingPkg) by extension 'colcon_meta'
[0.221s] Level 1:colcon.colcon_core.package_identification:_identify(src/TestingPkg) by extensions ['ros']
[0.221s] Level 1:colcon.colcon_core.package_identification:_identify(src/TestingPkg) by extension 'ros'
[0.221s] DEBUG:colcon.colcon_core.package_identification:Package 'src/TestingPkg' with type 'ros.ament_python' and name 'TestingPkg'
[0.221s] Level 1:colcon.colcon_core.package_discovery:discover_packages(recursive) using defaults
[0.221s] Level 1:colcon.colcon_core.package_discovery:discover_packages(ignore) discover
[0.221s] Level 1:colcon.colcon_core.package_discovery:discover_packages(ignore) using defaults
[0.221s] Level 1:colcon.colcon_core.package_discovery:discover_packages(path) discover
[0.221s] Level 1:colcon.colcon_core.package_discovery:discover_packages(path) using defaults
[0.235s] Level 1:colcon.colcon_core.package_discovery:discover_packages(prefix_path) check parameters
[0.235s] Level 1:colcon.colcon_core.package_discovery:discover_packages(prefix_path) discover
[0.237s] DEBUG:colcon.colcon_installed_package_information.package_discovery:Found 4 installed packages in /home/coreblimp1/GitHub/Basestation/V3_ws/install
[0.238s] DEBUG:colcon.colcon_installed_package_information.package_discovery:Found 256 installed packages in /opt/ros/foxy
[0.239s] Level 1:colcon.colcon_core.package_discovery:discover_packages(prefix_path) using defaults
[0.279s] Level 5:colcon.colcon_core.verb:set package 'BasestationV3' build argument 'cmake_args' from command line to 'None'
[0.279s] Level 5:colcon.colcon_core.verb:set package 'BasestationV3' build argument 'cmake_target' from command line to 'None'
[0.279s] Level 5:colcon.colcon_core.verb:set package 'BasestationV3' build argument 'cmake_target_skip_unavailable' from command line to 'False'
[0.279s] Level 5:colcon.colcon_core.verb:set package 'BasestationV3' build argument 'cmake_clean_cache' from command line to 'False'
[0.279s] Level 5:colcon.colcon_core.verb:set package 'BasestationV3' build argument 'cmake_clean_first' from command line to 'False'
[0.279s] Level 5:colcon.colcon_core.verb:set package 'BasestationV3' build argument 'cmake_force_configure' from command line to 'False'
[0.279s] Level 5:colcon.colcon_core.verb:set package 'BasestationV3' build argument 'ament_cmake_args' from command line to 'None'
[0.279s] Level 5:colcon.colcon_core.verb:set package 'BasestationV3' build argument 'catkin_cmake_args' from command line to 'None'
[0.279s] Level 5:colcon.colcon_core.verb:set package 'BasestationV3' build argument 'catkin_skip_building_tests' from command line to 'False'
[0.279s] DEBUG:colcon.colcon_core.verb:Building package 'BasestationV3' with the following arguments: {'ament_cmake_args': None, 'build_base': '/home/coreblimp1/GitHub/Basestation/V3_ws/build/BasestationV3', 'catkin_cmake_args': None, 'catkin_skip_building_tests': False, 'cmake_args': None, 'cmake_clean_cache': False, 'cmake_clean_first': False, 'cmake_force_configure': False, 'cmake_target': None, 'cmake_target_skip_unavailable': False, 'install_base': '/home/coreblimp1/GitHub/Basestation/V3_ws/install/BasestationV3', 'merge_install': False, 'path': '/home/coreblimp1/GitHub/Basestation/V3_ws/src/BasestationV3', 'symlink_install': False, 'test_result_base': None}
[0.279s] Level 5:colcon.colcon_core.verb:set package 'Blimp' build argument 'cmake_args' from command line to 'None'
[0.279s] Level 5:colcon.colcon_core.verb:set package 'Blimp' build argument 'cmake_target' from command line to 'None'
[0.279s] Level 5:colcon.colcon_core.verb:set package 'Blimp' build argument 'cmake_target_skip_unavailable' from command line to 'False'
[0.279s] Level 5:colcon.colcon_core.verb:set package 'Blimp' build argument 'cmake_clean_cache' from command line to 'False'
[0.279s] Level 5:colcon.colcon_core.verb:set package 'Blimp' build argument 'cmake_clean_first' from command line to 'False'
[0.279s] Level 5:colcon.colcon_core.verb:set package 'Blimp' build argument 'cmake_force_configure' from command line to 'False'
[0.279s] Level 5:colcon.colcon_core.verb:set package 'Blimp' build argument 'ament_cmake_args' from command line to 'None'
[0.280s] Level 5:colcon.colcon_core.verb:set package 'Blimp' build argument 'catkin_cmake_args' from command line to 'None'
[0.280s] Level 5:colcon.colcon_core.verb:set package 'Blimp' build argument 'catkin_skip_building_tests' from command line to 'False'
[0.280s] DEBUG:colcon.colcon_core.verb:Building package 'Blimp' with the following arguments: {'ament_cmake_args': None, 'build_base': '/home/coreblimp1/GitHub/Basestation/V3_ws/build/Blimp', 'catkin_cmake_args': None, 'catkin_skip_building_tests': False, 'cmake_args': None, 'cmake_clean_cache': False, 'cmake_clean_first': False, 'cmake_force_configure': False, 'cmake_target': None, 'cmake_target_skip_unavailable': False, 'install_base': '/home/coreblimp1/GitHub/Basestation/V3_ws/install/Blimp', 'merge_install': False, 'path': '/home/coreblimp1/GitHub/Basestation/V3_ws/src/Blimp', 'symlink_install': False, 'test_result_base': None}
[0.280s] Level 5:colcon.colcon_core.verb:set package 'TestingPkg' build argument 'cmake_args' from command line to 'None'
[0.280s] Level 5:colcon.colcon_core.verb:set package 'TestingPkg' build argument 'cmake_target' from command line to 'None'
[0.280s] Level 5:colcon.colcon_core.verb:set package 'TestingPkg' build argument 'cmake_target_skip_unavailable' from command line to 'False'
[0.280s] Level 5:colcon.colcon_core.verb:set package 'TestingPkg' build argument 'cmake_clean_cache' from command line to 'False'
[0.280s] Level 5:colcon.colcon_core.verb:set package 'TestingPkg' build argument 'cmake_clean_first' from command line to 'False'
[0.280s] Level 5:colcon.colcon_core.verb:set package 'TestingPkg' build argument 'cmake_force_configure' from command line to 'False'
[0.280s] Level 5:colcon.colcon_core.verb:set package 'TestingPkg' build argument 'ament_cmake_args' from command line to 'None'
[0.280s] Level 5:colcon.colcon_core.verb:set package 'TestingPkg' build argument 'catkin_cmake_args' from command line to 'None'
[0.280s] Level 5:colcon.colcon_core.verb:set package 'TestingPkg' build argument 'catkin_skip_building_tests' from command line to 'False'
[0.280s] DEBUG:colcon.colcon_core.verb:Building package 'TestingPkg' with the following arguments: {'ament_cmake_args': None, 'build_base': '/home/coreblimp1/GitHub/Basestation/V3_ws/build/TestingPkg', 'catkin_cmake_args': None, 'catkin_skip_building_tests': False, 'cmake_args': None, 'cmake_clean_cache': False, 'cmake_clean_first': False, 'cmake_force_configure': False, 'cmake_target': None, 'cmake_target_skip_unavailable': False, 'install_base': '/home/coreblimp1/GitHub/Basestation/V3_ws/install/TestingPkg', 'merge_install': False, 'path': '/home/coreblimp1/GitHub/Basestation/V3_ws/src/TestingPkg', 'symlink_install': False, 'test_result_base': None}
[0.281s] INFO:colcon.colcon_core.executor:Executing jobs using 'parallel' executor
[0.283s] DEBUG:colcon.colcon_parallel_executor.executor.parallel:run_until_complete
[0.283s] INFO:colcon.colcon_ros.task.ament_python.build:Building ROS package in '/home/coreblimp1/GitHub/Basestation/V3_ws/src/BasestationV3' with build type 'ament_python'
[0.283s] Level 1:colcon.colcon_core.shell:create_environment_hook('BasestationV3', 'ament_prefix_path')
[0.286s] INFO:colcon.colcon_core.plugin_system:Skipping extension 'colcon_core.shell.bat': Not used on non-Windows systems
[0.287s] INFO:colcon.colcon_core.shell:Creating environment hook '/home/coreblimp1/GitHub/Basestation/V3_ws/install/BasestationV3/share/BasestationV3/hook/ament_prefix_path.ps1'
[0.287s] INFO:colcon.colcon_core.shell:Creating environment descriptor '/home/coreblimp1/GitHub/Basestation/V3_ws/install/BasestationV3/share/BasestationV3/hook/ament_prefix_path.dsv'
[0.287s] INFO:colcon.colcon_core.shell:Creating environment hook '/home/coreblimp1/GitHub/Basestation/V3_ws/install/BasestationV3/share/BasestationV3/hook/ament_prefix_path.sh'
[0.288s] INFO:colcon.colcon_core.shell:Skip shell extension 'powershell' for command environment: Not usable outside of PowerShell
[0.288s] DEBUG:colcon.colcon_core.shell:Skip shell extension 'dsv' for command environment
[0.292s] INFO:colcon.colcon_ros.task.ament_python.build:Building ROS package in '/home/coreblimp1/GitHub/Basestation/V3_ws/src/Blimp' with build type 'ament_python'
[0.292s] Level 1:colcon.colcon_core.shell:create_environment_hook('Blimp', 'ament_prefix_path')
[0.293s] INFO:colcon.colcon_core.shell:Creating environment hook '/home/coreblimp1/GitHub/Basestation/V3_ws/install/Blimp/share/Blimp/hook/ament_prefix_path.ps1'
[0.294s] INFO:colcon.colcon_core.shell:Creating environment descriptor '/home/coreblimp1/GitHub/Basestation/V3_ws/install/Blimp/share/Blimp/hook/ament_prefix_path.dsv'
[0.294s] INFO:colcon.colcon_core.shell:Creating environment hook '/home/coreblimp1/GitHub/Basestation/V3_ws/install/Blimp/share/Blimp/hook/ament_prefix_path.sh'
[0.296s] INFO:colcon.colcon_core.shell:Skip shell extension 'powershell' for command environment: Not usable outside of PowerShell
[0.296s] DEBUG:colcon.colcon_core.shell:Skip shell extension 'dsv' for command environment
[0.300s] INFO:colcon.colcon_ros.task.ament_python.build:Building ROS package in '/home/coreblimp1/GitHub/Basestation/V3_ws/src/TestingPkg' with build type 'ament_python'
[0.300s] Level 1:colcon.colcon_core.shell:create_environment_hook('TestingPkg', 'ament_prefix_path')
[0.301s] INFO:colcon.colcon_core.shell:Creating environment hook '/home/coreblimp1/GitHub/Basestation/V3_ws/install/TestingPkg/share/TestingPkg/hook/ament_prefix_path.ps1'
[0.302s] INFO:colcon.colcon_core.shell:Creating environment descriptor '/home/coreblimp1/GitHub/Basestation/V3_ws/install/TestingPkg/share/TestingPkg/hook/ament_prefix_path.dsv'
[0.302s] INFO:colcon.colcon_core.shell:Creating environment hook '/home/coreblimp1/GitHub/Basestation/V3_ws/install/TestingPkg/share/TestingPkg/hook/ament_prefix_path.sh'
[0.303s] INFO:colcon.colcon_core.shell:Skip shell extension 'powershell' for command environment: Not usable outside of PowerShell
[0.303s] DEBUG:colcon.colcon_core.shell:Skip shell extension 'dsv' for command environment
[0.447s] INFO:colcon.colcon_core.task.python.build:Building Python package in '/home/coreblimp1/GitHub/Basestation/V3_ws/src/BasestationV3'
[0.448s] INFO:colcon.colcon_core.shell:Skip shell extension 'powershell' for command environment: Not usable outside of PowerShell
[0.448s] DEBUG:colcon.colcon_core.shell:Skip shell extension 'dsv' for command environment
[0.586s] INFO:colcon.colcon_core.task.python.build:Building Python package in '/home/coreblimp1/GitHub/Basestation/V3_ws/src/Blimp'
[0.588s] INFO:colcon.colcon_core.shell:Skip shell extension 'powershell' for command environment: Not usable outside of PowerShell
[0.588s] DEBUG:colcon.colcon_core.shell:Skip shell extension 'dsv' for command environment
[0.727s] INFO:colcon.colcon_core.task.python.build:Building Python package in '/home/coreblimp1/GitHub/Basestation/V3_ws/src/TestingPkg'
[0.729s] INFO:colcon.colcon_core.shell:Skip shell extension 'powershell' for command environment: Not usable outside of PowerShell
[0.729s] DEBUG:colcon.colcon_core.shell:Skip shell extension 'dsv' for command environment
[1.040s] DEBUG:colcon.colcon_core.event_handler.log_command:Invoking command in '/home/coreblimp1/GitHub/Basestation/V3_ws/src/BasestationV3': PYTHONPATH=/home/coreblimp1/GitHub/Basestation/V3_ws/build/BasestationV3/prefix_override:/home/coreblimp1/GitHub/Basestation/V3_ws/install/BasestationV3/lib/python3.8/site-packages:${PYTHONPATH} /usr/bin/python3 setup.py egg_info --egg-base ../../build/BasestationV3 build --build-base /home/coreblimp1/GitHub/Basestation/V3_ws/build/BasestationV3/build install --record /home/coreblimp1/GitHub/Basestation/V3_ws/build/BasestationV3/install.log --install-scripts $base/lib/BasestationV3 --single-version-externally-managed
[1.043s] DEBUG:colcon.colcon_core.event_handler.log_command:Invoking command in '/home/coreblimp1/GitHub/Basestation/V3_ws/src/Blimp': PYTHONPATH=/home/coreblimp1/GitHub/Basestation/V3_ws/build/Blimp/prefix_override:/home/coreblimp1/GitHub/Basestation/V3_ws/install/Blimp/lib/python3.8/site-packages:${PYTHONPATH} /usr/bin/python3 setup.py egg_info --egg-base ../../build/Blimp build --build-base /home/coreblimp1/GitHub/Basestation/V3_ws/build/Blimp/build install --record /home/coreblimp1/GitHub/Basestation/V3_ws/build/Blimp/install.log --install-scripts $base/lib/Blimp --single-version-externally-managed
[1.047s] DEBUG:colcon.colcon_core.event_handler.log_command:Invoking command in '/home/coreblimp1/GitHub/Basestation/V3_ws/src/TestingPkg': PYTHONPATH=/home/coreblimp1/GitHub/Basestation/V3_ws/build/TestingPkg/prefix_override:/home/coreblimp1/GitHub/Basestation/V3_ws/install/TestingPkg/lib/python3.8/site-packages:${PYTHONPATH} /usr/bin/python3 setup.py egg_info --egg-base ../../build/TestingPkg build --build-base /home/coreblimp1/GitHub/Basestation/V3_ws/build/TestingPkg/build install --record /home/coreblimp1/GitHub/Basestation/V3_ws/build/TestingPkg/install.log --install-scripts $base/lib/TestingPkg --single-version-externally-managed
[1.258s] DEBUG:colcon.colcon_core.event_handler.log_command:Invoked command in '/home/coreblimp1/GitHub/Basestation/V3_ws/src/BasestationV3' returned '0': PYTHONPATH=/home/coreblimp1/GitHub/Basestation/V3_ws/build/BasestationV3/prefix_override:/home/coreblimp1/GitHub/Basestation/V3_ws/install/BasestationV3/lib/python3.8/site-packages:${PYTHONPATH} /usr/bin/python3 setup.py egg_info --egg-base ../../build/BasestationV3 build --build-base /home/coreblimp1/GitHub/Basestation/V3_ws/build/BasestationV3/build install --record /home/coreblimp1/GitHub/Basestation/V3_ws/build/BasestationV3/install.log --install-scripts $base/lib/BasestationV3 --single-version-externally-managed
[1.261s] Level 1:colcon.colcon_core.environment:checking '/home/coreblimp1/GitHub/Basestation/V3_ws/install/BasestationV3' for CMake module files
[1.261s] Level 1:colcon.colcon_core.environment:checking '/home/coreblimp1/GitHub/Basestation/V3_ws/install/BasestationV3' for CMake config files
[1.261s] Level 1:colcon.colcon_core.environment:checking '/home/coreblimp1/GitHub/Basestation/V3_ws/install/BasestationV3/lib'
[1.262s] Level 1:colcon.colcon_core.environment:checking '/home/coreblimp1/GitHub/Basestation/V3_ws/install/BasestationV3/bin'
[1.262s] Level 1:colcon.colcon_core.environment:checking '/home/coreblimp1/GitHub/Basestation/V3_ws/install/BasestationV3/lib/pkgconfig/BasestationV3.pc'
[1.262s] Level 1:colcon.colcon_core.environment:checking '/home/coreblimp1/GitHub/Basestation/V3_ws/install/BasestationV3/lib/python3.8/site-packages'
[1.262s] Level 1:colcon.colcon_core.shell:create_environment_hook('BasestationV3', 'pythonpath')
[1.263s] INFO:colcon.colcon_core.shell:Creating environment hook '/home/coreblimp1/GitHub/Basestation/V3_ws/install/BasestationV3/share/BasestationV3/hook/pythonpath.ps1'
[1.263s] INFO:colcon.colcon_core.shell:Creating environment descriptor '/home/coreblimp1/GitHub/Basestation/V3_ws/install/BasestationV3/share/BasestationV3/hook/pythonpath.dsv'
[1.263s] INFO:colcon.colcon_core.shell:Creating environment hook '/home/coreblimp1/GitHub/Basestation/V3_ws/install/BasestationV3/share/BasestationV3/hook/pythonpath.sh'
[1.263s] Level 1:colcon.colcon_core.environment:checking '/home/coreblimp1/GitHub/Basestation/V3_ws/install/BasestationV3/bin'
[1.264s] Level 1:colcon.colcon_core.environment:create_environment_scripts_only(BasestationV3)
[1.264s] INFO:colcon.colcon_core.shell:Creating package script '/home/coreblimp1/GitHub/Basestation/V3_ws/install/BasestationV3/share/BasestationV3/package.ps1'
[1.265s] INFO:colcon.colcon_core.shell:Creating package descriptor '/home/coreblimp1/GitHub/Basestation/V3_ws/install/BasestationV3/share/BasestationV3/package.dsv'
[1.265s] INFO:colcon.colcon_core.shell:Creating package script '/home/coreblimp1/GitHub/Basestation/V3_ws/install/BasestationV3/share/BasestationV3/package.sh'
[1.266s] INFO:colcon.colcon_core.shell:Creating package script '/home/coreblimp1/GitHub/Basestation/V3_ws/install/BasestationV3/share/BasestationV3/package.bash'
[1.266s] INFO:colcon.colcon_core.shell:Creating package script '/home/coreblimp1/GitHub/Basestation/V3_ws/install/BasestationV3/share/BasestationV3/package.zsh'
[1.266s] Level 1:colcon.colcon_core.environment:create_file_with_runtime_dependencies(/home/coreblimp1/GitHub/Basestation/V3_ws/install/BasestationV3/share/colcon-core/packages/BasestationV3)
[1.268s] Level 1:colcon.colcon_core.environment:checking '/home/coreblimp1/GitHub/Basestation/V3_ws/install/Blimp' for CMake module files
[1.269s] DEBUG:colcon.colcon_core.event_handler.log_command:Invoked command in '/home/coreblimp1/GitHub/Basestation/V3_ws/src/Blimp' returned '0': PYTHONPATH=/home/coreblimp1/GitHub/Basestation/V3_ws/build/Blimp/prefix_override:/home/coreblimp1/GitHub/Basestation/V3_ws/install/Blimp/lib/python3.8/site-packages:${PYTHONPATH} /usr/bin/python3 setup.py egg_info --egg-base ../../build/Blimp build --build-base /home/coreblimp1/GitHub/Basestation/V3_ws/build/Blimp/build install --record /home/coreblimp1/GitHub/Basestation/V3_ws/build/Blimp/install.log --install-scripts $base/lib/Blimp --single-version-externally-managed
[1.269s] Level 1:colcon.colcon_core.environment:checking '/home/coreblimp1/GitHub/Basestation/V3_ws/install/Blimp' for CMake config files
[1.269s] Level 1:colcon.colcon_core.environment:checking '/home/coreblimp1/GitHub/Basestation/V3_ws/install/Blimp/lib'
[1.269s] Level 1:colcon.colcon_core.environment:checking '/home/coreblimp1/GitHub/Basestation/V3_ws/install/Blimp/bin'
[1.269s] Level 1:colcon.colcon_core.environment:checking '/home/coreblimp1/GitHub/Basestation/V3_ws/install/Blimp/lib/pkgconfig/Blimp.pc'
[1.270s] Level 1:colcon.colcon_core.environment:checking '/home/coreblimp1/GitHub/Basestation/V3_ws/install/Blimp/lib/python3.8/site-packages'
[1.270s] Level 1:colcon.colcon_core.shell:create_environment_hook('Blimp', 'pythonpath')
[1.270s] INFO:colcon.colcon_core.shell:Creating environment hook '/home/coreblimp1/GitHub/Basestation/V3_ws/install/Blimp/share/Blimp/hook/pythonpath.ps1'
[1.271s] INFO:colcon.colcon_core.shell:Creating environment descriptor '/home/coreblimp1/GitHub/Basestation/V3_ws/install/Blimp/share/Blimp/hook/pythonpath.dsv'
[1.271s] INFO:colcon.colcon_core.shell:Creating environment hook '/home/coreblimp1/GitHub/Basestation/V3_ws/install/Blimp/share/Blimp/hook/pythonpath.sh'
[1.271s] Level 1:colcon.colcon_core.environment:checking '/home/coreblimp1/GitHub/Basestation/V3_ws/install/Blimp/bin'
[1.271s] Level 1:colcon.colcon_core.environment:create_environment_scripts_only(Blimp)
[1.272s] INFO:colcon.colcon_core.shell:Creating package script '/home/coreblimp1/GitHub/Basestation/V3_ws/install/Blimp/share/Blimp/package.ps1'
[1.272s] INFO:colcon.colcon_core.shell:Creating package descriptor '/home/coreblimp1/GitHub/Basestation/V3_ws/install/Blimp/share/Blimp/package.dsv'
[1.272s] INFO:colcon.colcon_core.shell:Creating package script '/home/coreblimp1/GitHub/Basestation/V3_ws/install/Blimp/share/Blimp/package.sh'
[1.273s] INFO:colcon.colcon_core.shell:Creating package script '/home/coreblimp1/GitHub/Basestation/V3_ws/install/Blimp/share/Blimp/package.bash'
[1.273s] INFO:colcon.colcon_core.shell:Creating package script '/home/coreblimp1/GitHub/Basestation/V3_ws/install/Blimp/share/Blimp/package.zsh'
[1.273s] Level 1:colcon.colcon_core.environment:create_file_with_runtime_dependencies(/home/coreblimp1/GitHub/Basestation/V3_ws/install/Blimp/share/colcon-core/packages/Blimp)
[1.274s] Level 1:colcon.colcon_core.environment:checking '/home/coreblimp1/GitHub/Basestation/V3_ws/install/TestingPkg' for CMake module files
[1.275s] DEBUG:colcon.colcon_core.event_handler.log_command:Invoked command in '/home/coreblimp1/GitHub/Basestation/V3_ws/src/TestingPkg' returned '0': PYTHONPATH=/home/coreblimp1/GitHub/Basestation/V3_ws/build/TestingPkg/prefix_override:/home/coreblimp1/GitHub/Basestation/V3_ws/install/TestingPkg/lib/python3.8/site-packages:${PYTHONPATH} /usr/bin/python3 setup.py egg_info --egg-base ../../build/TestingPkg build --build-base /home/coreblimp1/GitHub/Basestation/V3_ws/build/TestingPkg/build install --record /home/coreblimp1/GitHub/Basestation/V3_ws/build/TestingPkg/install.log --install-scripts $base/lib/TestingPkg --single-version-externally-managed
[1.275s] Level 1:colcon.colcon_core.environment:checking '/home/coreblimp1/GitHub/Basestation/V3_ws/install/TestingPkg' for CMake config files
[1.275s] Level 1:colcon.colcon_core.environment:checking '/home/coreblimp1/GitHub/Basestation/V3_ws/install/TestingPkg/lib'
[1.275s] Level 1:colcon.colcon_core.environment:checking '/home/coreblimp1/GitHub/Basestation/V3_ws/install/TestingPkg/bin'
[1.275s] Level 1:colcon.colcon_core.environment:checking '/home/coreblimp1/GitHub/Basestation/V3_ws/install/TestingPkg/lib/pkgconfig/TestingPkg.pc'
[1.275s] Level 1:colcon.colcon_core.environment:checking '/home/coreblimp1/GitHub/Basestation/V3_ws/install/TestingPkg/lib/python3.8/site-packages'
[1.275s] Level 1:colcon.colcon_core.shell:create_environment_hook('TestingPkg', 'pythonpath')
[1.276s] INFO:colcon.colcon_core.shell:Creating environment hook '/home/coreblimp1/GitHub/Basestation/V3_ws/install/TestingPkg/share/TestingPkg/hook/pythonpath.ps1'
[1.276s] INFO:colcon.colcon_core.shell:Creating environment descriptor '/home/coreblimp1/GitHub/Basestation/V3_ws/install/TestingPkg/share/TestingPkg/hook/pythonpath.dsv'
[1.277s] INFO:colcon.colcon_core.shell:Creating environment hook '/home/coreblimp1/GitHub/Basestation/V3_ws/install/TestingPkg/share/TestingPkg/hook/pythonpath.sh'
[1.277s] Level 1:colcon.colcon_core.environment:checking '/home/coreblimp1/GitHub/Basestation/V3_ws/install/TestingPkg/bin'
[1.277s] Level 1:colcon.colcon_core.environment:create_environment_scripts_only(TestingPkg)
[1.278s] INFO:colcon.colcon_core.shell:Creating package script '/home/coreblimp1/GitHub/Basestation/V3_ws/install/TestingPkg/share/TestingPkg/package.ps1'
[1.278s] INFO:colcon.colcon_core.shell:Creating package descriptor '/home/coreblimp1/GitHub/Basestation/V3_ws/install/TestingPkg/share/TestingPkg/package.dsv'
[1.278s] INFO:colcon.colcon_core.shell:Creating package script '/home/coreblimp1/GitHub/Basestation/V3_ws/install/TestingPkg/share/TestingPkg/package.sh'
[1.279s] INFO:colcon.colcon_core.shell:Creating package script '/home/coreblimp1/GitHub/Basestation/V3_ws/install/TestingPkg/share/TestingPkg/package.bash'
[1.279s] INFO:colcon.colcon_core.shell:Creating package script '/home/coreblimp1/GitHub/Basestation/V3_ws/install/TestingPkg/share/TestingPkg/package.zsh'
[1.279s] Level 1:colcon.colcon_core.environment:create_file_with_runtime_dependencies(/home/coreblimp1/GitHub/Basestation/V3_ws/install/TestingPkg/share/colcon-core/packages/TestingPkg)
[1.279s] DEBUG:colcon.colcon_parallel_executor.executor.parallel:closing loop
[1.279s] DEBUG:colcon.colcon_parallel_executor.executor.parallel:loop closed
[1.279s] DEBUG:colcon.colcon_parallel_executor.executor.parallel:run_until_complete finished with '0'
[1.279s] DEBUG:colcon.colcon_core.event_reactor:joining thread
[1.283s] INFO:colcon.colcon_core.plugin_system:Skipping extension 'colcon_notification.desktop_notification.terminal_notifier': Not used on non-Darwin systems
[1.283s] INFO:colcon.colcon_core.plugin_system:Skipping extension 'colcon_notification.desktop_notification.win32': Not used on non-Windows systems
[1.283s] INFO:colcon.colcon_notification.desktop_notification:Sending desktop notification using 'notify2'
[1.294s] DEBUG:colcon.colcon_core.event_reactor:joined thread
[1.295s] INFO:colcon.colcon_core.shell:Creating prefix script '/home/coreblimp1/GitHub/Basestation/V3_ws/install/local_setup.ps1'
[1.295s] INFO:colcon.colcon_core.shell:Creating prefix util module '/home/coreblimp1/GitHub/Basestation/V3_ws/install/_local_setup_util_ps1.py'
[1.297s] INFO:colcon.colcon_core.shell:Creating prefix chain script '/home/coreblimp1/GitHub/Basestation/V3_ws/install/setup.ps1'
[1.298s] INFO:colcon.colcon_core.shell:Creating prefix script '/home/coreblimp1/GitHub/Basestation/V3_ws/install/local_setup.sh'
[1.299s] INFO:colcon.colcon_core.shell:Creating prefix util module '/home/coreblimp1/GitHub/Basestation/V3_ws/install/_local_setup_util_sh.py'
[1.299s] INFO:colcon.colcon_core.shell:Creating prefix chain script '/home/coreblimp1/GitHub/Basestation/V3_ws/install/setup.sh'
[1.300s] INFO:colcon.colcon_core.shell:Creating prefix script '/home/coreblimp1/GitHub/Basestation/V3_ws/install/local_setup.bash'
[1.301s] INFO:colcon.colcon_core.shell:Creating prefix chain script '/home/coreblimp1/GitHub/Basestation/V3_ws/install/setup.bash'
[1.302s] INFO:colcon.colcon_core.shell:Creating prefix script '/home/coreblimp1/GitHub/Basestation/V3_ws/install/local_setup.zsh'
[1.302s] INFO:colcon.colcon_core.shell:Creating prefix chain script '/home/coreblimp1/GitHub/Basestation/V3_ws/install/setup.zsh'
