/home/local/.local/lib/python3.8/site-packages/setuptools/dist.py:745: SetuptoolsDeprecationWarning: Invalid dash-separated options
!!

        ********************************************************************************
        Usage of dash-separated 'script-dir' will not be supported in future
        versions. Please use the underscore name 'script_dir' instead.

        By 2023-Sep-26, you need to update your project and remove deprecated calls
        or your builds will no longer be supported.

        See https://setuptools.pypa.io/en/latest/userguide/declarative_config.html for details.
        ********************************************************************************

!!
  opt = self.warn_dash_deprecation(opt, section)
running egg_info
writing ../../build/BasestationV3/BasestationV3.egg-info/PKG-INFO
writing dependency_links to ../../build/BasestationV3/BasestationV3.egg-info/dependency_links.txt
writing entry points to ../../build/BasestationV3/BasestationV3.egg-info/entry_points.txt
writing requirements to ../../build/BasestationV3/BasestationV3.egg-info/requires.txt
writing top-level names to ../../build/BasestationV3/BasestationV3.egg-info/top_level.txt
reading manifest file '../../build/BasestationV3/BasestationV3.egg-info/SOURCES.txt'
writing manifest file '../../build/BasestationV3/BasestationV3.egg-info/SOURCES.txt'
running build
running build_py
copying BasestationV3/ROS2Helper.py -> /home/local/GitHub/Basestation/V3_ws/build/BasestationV3/build/lib/BasestationV3
/home/local/.local/lib/python3.8/site-packages/setuptools/_distutils/cmd.py:66: SetuptoolsDeprecationWarning: setup.py install is deprecated.
!!

        ********************************************************************************
        Please avoid running ``setup.py`` directly.
        Instead, use pypa/build, pypa/installer or other
        standards-based tools.

        See https://blog.ganssle.io/articles/2021/10/setup-py-deprecated.html for details.
        ********************************************************************************

!!
  self.initialize_options()
running install
running install_lib
copying /home/local/GitHub/Basestation/V3_ws/build/BasestationV3/build/lib/BasestationV3/ROS2Helper.py -> /home/local/GitHub/Basestation/V3_ws/install/BasestationV3/lib/python3.8/site-packages/BasestationV3
byte-compiling /home/local/GitHub/Basestation/V3_ws/install/BasestationV3/lib/python3.8/site-packages/BasestationV3/ROS2Helper.py to ROS2Helper.cpython-38.pyc
running install_data
running install_egg_info
removing '/home/local/GitHub/Basestation/V3_ws/install/BasestationV3/lib/python3.8/site-packages/BasestationV3-0.0.0-py3.8.egg-info' (and everything under it)
Copying ../../build/BasestationV3/BasestationV3.egg-info to /home/local/GitHub/Basestation/V3_ws/install/BasestationV3/lib/python3.8/site-packages/BasestationV3-0.0.0-py3.8.egg-info
running install_scripts
Installing Basestation script to /home/local/GitHub/Basestation/V3_ws/install/BasestationV3/lib/BasestationV3
writing list of installed files to '/home/local/GitHub/Basestation/V3_ws/build/BasestationV3/install.log'
