[0.751s] Invoking command in '/home/coreblimp1/GitHub/Basestation/V3_ws/src/Blimp': PYTHONPATH=/home/coreblimp1/GitHub/Basestation/V3_ws/build/Blimp/prefix_override:/home/coreblimp1/GitHub/Basestation/V3_ws/install/Blimp/lib/python3.8/site-packages:${PYTHONPATH} /usr/bin/python3 setup.py egg_info --egg-base ../../build/Blimp build --build-base /home/coreblimp1/GitHub/Basestation/V3_ws/build/Blimp/build install --record /home/coreblimp1/GitHub/Basestation/V3_ws/build/Blimp/install.log --install-scripts $base/lib/Blimp --single-version-externally-managed
[0.891s] running egg_info
[0.891s] writing ../../build/Blimp/Blimp.egg-info/PKG-INFO
[0.892s] writing dependency_links to ../../build/Blimp/Blimp.egg-info/dependency_links.txt
[0.892s] writing entry points to ../../build/Blimp/Blimp.egg-info/entry_points.txt
[0.892s] writing requirements to ../../build/Blimp/Blimp.egg-info/requires.txt
[0.892s] writing top-level names to ../../build/Blimp/Blimp.egg-info/top_level.txt
[0.916s] reading manifest file '../../build/Blimp/Blimp.egg-info/SOURCES.txt'
[0.916s] writing manifest file '../../build/Blimp/Blimp.egg-info/SOURCES.txt'
[0.917s] running build
[0.917s] running build_py
[0.917s] running install
[0.917s] running install_lib
[0.918s] running install_data
[0.919s] running install_egg_info
[0.920s] removing '/home/coreblimp1/GitHub/Basestation/V3_ws/install/Blimp/lib/python3.8/site-packages/Blimp-0.0.0-py3.8.egg-info' (and everything under it)
[0.920s] Copying ../../build/Blimp/Blimp.egg-info to /home/coreblimp1/GitHub/Basestation/V3_ws/install/Blimp/lib/python3.8/site-packages/Blimp-0.0.0-py3.8.egg-info
[0.920s] running install_scripts
[0.934s] Installing Blimp script to /home/coreblimp1/GitHub/Basestation/V3_ws/install/Blimp/lib/Blimp
[0.934s] writing list of installed files to '/home/coreblimp1/GitHub/Basestation/V3_ws/build/Blimp/install.log'
[0.957s] Invoked command in '/home/coreblimp1/GitHub/Basestation/V3_ws/src/Blimp' returned '0': PYTHONPATH=/home/coreblimp1/GitHub/Basestation/V3_ws/build/Blimp/prefix_override:/home/coreblimp1/GitHub/Basestation/V3_ws/install/Blimp/lib/python3.8/site-packages:${PYTHONPATH} /usr/bin/python3 setup.py egg_info --egg-base ../../build/Blimp build --build-base /home/coreblimp1/GitHub/Basestation/V3_ws/build/Blimp/build install --record /home/coreblimp1/GitHub/Basestation/V3_ws/build/Blimp/install.log --install-scripts $base/lib/Blimp --single-version-externally-managed
