running egg_info
creating ../../build/my_package/my_package.egg-info
writing ../../build/my_package/my_package.egg-info/PKG-INFO
writing dependency_links to ../../build/my_package/my_package.egg-info/dependency_links.txt
writing entry points to ../../build/my_package/my_package.egg-info/entry_points.txt
writing requirements to ../../build/my_package/my_package.egg-info/requires.txt
writing top-level names to ../../build/my_package/my_package.egg-info/top_level.txt
writing manifest file '../../build/my_package/my_package.egg-info/SOURCES.txt'
reading manifest file '../../build/my_package/my_package.egg-info/SOURCES.txt'
writing manifest file '../../build/my_package/my_package.egg-info/SOURCES.txt'
running build
running build_py
creating /home/coreblimp1/GitHub/Basestation/V3_ws/build/my_package/build
creating /home/coreblimp1/GitHub/Basestation/V3_ws/build/my_package/build/lib
creating /home/coreblimp1/GitHub/Basestation/V3_ws/build/my_package/build/lib/my_package
copying my_package/__init__.py -> /home/coreblimp1/GitHub/Basestation/V3_ws/build/my_package/build/lib/my_package
copying my_package/my_node.py -> /home/coreblimp1/GitHub/Basestation/V3_ws/build/my_package/build/lib/my_package
running install
running install_lib
creating /home/coreblimp1/GitHub/Basestation/V3_ws/install/my_package/lib/python3.8/site-packages/my_package
copying /home/coreblimp1/GitHub/Basestation/V3_ws/build/my_package/build/lib/my_package/__init__.py -> /home/coreblimp1/GitHub/Basestation/V3_ws/install/my_package/lib/python3.8/site-packages/my_package
copying /home/coreblimp1/GitHub/Basestation/V3_ws/build/my_package/build/lib/my_package/my_node.py -> /home/coreblimp1/GitHub/Basestation/V3_ws/install/my_package/lib/python3.8/site-packages/my_package
byte-compiling /home/coreblimp1/GitHub/Basestation/V3_ws/install/my_package/lib/python3.8/site-packages/my_package/__init__.py to __init__.cpython-38.pyc
byte-compiling /home/coreblimp1/GitHub/Basestation/V3_ws/install/my_package/lib/python3.8/site-packages/my_package/my_node.py to my_node.cpython-38.pyc
running install_data
creating /home/coreblimp1/GitHub/Basestation/V3_ws/install/my_package/share/ament_index
creating /home/coreblimp1/GitHub/Basestation/V3_ws/install/my_package/share/ament_index/resource_index
creating /home/coreblimp1/GitHub/Basestation/V3_ws/install/my_package/share/ament_index/resource_index/packages
copying resource/my_package -> /home/coreblimp1/GitHub/Basestation/V3_ws/install/my_package/share/ament_index/resource_index/packages
copying package.xml -> /home/coreblimp1/GitHub/Basestation/V3_ws/install/my_package/share/my_package
running install_egg_info
Copying ../../build/my_package/my_package.egg-info to /home/coreblimp1/GitHub/Basestation/V3_ws/install/my_package/lib/python3.8/site-packages/my_package-0.0.0-py3.8.egg-info
running install_scripts
Installing my_node script to /home/coreblimp1/GitHub/Basestation/V3_ws/install/my_package/lib/my_package
writing list of installed files to '/home/coreblimp1/GitHub/Basestation/V3_ws/build/my_package/install.log'
