[0.446s] Invoking command in '/home/coreblimp1/GitHub/Basestation/V3_ws/src/my_package': PYTHONPATH=/home/coreblimp1/GitHub/Basestation/V3_ws/build/my_package/prefix_override:/home/coreblimp1/GitHub/Basestation/V3_ws/install/my_package/lib/python3.8/site-packages:${PYTHONPATH} /usr/bin/python3 setup.py egg_info --egg-base ../../build/my_package build --build-base /home/coreblimp1/GitHub/Basestation/V3_ws/build/my_package/build install --record /home/coreblimp1/GitHub/Basestation/V3_ws/build/my_package/install.log --install-scripts $base/lib/my_package --single-version-externally-managed
[0.568s] running egg_info
[0.568s] creating ../../build/my_package/my_package.egg-info
[0.568s] writing ../../build/my_package/my_package.egg-info/PKG-INFO
[0.568s] writing dependency_links to ../../build/my_package/my_package.egg-info/dependency_links.txt
[0.569s] writing entry points to ../../build/my_package/my_package.egg-info/entry_points.txt
[0.569s] writing requirements to ../../build/my_package/my_package.egg-info/requires.txt
[0.569s] writing top-level names to ../../build/my_package/my_package.egg-info/top_level.txt
[0.569s] writing manifest file '../../build/my_package/my_package.egg-info/SOURCES.txt'
[0.590s] reading manifest file '../../build/my_package/my_package.egg-info/SOURCES.txt'
[0.590s] writing manifest file '../../build/my_package/my_package.egg-info/SOURCES.txt'
[0.590s] running build
[0.590s] running build_py
[0.590s] creating /home/coreblimp1/GitHub/Basestation/V3_ws/build/my_package/build
[0.591s] creating /home/coreblimp1/GitHub/Basestation/V3_ws/build/my_package/build/lib
[0.591s] creating /home/coreblimp1/GitHub/Basestation/V3_ws/build/my_package/build/lib/my_package
[0.591s] copying my_package/__init__.py -> /home/coreblimp1/GitHub/Basestation/V3_ws/build/my_package/build/lib/my_package
[0.591s] copying my_package/my_node.py -> /home/coreblimp1/GitHub/Basestation/V3_ws/build/my_package/build/lib/my_package
[0.591s] running install
[0.591s] running install_lib
[0.592s] creating /home/coreblimp1/GitHub/Basestation/V3_ws/install/my_package/lib/python3.8/site-packages/my_package
[0.592s] copying /home/coreblimp1/GitHub/Basestation/V3_ws/build/my_package/build/lib/my_package/__init__.py -> /home/coreblimp1/GitHub/Basestation/V3_ws/install/my_package/lib/python3.8/site-packages/my_package
[0.592s] copying /home/coreblimp1/GitHub/Basestation/V3_ws/build/my_package/build/lib/my_package/my_node.py -> /home/coreblimp1/GitHub/Basestation/V3_ws/install/my_package/lib/python3.8/site-packages/my_package
[0.592s] byte-compiling /home/coreblimp1/GitHub/Basestation/V3_ws/install/my_package/lib/python3.8/site-packages/my_package/__init__.py to __init__.cpython-38.pyc
[0.593s] byte-compiling /home/coreblimp1/GitHub/Basestation/V3_ws/install/my_package/lib/python3.8/site-packages/my_package/my_node.py to my_node.cpython-38.pyc
[0.593s] running install_data
[0.593s] creating /home/coreblimp1/GitHub/Basestation/V3_ws/install/my_package/share/ament_index
[0.593s] creating /home/coreblimp1/GitHub/Basestation/V3_ws/install/my_package/share/ament_index/resource_index
[0.593s] creating /home/coreblimp1/GitHub/Basestation/V3_ws/install/my_package/share/ament_index/resource_index/packages
[0.593s] copying resource/my_package -> /home/coreblimp1/GitHub/Basestation/V3_ws/install/my_package/share/ament_index/resource_index/packages
[0.593s] copying package.xml -> /home/coreblimp1/GitHub/Basestation/V3_ws/install/my_package/share/my_package
[0.593s] running install_egg_info
[0.594s] Copying ../../build/my_package/my_package.egg-info to /home/coreblimp1/GitHub/Basestation/V3_ws/install/my_package/lib/python3.8/site-packages/my_package-0.0.0-py3.8.egg-info
[0.595s] running install_scripts
[0.605s] Installing my_node script to /home/coreblimp1/GitHub/Basestation/V3_ws/install/my_package/lib/my_package
[0.605s] writing list of installed files to '/home/coreblimp1/GitHub/Basestation/V3_ws/build/my_package/install.log'
[0.620s] Invoked command in '/home/coreblimp1/GitHub/Basestation/V3_ws/src/my_package' returned '0': PYTHONPATH=/home/coreblimp1/GitHub/Basestation/V3_ws/build/my_package/prefix_override:/home/coreblimp1/GitHub/Basestation/V3_ws/install/my_package/lib/python3.8/site-packages:${PYTHONPATH} /usr/bin/python3 setup.py egg_info --egg-base ../../build/my_package build --build-base /home/coreblimp1/GitHub/Basestation/V3_ws/build/my_package/build install --record /home/coreblimp1/GitHub/Basestation/V3_ws/build/my_package/install.log --install-scripts $base/lib/my_package --single-version-externally-managed
