running egg_info
creating ../../build/Blimp/Blimp.egg-info
writing ../../build/Blimp/Blimp.egg-info/PKG-INFO
writing dependency_links to ../../build/Blimp/Blimp.egg-info/dependency_links.txt
writing entry points to ../../build/Blimp/Blimp.egg-info/entry_points.txt
writing requirements to ../../build/Blimp/Blimp.egg-info/requires.txt
writing top-level names to ../../build/Blimp/Blimp.egg-info/top_level.txt
writing manifest file '../../build/Blimp/Blimp.egg-info/SOURCES.txt'
reading manifest file '../../build/Blimp/Blimp.egg-info/SOURCES.txt'
writing manifest file '../../build/Blimp/Blimp.egg-info/SOURCES.txt'
running build
running build_py
creating /home/coreblimp1/GitHub/Basestation/V3_ws/build/Blimp/build
creating /home/coreblimp1/GitHub/Basestation/V3_ws/build/Blimp/build/lib
creating /home/coreblimp1/GitHub/Basestation/V3_ws/build/Blimp/build/lib/Blimp
copying Blimp/__init__.py -> /home/coreblimp1/GitHub/Basestation/V3_ws/build/Blimp/build/lib/Blimp
copying Blimp/FakeBlimp.py -> /home/coreblimp1/GitHub/Basestation/V3_ws/build/Blimp/build/lib/Blimp
running install
running install_lib
creating /home/coreblimp1/GitHub/Basestation/V3_ws/install/Blimp/lib/python3.8/site-packages/Blimp
copying /home/coreblimp1/GitHub/Basestation/V3_ws/build/Blimp/build/lib/Blimp/__init__.py -> /home/coreblimp1/GitHub/Basestation/V3_ws/install/Blimp/lib/python3.8/site-packages/Blimp
copying /home/coreblimp1/GitHub/Basestation/V3_ws/build/Blimp/build/lib/Blimp/FakeBlimp.py -> /home/coreblimp1/GitHub/Basestation/V3_ws/install/Blimp/lib/python3.8/site-packages/Blimp
byte-compiling /home/coreblimp1/GitHub/Basestation/V3_ws/install/Blimp/lib/python3.8/site-packages/Blimp/__init__.py to __init__.cpython-38.pyc
byte-compiling /home/coreblimp1/GitHub/Basestation/V3_ws/install/Blimp/lib/python3.8/site-packages/Blimp/FakeBlimp.py to FakeBlimp.cpython-38.pyc
running install_data
creating /home/coreblimp1/GitHub/Basestation/V3_ws/install/Blimp/share/ament_index
creating /home/coreblimp1/GitHub/Basestation/V3_ws/install/Blimp/share/ament_index/resource_index
creating /home/coreblimp1/GitHub/Basestation/V3_ws/install/Blimp/share/ament_index/resource_index/packages
copying resource/Blimp -> /home/coreblimp1/GitHub/Basestation/V3_ws/install/Blimp/share/ament_index/resource_index/packages
copying package.xml -> /home/coreblimp1/GitHub/Basestation/V3_ws/install/Blimp/share/Blimp
running install_egg_info
Copying ../../build/Blimp/Blimp.egg-info to /home/coreblimp1/GitHub/Basestation/V3_ws/install/Blimp/lib/python3.8/site-packages/Blimp-0.0.0-py3.8.egg-info
running install_scripts
writing list of installed files to '/home/coreblimp1/GitHub/Basestation/V3_ws/build/Blimp/install.log'
