[0.771s] Invoking command in '/home/coreblimp1/GitHub/Basestation/V3_ws/src/Blimp': PYTHONPATH=/home/coreblimp1/GitHub/Basestation/V3_ws/build/Blimp/prefix_override:/home/coreblimp1/GitHub/Basestation/V3_ws/install/Blimp/lib/python3.8/site-packages:${PYTHONPATH} /usr/bin/python3 setup.py egg_info --egg-base ../../build/Blimp build --build-base /home/coreblimp1/GitHub/Basestation/V3_ws/build/Blimp/build install --record /home/coreblimp1/GitHub/Basestation/V3_ws/build/Blimp/install.log --install-scripts $base/lib/Blimp --single-version-externally-managed
[0.910s] running egg_info
[0.910s] creating ../../build/Blimp/Blimp.egg-info
[0.910s] writing ../../build/Blimp/Blimp.egg-info/PKG-INFO
[0.910s] writing dependency_links to ../../build/Blimp/Blimp.egg-info/dependency_links.txt
[0.910s] writing entry points to ../../build/Blimp/Blimp.egg-info/entry_points.txt
[0.910s] writing requirements to ../../build/Blimp/Blimp.egg-info/requires.txt
[0.910s] writing top-level names to ../../build/Blimp/Blimp.egg-info/top_level.txt
[0.911s] writing manifest file '../../build/Blimp/Blimp.egg-info/SOURCES.txt'
[0.935s] reading manifest file '../../build/Blimp/Blimp.egg-info/SOURCES.txt'
[0.935s] writing manifest file '../../build/Blimp/Blimp.egg-info/SOURCES.txt'
[0.935s] running build
[0.935s] running build_py
[0.935s] creating /home/coreblimp1/GitHub/Basestation/V3_ws/build/Blimp/build
[0.936s] creating /home/coreblimp1/GitHub/Basestation/V3_ws/build/Blimp/build/lib
[0.936s] creating /home/coreblimp1/GitHub/Basestation/V3_ws/build/Blimp/build/lib/Blimp
[0.936s] copying Blimp/__init__.py -> /home/coreblimp1/GitHub/Basestation/V3_ws/build/Blimp/build/lib/Blimp
[0.936s] copying Blimp/FakeBlimp.py -> /home/coreblimp1/GitHub/Basestation/V3_ws/build/Blimp/build/lib/Blimp
[0.936s] running install
[0.936s] running install_lib
[0.937s] creating /home/coreblimp1/GitHub/Basestation/V3_ws/install/Blimp/lib/python3.8/site-packages/Blimp
[0.937s] copying /home/coreblimp1/GitHub/Basestation/V3_ws/build/Blimp/build/lib/Blimp/__init__.py -> /home/coreblimp1/GitHub/Basestation/V3_ws/install/Blimp/lib/python3.8/site-packages/Blimp
[0.937s] copying /home/coreblimp1/GitHub/Basestation/V3_ws/build/Blimp/build/lib/Blimp/FakeBlimp.py -> /home/coreblimp1/GitHub/Basestation/V3_ws/install/Blimp/lib/python3.8/site-packages/Blimp
[0.937s] byte-compiling /home/coreblimp1/GitHub/Basestation/V3_ws/install/Blimp/lib/python3.8/site-packages/Blimp/__init__.py to __init__.cpython-38.pyc
[0.938s] byte-compiling /home/coreblimp1/GitHub/Basestation/V3_ws/install/Blimp/lib/python3.8/site-packages/Blimp/FakeBlimp.py to FakeBlimp.cpython-38.pyc
[0.939s] running install_data
[0.939s] creating /home/coreblimp1/GitHub/Basestation/V3_ws/install/Blimp/share/ament_index
[0.939s] creating /home/coreblimp1/GitHub/Basestation/V3_ws/install/Blimp/share/ament_index/resource_index
[0.939s] creating /home/coreblimp1/GitHub/Basestation/V3_ws/install/Blimp/share/ament_index/resource_index/packages
[0.939s] copying resource/Blimp -> /home/coreblimp1/GitHub/Basestation/V3_ws/install/Blimp/share/ament_index/resource_index/packages
[0.939s] copying package.xml -> /home/coreblimp1/GitHub/Basestation/V3_ws/install/Blimp/share/Blimp
[0.939s] running install_egg_info
[0.940s] Copying ../../build/Blimp/Blimp.egg-info to /home/coreblimp1/GitHub/Basestation/V3_ws/install/Blimp/lib/python3.8/site-packages/Blimp-0.0.0-py3.8.egg-info
[0.941s] running install_scripts
[0.956s] writing list of installed files to '/home/coreblimp1/GitHub/Basestation/V3_ws/build/Blimp/install.log'
[0.977s] Invoked command in '/home/coreblimp1/GitHub/Basestation/V3_ws/src/Blimp' returned '0': PYTHONPATH=/home/coreblimp1/GitHub/Basestation/V3_ws/build/Blimp/prefix_override:/home/coreblimp1/GitHub/Basestation/V3_ws/install/Blimp/lib/python3.8/site-packages:${PYTHONPATH} /usr/bin/python3 setup.py egg_info --egg-base ../../build/Blimp build --build-base /home/coreblimp1/GitHub/Basestation/V3_ws/build/Blimp/build install --record /home/coreblimp1/GitHub/Basestation/V3_ws/build/Blimp/install.log --install-scripts $base/lib/Blimp --single-version-externally-managed
