[0.467s] colcon DEBUG Command line arguments: ['/usr/bin/colcon', 'list', '-p', '--base-paths', '/home/corelab/GitHub/Basestation/V3_ws']
[0.467s] colcon DEBUG Parsed command line arguments: Namespace(allow_overriding=[], base_paths=['/home/corelab/GitHub/Basestation/V3_ws'], build_base='build', ignore_user_meta=False, log_base=None, log_level=None, main=<bound method ListVerb.main of <colcon_package_information.verb.list.ListVerb object at 0x7f0782ee3880>>, metas=['./colcon.meta'], names_only=False, packages_above=None, packages_above_and_dependencies=None, packages_above_depth=None, packages_end=None, packages_ignore=None, packages_ignore_regex=None, packages_select=None, packages_select_build_failed=False, packages_select_by_dep=None, packages_select_regex=None, packages_select_test_failures=False, packages_skip=None, packages_skip_build_finished=False, packages_skip_by_dep=None, packages_skip_regex=None, packages_skip_test_passed=False, packages_skip_up_to=None, packages_start=None, packages_up_to=None, packages_up_to_regex=None, paths=None, paths_only=True, topological_graph=False, topological_graph_density=False, topological_graph_dot=False, topological_graph_dot_cluster=False, topological_graph_dot_include_skipped=False, topological_graph_legend=False, topological_order=False, verb_extension=<colcon_package_information.verb.list.ListVerb object at 0x7f0782ee3880>, verb_name='list', verb_parser=<colcon_defaults.argument_parser.defaults.DefaultArgumentsDecorator object at 0x7f0782e53d30>)
[0.484s] colcon.colcon_core.package_discovery Level 1 discover_packages(colcon_meta) check parameters
[0.484s] colcon.colcon_core.package_discovery Level 1 discover_packages(recursive) check parameters
[0.484s] colcon.colcon_core.package_discovery Level 1 discover_packages(ignore) check parameters
[0.484s] colcon.colcon_core.package_discovery Level 1 discover_packages(path) check parameters
[0.484s] colcon.colcon_core.package_discovery Level 1 discover_packages(recursive) discover
[0.484s] colcon.colcon_core.package_discovery INFO Crawling recursively for packages in '/home/corelab/GitHub/Basestation/V3_ws'
[0.485s] colcon.colcon_core.package_identification Level 1 _identify(/home/corelab/GitHub/Basestation/V3_ws) by extensions ['ignore', 'ignore_ament_install']
[0.485s] colcon.colcon_core.package_identification Level 1 _identify(/home/corelab/GitHub/Basestation/V3_ws) by extension 'ignore'
[0.485s] colcon.colcon_core.package_identification Level 1 _identify(/home/corelab/GitHub/Basestation/V3_ws) by extension 'ignore_ament_install'
[0.485s] colcon.colcon_core.package_identification Level 1 _identify(/home/corelab/GitHub/Basestation/V3_ws) by extensions ['colcon_pkg']
[0.485s] colcon.colcon_core.package_identification Level 1 _identify(/home/corelab/GitHub/Basestation/V3_ws) by extension 'colcon_pkg'
[0.485s] colcon.colcon_core.package_identification Level 1 _identify(/home/corelab/GitHub/Basestation/V3_ws) by extensions ['colcon_meta']
[0.485s] colcon.colcon_core.package_identification Level 1 _identify(/home/corelab/GitHub/Basestation/V3_ws) by extension 'colcon_meta'
[0.485s] colcon.colcon_core.package_identification Level 1 _identify(/home/corelab/GitHub/Basestation/V3_ws) by extensions ['ros']
[0.485s] colcon.colcon_core.package_identification Level 1 _identify(/home/corelab/GitHub/Basestation/V3_ws) by extension 'ros'
[0.492s] colcon.colcon_core.package_identification Level 1 _identify(/home/corelab/GitHub/Basestation/V3_ws) by extensions ['cmake', 'python']
[0.492s] colcon.colcon_core.package_identification Level 1 _identify(/home/corelab/GitHub/Basestation/V3_ws) by extension 'cmake'
[0.492s] colcon.colcon_core.package_identification Level 1 _identify(/home/corelab/GitHub/Basestation/V3_ws) by extension 'python'
[0.492s] colcon.colcon_core.package_identification Level 1 _identify(/home/corelab/GitHub/Basestation/V3_ws) by extensions ['python_setup_py']
[0.493s] colcon.colcon_core.package_identification Level 1 _identify(/home/corelab/GitHub/Basestation/V3_ws) by extension 'python_setup_py'
[0.493s] colcon.colcon_core.package_identification Level 1 _identify(/home/corelab/GitHub/Basestation/V3_ws/build) by extensions ['ignore', 'ignore_ament_install']
[0.493s] colcon.colcon_core.package_identification Level 1 _identify(/home/corelab/GitHub/Basestation/V3_ws/build) by extension 'ignore'
[0.493s] colcon.colcon_core.package_identification Level 1 _identify(/home/corelab/GitHub/Basestation/V3_ws/build) ignored
[0.493s] colcon.colcon_core.package_identification Level 1 _identify(/home/corelab/GitHub/Basestation/V3_ws/install) by extensions ['ignore', 'ignore_ament_install']
[0.493s] colcon.colcon_core.package_identification Level 1 _identify(/home/corelab/GitHub/Basestation/V3_ws/install) by extension 'ignore'
[0.493s] colcon.colcon_core.package_identification Level 1 _identify(/home/corelab/GitHub/Basestation/V3_ws/install) ignored
[0.493s] colcon.colcon_core.package_identification Level 1 _identify(/home/corelab/GitHub/Basestation/V3_ws/launch) by extensions ['ignore', 'ignore_ament_install']
[0.493s] colcon.colcon_core.package_identification Level 1 _identify(/home/corelab/GitHub/Basestation/V3_ws/launch) by extension 'ignore'
[0.493s] colcon.colcon_core.package_identification Level 1 _identify(/home/corelab/GitHub/Basestation/V3_ws/launch) by extension 'ignore_ament_install'
[0.493s] colcon.colcon_core.package_identification Level 1 _identify(/home/corelab/GitHub/Basestation/V3_ws/launch) by extensions ['colcon_pkg']
[0.493s] colcon.colcon_core.package_identification Level 1 _identify(/home/corelab/GitHub/Basestation/V3_ws/launch) by extension 'colcon_pkg'
[0.493s] colcon.colcon_core.package_identification Level 1 _identify(/home/corelab/GitHub/Basestation/V3_ws/launch) by extensions ['colcon_meta']
[0.493s] colcon.colcon_core.package_identification Level 1 _identify(/home/corelab/GitHub/Basestation/V3_ws/launch) by extension 'colcon_meta'
[0.493s] colcon.colcon_core.package_identification Level 1 _identify(/home/corelab/GitHub/Basestation/V3_ws/launch) by extensions ['ros']
[0.493s] colcon.colcon_core.package_identification Level 1 _identify(/home/corelab/GitHub/Basestation/V3_ws/launch) by extension 'ros'
[0.494s] colcon.colcon_core.package_identification Level 1 _identify(/home/corelab/GitHub/Basestation/V3_ws/launch) by extensions ['cmake', 'python']
[0.494s] colcon.colcon_core.package_identification Level 1 _identify(/home/corelab/GitHub/Basestation/V3_ws/launch) by extension 'cmake'
[0.494s] colcon.colcon_core.package_identification Level 1 _identify(/home/corelab/GitHub/Basestation/V3_ws/launch) by extension 'python'
[0.494s] colcon.colcon_core.package_identification Level 1 _identify(/home/corelab/GitHub/Basestation/V3_ws/launch) by extensions ['python_setup_py']
[0.494s] colcon.colcon_core.package_identification Level 1 _identify(/home/corelab/GitHub/Basestation/V3_ws/launch) by extension 'python_setup_py'
[0.494s] colcon.colcon_core.package_identification Level 1 _identify(/home/corelab/GitHub/Basestation/V3_ws/launch/__pycache__) by extensions ['ignore', 'ignore_ament_install']
[0.494s] colcon.colcon_core.package_identification Level 1 _identify(/home/corelab/GitHub/Basestation/V3_ws/launch/__pycache__) by extension 'ignore'
[0.494s] colcon.colcon_core.package_identification Level 1 _identify(/home/corelab/GitHub/Basestation/V3_ws/launch/__pycache__) by extension 'ignore_ament_install'
[0.494s] colcon.colcon_core.package_identification Level 1 _identify(/home/corelab/GitHub/Basestation/V3_ws/launch/__pycache__) by extensions ['colcon_pkg']
[0.494s] colcon.colcon_core.package_identification Level 1 _identify(/home/corelab/GitHub/Basestation/V3_ws/launch/__pycache__) by extension 'colcon_pkg'
[0.494s] colcon.colcon_core.package_identification Level 1 _identify(/home/corelab/GitHub/Basestation/V3_ws/launch/__pycache__) by extensions ['colcon_meta']
[0.494s] colcon.colcon_core.package_identification Level 1 _identify(/home/corelab/GitHub/Basestation/V3_ws/launch/__pycache__) by extension 'colcon_meta'
[0.494s] colcon.colcon_core.package_identification Level 1 _identify(/home/corelab/GitHub/Basestation/V3_ws/launch/__pycache__) by extensions ['ros']
[0.494s] colcon.colcon_core.package_identification Level 1 _identify(/home/corelab/GitHub/Basestation/V3_ws/launch/__pycache__) by extension 'ros'
[0.494s] colcon.colcon_core.package_identification Level 1 _identify(/home/corelab/GitHub/Basestation/V3_ws/launch/__pycache__) by extensions ['cmake', 'python']
[0.494s] colcon.colcon_core.package_identification Level 1 _identify(/home/corelab/GitHub/Basestation/V3_ws/launch/__pycache__) by extension 'cmake'
[0.494s] colcon.colcon_core.package_identification Level 1 _identify(/home/corelab/GitHub/Basestation/V3_ws/launch/__pycache__) by extension 'python'
[0.494s] colcon.colcon_core.package_identification Level 1 _identify(/home/corelab/GitHub/Basestation/V3_ws/launch/__pycache__) by extensions ['python_setup_py']
[0.494s] colcon.colcon_core.package_identification Level 1 _identify(/home/corelab/GitHub/Basestation/V3_ws/launch/__pycache__) by extension 'python_setup_py'
[0.494s] colcon.colcon_core.package_identification Level 1 _identify(/home/corelab/GitHub/Basestation/V3_ws/launch/build) by extensions ['ignore', 'ignore_ament_install']
[0.494s] colcon.colcon_core.package_identification Level 1 _identify(/home/corelab/GitHub/Basestation/V3_ws/launch/build) by extension 'ignore'
[0.494s] colcon.colcon_core.package_identification Level 1 _identify(/home/corelab/GitHub/Basestation/V3_ws/launch/build) ignored
[0.494s] colcon.colcon_core.package_identification Level 1 _identify(/home/corelab/GitHub/Basestation/V3_ws/launch/install) by extensions ['ignore', 'ignore_ament_install']
[0.494s] colcon.colcon_core.package_identification Level 1 _identify(/home/corelab/GitHub/Basestation/V3_ws/launch/install) by extension 'ignore'
[0.494s] colcon.colcon_core.package_identification Level 1 _identify(/home/corelab/GitHub/Basestation/V3_ws/launch/install) ignored
[0.494s] colcon.colcon_core.package_identification Level 1 _identify(/home/corelab/GitHub/Basestation/V3_ws/launch/log) by extensions ['ignore', 'ignore_ament_install']
[0.495s] colcon.colcon_core.package_identification Level 1 _identify(/home/corelab/GitHub/Basestation/V3_ws/launch/log) by extension 'ignore'
[0.495s] colcon.colcon_core.package_identification Level 1 _identify(/home/corelab/GitHub/Basestation/V3_ws/launch/log) ignored
[0.495s] colcon.colcon_core.package_identification Level 1 _identify(/home/corelab/GitHub/Basestation/V3_ws/log) by extensions ['ignore', 'ignore_ament_install']
[0.495s] colcon.colcon_core.package_identification Level 1 _identify(/home/corelab/GitHub/Basestation/V3_ws/log) by extension 'ignore'
[0.495s] colcon.colcon_core.package_identification Level 1 _identify(/home/corelab/GitHub/Basestation/V3_ws/log) ignored
[0.495s] colcon.colcon_core.package_identification Level 1 _identify(/home/corelab/GitHub/Basestation/V3_ws/src) by extensions ['ignore', 'ignore_ament_install']
[0.495s] colcon.colcon_core.package_identification Level 1 _identify(/home/corelab/GitHub/Basestation/V3_ws/src) by extension 'ignore'
[0.495s] colcon.colcon_core.package_identification Level 1 _identify(/home/corelab/GitHub/Basestation/V3_ws/src) by extension 'ignore_ament_install'
[0.495s] colcon.colcon_core.package_identification Level 1 _identify(/home/corelab/GitHub/Basestation/V3_ws/src) by extensions ['colcon_pkg']
[0.495s] colcon.colcon_core.package_identification Level 1 _identify(/home/corelab/GitHub/Basestation/V3_ws/src) by extension 'colcon_pkg'
[0.495s] colcon.colcon_core.package_identification Level 1 _identify(/home/corelab/GitHub/Basestation/V3_ws/src) by extensions ['colcon_meta']
[0.495s] colcon.colcon_core.package_identification Level 1 _identify(/home/corelab/GitHub/Basestation/V3_ws/src) by extension 'colcon_meta'
[0.495s] colcon.colcon_core.package_identification Level 1 _identify(/home/corelab/GitHub/Basestation/V3_ws/src) by extensions ['ros']
[0.495s] colcon.colcon_core.package_identification Level 1 _identify(/home/corelab/GitHub/Basestation/V3_ws/src) by extension 'ros'
[0.495s] colcon.colcon_core.package_identification Level 1 _identify(/home/corelab/GitHub/Basestation/V3_ws/src) by extensions ['cmake', 'python']
[0.495s] colcon.colcon_core.package_identification Level 1 _identify(/home/corelab/GitHub/Basestation/V3_ws/src) by extension 'cmake'
[0.495s] colcon.colcon_core.package_identification Level 1 _identify(/home/corelab/GitHub/Basestation/V3_ws/src) by extension 'python'
[0.495s] colcon.colcon_core.package_identification Level 1 _identify(/home/corelab/GitHub/Basestation/V3_ws/src) by extensions ['python_setup_py']
[0.495s] colcon.colcon_core.package_identification Level 1 _identify(/home/corelab/GitHub/Basestation/V3_ws/src) by extension 'python_setup_py'
[0.495s] colcon.colcon_core.package_identification Level 1 _identify(/home/corelab/GitHub/Basestation/V3_ws/src/BasestationV3) by extensions ['ignore', 'ignore_ament_install']
[0.495s] colcon.colcon_core.package_identification Level 1 _identify(/home/corelab/GitHub/Basestation/V3_ws/src/BasestationV3) by extension 'ignore'
[0.495s] colcon.colcon_core.package_identification Level 1 _identify(/home/corelab/GitHub/Basestation/V3_ws/src/BasestationV3) by extension 'ignore_ament_install'
[0.495s] colcon.colcon_core.package_identification Level 1 _identify(/home/corelab/GitHub/Basestation/V3_ws/src/BasestationV3) by extensions ['colcon_pkg']
[0.495s] colcon.colcon_core.package_identification Level 1 _identify(/home/corelab/GitHub/Basestation/V3_ws/src/BasestationV3) by extension 'colcon_pkg'
[0.496s] colcon.colcon_core.package_identification Level 1 _identify(/home/corelab/GitHub/Basestation/V3_ws/src/BasestationV3) by extensions ['colcon_meta']
[0.496s] colcon.colcon_core.package_identification Level 1 _identify(/home/corelab/GitHub/Basestation/V3_ws/src/BasestationV3) by extension 'colcon_meta'
[0.496s] colcon.colcon_core.package_identification Level 1 _identify(/home/corelab/GitHub/Basestation/V3_ws/src/BasestationV3) by extensions ['ros']
[0.496s] colcon.colcon_core.package_identification Level 1 _identify(/home/corelab/GitHub/Basestation/V3_ws/src/BasestationV3) by extension 'ros'
[0.499s] colcon.colcon_core.package_identification DEBUG Package '/home/corelab/GitHub/Basestation/V3_ws/src/BasestationV3' with type 'ros.ament_python' and name 'BasestationV3'
[0.499s] colcon.colcon_core.package_identification Level 1 _identify(/home/corelab/GitHub/Basestation/V3_ws/src/Blimp) by extensions ['ignore', 'ignore_ament_install']
[0.499s] colcon.colcon_core.package_identification Level 1 _identify(/home/corelab/GitHub/Basestation/V3_ws/src/Blimp) by extension 'ignore'
[0.499s] colcon.colcon_core.package_identification Level 1 _identify(/home/corelab/GitHub/Basestation/V3_ws/src/Blimp) by extension 'ignore_ament_install'
[0.499s] colcon.colcon_core.package_identification Level 1 _identify(/home/corelab/GitHub/Basestation/V3_ws/src/Blimp) by extensions ['colcon_pkg']
[0.499s] colcon.colcon_core.package_identification Level 1 _identify(/home/corelab/GitHub/Basestation/V3_ws/src/Blimp) by extension 'colcon_pkg'
[0.499s] colcon.colcon_core.package_identification Level 1 _identify(/home/corelab/GitHub/Basestation/V3_ws/src/Blimp) by extensions ['colcon_meta']
[0.499s] colcon.colcon_core.package_identification Level 1 _identify(/home/corelab/GitHub/Basestation/V3_ws/src/Blimp) by extension 'colcon_meta'
[0.499s] colcon.colcon_core.package_identification Level 1 _identify(/home/corelab/GitHub/Basestation/V3_ws/src/Blimp) by extensions ['ros']
[0.499s] colcon.colcon_core.package_identification Level 1 _identify(/home/corelab/GitHub/Basestation/V3_ws/src/Blimp) by extension 'ros'
[0.500s] colcon.colcon_core.package_identification DEBUG Package '/home/corelab/GitHub/Basestation/V3_ws/src/Blimp' with type 'ros.ament_python' and name 'Blimp'
[0.500s] colcon.colcon_core.package_identification Level 1 _identify(/home/corelab/GitHub/Basestation/V3_ws/src/TestingPkg) by extensions ['ignore', 'ignore_ament_install']
[0.500s] colcon.colcon_core.package_identification Level 1 _identify(/home/corelab/GitHub/Basestation/V3_ws/src/TestingPkg) by extension 'ignore'
[0.500s] colcon.colcon_core.package_identification Level 1 _identify(/home/corelab/GitHub/Basestation/V3_ws/src/TestingPkg) by extension 'ignore_ament_install'
[0.500s] colcon.colcon_core.package_identification Level 1 _identify(/home/corelab/GitHub/Basestation/V3_ws/src/TestingPkg) by extensions ['colcon_pkg']
[0.500s] colcon.colcon_core.package_identification Level 1 _identify(/home/corelab/GitHub/Basestation/V3_ws/src/TestingPkg) by extension 'colcon_pkg'
[0.500s] colcon.colcon_core.package_identification Level 1 _identify(/home/corelab/GitHub/Basestation/V3_ws/src/TestingPkg) by extensions ['colcon_meta']
[0.500s] colcon.colcon_core.package_identification Level 1 _identify(/home/corelab/GitHub/Basestation/V3_ws/src/TestingPkg) by extension 'colcon_meta'
[0.500s] colcon.colcon_core.package_identification Level 1 _identify(/home/corelab/GitHub/Basestation/V3_ws/src/TestingPkg) by extensions ['ros']
[0.500s] colcon.colcon_core.package_identification Level 1 _identify(/home/corelab/GitHub/Basestation/V3_ws/src/TestingPkg) by extension 'ros'
[0.500s] colcon.colcon_core.package_identification DEBUG Package '/home/corelab/GitHub/Basestation/V3_ws/src/TestingPkg' with type 'ros.ament_python' and name 'TestingPkg'
[0.500s] colcon.colcon_core.package_discovery Level 1 discover_packages(recursive) using defaults
